[07.05.2023] [10:56:53] INFO [main] com.qmetry.qaf.automation.core.ConfigurationManager (ConfigurationManager.java:170) - ISFW build info: {qaf-Type=core, qaf-Revision=0, qaf-Version=3.0, qaf-Build-Time=26-Jul-2020 22:16:34}
[07.05.2023] [10:56:53] INFO [main] com.qmetry.qaf.automation.core.ConfigurationManager (ConfigurationManager.java:222) - Resource dir: D:\Quantum-Starter-Kit-master\src\main\resources\common. Found property files to load: 1
[07.05.2023] [10:56:53] INFO [main] com.qmetry.qaf.automation.core.ConfigurationManager (ConfigurationManager.java:236) - Resource dir: D:\Quantum-Starter-Kit-master\src\main\resources\common. Found property files to load: 1
[07.05.2023] [10:56:54] INFO [main] com.qmetry.qaf.automation.step.client.gherkin.GherkinScenarioFactory (ScenarioFactory.java:76) - scenario.file.loc[Ljava.lang.String;@6e0f5f7f
[07.05.2023] [10:56:54] INFO [main] com.qmetry.qaf.automation.step.client.text.BehaviorScanner (GherkinFileParser.java:109) - loading feature file: D:\Quantum-Starter-Kit-master\src\main\resources\scenarios\01firstRun.feature
[07.05.2023] [10:56:54] INFO [main] com.qmetry.qaf.automation.step.client.text.BehaviorScanner (GherkinFileParser.java:109) - loading feature file: D:\Quantum-Starter-Kit-master\src\main\resources\scenarios\02sampleTestCase.feature
[07.05.2023] [10:56:54] INFO [main] com.qmetry.qaf.automation.step.client.text.BehaviorScanner (GherkinFileParser.java:109) - loading feature file: D:\Quantum-Starter-Kit-master\src\main\resources\scenarios\03createTest.feature
[07.05.2023] [10:56:54] INFO [main] com.qmetry.qaf.automation.step.client.text.BehaviorScanner (GherkinFileParser.java:109) - loading feature file: D:\Quantum-Starter-Kit-master\src\main\resources\scenarios\04apiAutomation.feature
[07.05.2023] [10:56:54] INFO [main] com.qmetry.qaf.automation.step.client.text.BehaviorScanner (GherkinFileParser.java:109) - loading feature file: D:\Quantum-Starter-Kit-master\src\main\resources\scenarios\APITestAutomation.feature
[07.05.2023] [10:56:54] INFO [main] com.qmetry.qaf.automation.step.client.text.BehaviorScanner (GherkinFileParser.java:109) - loading feature file: D:\Quantum-Starter-Kit-master\src\main\resources\scenarios\appium.feature
[07.05.2023] [10:56:54] INFO [main] com.qmetry.qaf.automation.step.client.text.BehaviorScanner (GherkinFileParser.java:109) - loading feature file: D:\Quantum-Starter-Kit-master\src\main\resources\scenarios\Suitshealthdev.feature
[07.05.2023] [10:56:54] INFO [main] com.qmetry.qaf.automation.step.client.text.BehaviorScanner (GherkinFileParser.java:109) - loading feature file: D:\Quantum-Starter-Kit-master\src\main\resources\scenarios\webSearch.feature
[07.05.2023] [10:56:54] INFO [main] com.qmetry.qaf.automation.step.client.gherkin.GherkinScenarioFactory (ScenarioFactory.java:82) - total test found: 6
[07.05.2023] [10:56:54] INFO [main] com.qmetry.qaf.automation.step.client.gherkin.GherkinScenarioFactory (ScenarioFactory.java:76) - scenario.file.loc[Ljava.lang.String;@7068e664
[07.05.2023] [10:56:54] INFO [main] com.qmetry.qaf.automation.step.client.text.BehaviorScanner (GherkinFileParser.java:109) - loading feature file: D:\Quantum-Starter-Kit-master\src\main\resources\scenarios\01firstRun.feature
[07.05.2023] [10:56:54] INFO [main] com.qmetry.qaf.automation.step.client.text.BehaviorScanner (GherkinFileParser.java:109) - loading feature file: D:\Quantum-Starter-Kit-master\src\main\resources\scenarios\02sampleTestCase.feature
[07.05.2023] [10:56:54] INFO [main] com.qmetry.qaf.automation.step.client.text.BehaviorScanner (GherkinFileParser.java:109) - loading feature file: D:\Quantum-Starter-Kit-master\src\main\resources\scenarios\03createTest.feature
[07.05.2023] [10:56:54] INFO [main] com.qmetry.qaf.automation.step.client.text.BehaviorScanner (GherkinFileParser.java:109) - loading feature file: D:\Quantum-Starter-Kit-master\src\main\resources\scenarios\04apiAutomation.feature
[07.05.2023] [10:56:54] INFO [main] com.qmetry.qaf.automation.step.client.text.BehaviorScanner (GherkinFileParser.java:109) - loading feature file: D:\Quantum-Starter-Kit-master\src\main\resources\scenarios\APITestAutomation.feature
[07.05.2023] [10:56:54] INFO [main] com.qmetry.qaf.automation.step.client.text.BehaviorScanner (GherkinFileParser.java:109) - loading feature file: D:\Quantum-Starter-Kit-master\src\main\resources\scenarios\appium.feature
[07.05.2023] [10:56:54] INFO [main] com.qmetry.qaf.automation.step.client.text.BehaviorScanner (GherkinFileParser.java:109) - loading feature file: D:\Quantum-Starter-Kit-master\src\main\resources\scenarios\Suitshealthdev.feature
[07.05.2023] [10:56:54] INFO [main] com.qmetry.qaf.automation.step.client.text.BehaviorScanner (GherkinFileParser.java:109) - loading feature file: D:\Quantum-Starter-Kit-master\src\main\resources\scenarios\webSearch.feature
[07.05.2023] [10:56:54] INFO [main] com.qmetry.qaf.automation.step.client.gherkin.GherkinScenarioFactory (ScenarioFactory.java:82) - total test found: 9
[07.05.2023] [10:56:54] INFO [main] com.qmetry.qaf.automation.step.client.gherkin.GherkinScenarioFactory (ScenarioFactory.java:76) - scenario.file.loc[Ljava.lang.String;@452e19ca
[07.05.2023] [10:56:54] INFO [main] com.qmetry.qaf.automation.step.client.text.BehaviorScanner (GherkinFileParser.java:109) - loading feature file: D:\Quantum-Starter-Kit-master\src\main\resources\scenarios\01firstRun.feature
[07.05.2023] [10:56:54] INFO [main] com.qmetry.qaf.automation.step.client.text.BehaviorScanner (GherkinFileParser.java:109) - loading feature file: D:\Quantum-Starter-Kit-master\src\main\resources\scenarios\02sampleTestCase.feature
[07.05.2023] [10:56:54] INFO [main] com.qmetry.qaf.automation.step.client.text.BehaviorScanner (GherkinFileParser.java:109) - loading feature file: D:\Quantum-Starter-Kit-master\src\main\resources\scenarios\03createTest.feature
[07.05.2023] [10:56:54] INFO [main] com.qmetry.qaf.automation.step.client.text.BehaviorScanner (GherkinFileParser.java:109) - loading feature file: D:\Quantum-Starter-Kit-master\src\main\resources\scenarios\04apiAutomation.feature
[07.05.2023] [10:56:54] INFO [main] com.qmetry.qaf.automation.step.client.text.BehaviorScanner (GherkinFileParser.java:109) - loading feature file: D:\Quantum-Starter-Kit-master\src\main\resources\scenarios\APITestAutomation.feature
[07.05.2023] [10:56:54] INFO [main] com.qmetry.qaf.automation.step.client.text.BehaviorScanner (GherkinFileParser.java:109) - loading feature file: D:\Quantum-Starter-Kit-master\src\main\resources\scenarios\appium.feature
[07.05.2023] [10:56:54] INFO [main] com.qmetry.qaf.automation.step.client.text.BehaviorScanner (GherkinFileParser.java:109) - loading feature file: D:\Quantum-Starter-Kit-master\src\main\resources\scenarios\Suitshealthdev.feature
[07.05.2023] [10:56:54] INFO [main] com.qmetry.qaf.automation.step.client.text.BehaviorScanner (GherkinFileParser.java:109) - loading feature file: D:\Quantum-Starter-Kit-master\src\main\resources\scenarios\webSearch.feature
[07.05.2023] [10:56:54] INFO [main] com.qmetry.qaf.automation.step.client.gherkin.GherkinScenarioFactory (ScenarioFactory.java:82) - total test found: 9
[07.05.2023] [10:56:54] INFO [main] com.qmetry.qaf.automation.step.client.gherkin.GherkinScenarioFactory (ScenarioFactory.java:76) - scenario.file.loc[Ljava.lang.String;@14a50707
[07.05.2023] [10:56:54] INFO [main] com.qmetry.qaf.automation.step.client.text.BehaviorScanner (GherkinFileParser.java:109) - loading feature file: D:\Quantum-Starter-Kit-master\src\main\resources\scenarios\01firstRun.feature
[07.05.2023] [10:56:54] INFO [main] com.qmetry.qaf.automation.step.client.text.BehaviorScanner (GherkinFileParser.java:109) - loading feature file: D:\Quantum-Starter-Kit-master\src\main\resources\scenarios\02sampleTestCase.feature
[07.05.2023] [10:56:54] INFO [main] com.qmetry.qaf.automation.step.client.text.BehaviorScanner (GherkinFileParser.java:109) - loading feature file: D:\Quantum-Starter-Kit-master\src\main\resources\scenarios\03createTest.feature
[07.05.2023] [10:56:54] INFO [main] com.qmetry.qaf.automation.step.client.text.BehaviorScanner (GherkinFileParser.java:109) - loading feature file: D:\Quantum-Starter-Kit-master\src\main\resources\scenarios\04apiAutomation.feature
[07.05.2023] [10:56:54] INFO [main] com.qmetry.qaf.automation.step.client.text.BehaviorScanner (GherkinFileParser.java:109) - loading feature file: D:\Quantum-Starter-Kit-master\src\main\resources\scenarios\APITestAutomation.feature
[07.05.2023] [10:56:54] INFO [main] com.qmetry.qaf.automation.step.client.text.BehaviorScanner (GherkinFileParser.java:109) - loading feature file: D:\Quantum-Starter-Kit-master\src\main\resources\scenarios\appium.feature
[07.05.2023] [10:56:54] INFO [main] com.qmetry.qaf.automation.step.client.text.BehaviorScanner (GherkinFileParser.java:109) - loading feature file: D:\Quantum-Starter-Kit-master\src\main\resources\scenarios\Suitshealthdev.feature
[07.05.2023] [10:56:54] INFO [main] com.qmetry.qaf.automation.step.client.text.BehaviorScanner (GherkinFileParser.java:109) - loading feature file: D:\Quantum-Starter-Kit-master\src\main\resources\scenarios\webSearch.feature
[07.05.2023] [10:56:54] INFO [main] com.qmetry.qaf.automation.step.client.gherkin.GherkinScenarioFactory (ScenarioFactory.java:82) - total test found: 1
[07.05.2023] [10:56:54] INFO [main] com.qmetry.qaf.automation.step.client.gherkin.GherkinScenarioFactory (ScenarioFactory.java:76) - scenario.file.loc[Ljava.lang.String;@2a225dd7
[07.05.2023] [10:56:54] INFO [main] com.qmetry.qaf.automation.step.client.text.BehaviorScanner (GherkinFileParser.java:109) - loading feature file: D:\Quantum-Starter-Kit-master\src\main\resources\scenarios\01firstRun.feature
[07.05.2023] [10:56:54] INFO [main] com.qmetry.qaf.automation.step.client.text.BehaviorScanner (GherkinFileParser.java:109) - loading feature file: D:\Quantum-Starter-Kit-master\src\main\resources\scenarios\02sampleTestCase.feature
[07.05.2023] [10:56:54] INFO [main] com.qmetry.qaf.automation.step.client.text.BehaviorScanner (GherkinFileParser.java:109) - loading feature file: D:\Quantum-Starter-Kit-master\src\main\resources\scenarios\03createTest.feature
[07.05.2023] [10:56:54] INFO [main] com.qmetry.qaf.automation.step.client.text.BehaviorScanner (GherkinFileParser.java:109) - loading feature file: D:\Quantum-Starter-Kit-master\src\main\resources\scenarios\04apiAutomation.feature
[07.05.2023] [10:56:54] INFO [main] com.qmetry.qaf.automation.step.client.text.BehaviorScanner (GherkinFileParser.java:109) - loading feature file: D:\Quantum-Starter-Kit-master\src\main\resources\scenarios\APITestAutomation.feature
[07.05.2023] [10:56:54] INFO [main] com.qmetry.qaf.automation.step.client.text.BehaviorScanner (GherkinFileParser.java:109) - loading feature file: D:\Quantum-Starter-Kit-master\src\main\resources\scenarios\appium.feature
[07.05.2023] [10:56:54] INFO [main] com.qmetry.qaf.automation.step.client.text.BehaviorScanner (GherkinFileParser.java:109) - loading feature file: D:\Quantum-Starter-Kit-master\src\main\resources\scenarios\Suitshealthdev.feature
[07.05.2023] [10:56:54] INFO [main] com.qmetry.qaf.automation.step.client.text.BehaviorScanner (GherkinFileParser.java:109) - loading feature file: D:\Quantum-Starter-Kit-master\src\main\resources\scenarios\webSearch.feature
[07.05.2023] [10:56:54] INFO [main] com.qmetry.qaf.automation.step.client.gherkin.GherkinScenarioFactory (ScenarioFactory.java:82) - total test found: 1
[07.05.2023] [10:56:54] INFO [main] com.qmetry.qaf.automation.step.client.gherkin.GherkinScenarioFactory (ScenarioFactory.java:76) - scenario.file.loc[Ljava.lang.String;@14f9390f
[07.05.2023] [10:56:54] INFO [main] com.qmetry.qaf.automation.step.client.text.BehaviorScanner (GherkinFileParser.java:109) - loading feature file: D:\Quantum-Starter-Kit-master\src\main\resources\scenarios\01firstRun.feature
[07.05.2023] [10:56:54] INFO [main] com.qmetry.qaf.automation.step.client.text.BehaviorScanner (GherkinFileParser.java:109) - loading feature file: D:\Quantum-Starter-Kit-master\src\main\resources\scenarios\02sampleTestCase.feature
[07.05.2023] [10:56:54] INFO [main] com.qmetry.qaf.automation.step.client.text.BehaviorScanner (GherkinFileParser.java:109) - loading feature file: D:\Quantum-Starter-Kit-master\src\main\resources\scenarios\03createTest.feature
[07.05.2023] [10:56:54] INFO [main] com.qmetry.qaf.automation.step.client.text.BehaviorScanner (GherkinFileParser.java:109) - loading feature file: D:\Quantum-Starter-Kit-master\src\main\resources\scenarios\04apiAutomation.feature
[07.05.2023] [10:56:54] INFO [main] com.qmetry.qaf.automation.step.client.text.BehaviorScanner (GherkinFileParser.java:109) - loading feature file: D:\Quantum-Starter-Kit-master\src\main\resources\scenarios\APITestAutomation.feature
[07.05.2023] [10:56:54] INFO [main] com.qmetry.qaf.automation.step.client.text.BehaviorScanner (GherkinFileParser.java:109) - loading feature file: D:\Quantum-Starter-Kit-master\src\main\resources\scenarios\appium.feature
[07.05.2023] [10:56:54] INFO [main] com.qmetry.qaf.automation.step.client.text.BehaviorScanner (GherkinFileParser.java:109) - loading feature file: D:\Quantum-Starter-Kit-master\src\main\resources\scenarios\Suitshealthdev.feature
[07.05.2023] [10:56:54] INFO [main] com.qmetry.qaf.automation.step.client.text.BehaviorScanner (GherkinFileParser.java:109) - loading feature file: D:\Quantum-Starter-Kit-master\src\main\resources\scenarios\webSearch.feature
[07.05.2023] [10:56:54] INFO [main] com.qmetry.qaf.automation.step.client.gherkin.GherkinScenarioFactory (ScenarioFactory.java:82) - total test found: 1
[07.05.2023] [10:56:54] INFO [main] com.qmetry.qaf.automation.step.client.gherkin.GherkinScenarioFactory (ScenarioFactory.java:76) - scenario.file.loc[Ljava.lang.String;@6bc407fd
[07.05.2023] [10:56:54] INFO [main] com.qmetry.qaf.automation.step.client.text.BehaviorScanner (GherkinFileParser.java:109) - loading feature file: D:\Quantum-Starter-Kit-master\src\main\resources\scenarios\01firstRun.feature
[07.05.2023] [10:56:54] INFO [main] com.qmetry.qaf.automation.step.client.text.BehaviorScanner (GherkinFileParser.java:109) - loading feature file: D:\Quantum-Starter-Kit-master\src\main\resources\scenarios\02sampleTestCase.feature
[07.05.2023] [10:56:54] INFO [main] com.qmetry.qaf.automation.step.client.text.BehaviorScanner (GherkinFileParser.java:109) - loading feature file: D:\Quantum-Starter-Kit-master\src\main\resources\scenarios\03createTest.feature
[07.05.2023] [10:56:54] INFO [main] com.qmetry.qaf.automation.step.client.text.BehaviorScanner (GherkinFileParser.java:109) - loading feature file: D:\Quantum-Starter-Kit-master\src\main\resources\scenarios\04apiAutomation.feature
[07.05.2023] [10:56:54] INFO [main] com.qmetry.qaf.automation.step.client.text.BehaviorScanner (GherkinFileParser.java:109) - loading feature file: D:\Quantum-Starter-Kit-master\src\main\resources\scenarios\APITestAutomation.feature
[07.05.2023] [10:56:54] INFO [main] com.qmetry.qaf.automation.step.client.text.BehaviorScanner (GherkinFileParser.java:109) - loading feature file: D:\Quantum-Starter-Kit-master\src\main\resources\scenarios\appium.feature
[07.05.2023] [10:56:54] INFO [main] com.qmetry.qaf.automation.step.client.text.BehaviorScanner (GherkinFileParser.java:109) - loading feature file: D:\Quantum-Starter-Kit-master\src\main\resources\scenarios\Suitshealthdev.feature
[07.05.2023] [10:56:54] INFO [main] com.qmetry.qaf.automation.step.client.text.BehaviorScanner (GherkinFileParser.java:109) - loading feature file: D:\Quantum-Starter-Kit-master\src\main\resources\scenarios\webSearch.feature
[07.05.2023] [10:56:54] INFO [main] com.qmetry.qaf.automation.step.client.gherkin.GherkinScenarioFactory (ScenarioFactory.java:82) - total test found: 1
[07.05.2023] [10:56:54] INFO [TestNG] com.qmetry.qaf.automation.core.ConfigurationManager (ConfigurationManager.java:453) - Adding resources from: src/main/resources/android
[07.05.2023] [10:56:54] INFO [TestNG] com.qmetry.qaf.automation.core.ConfigurationManager (ConfigurationManager.java:222) - Resource dir: D:\Quantum-Starter-Kit-master\src\main\resources\android. Found property files to load: 1
[07.05.2023] [10:56:54] INFO [TestNG] com.qmetry.qaf.automation.core.ConfigurationManager (ConfigurationManager.java:453) - Adding resources from: src/main/resources/ios
[07.05.2023] [10:56:54] INFO [TestNG] com.qmetry.qaf.automation.core.ConfigurationManager (ConfigurationManager.java:222) - Resource dir: D:\Quantum-Starter-Kit-master\src\main\resources\ios. Found property files to load: 1
[07.05.2023] [10:56:54] INFO [TestNG] com.qmetry.qaf.automation.core.ConfigurationManager (ConfigurationManager.java:236) - Resource dir: D:\Quantum-Starter-Kit-master\src\main\resources\android. Found property files to load: 0
[07.05.2023] [10:56:54] INFO [TestNG] com.qmetry.qaf.automation.core.ConfigurationManager (ConfigurationManager.java:236) - Resource dir: D:\Quantum-Starter-Kit-master\src\main\resources\ios. Found property files to load: 0
[07.05.2023] [10:56:54] INFO [TestNG] com.qmetry.qaf.automation.step.client.Scenario (Scenario.java:284) - 

Executing scenario: open Wikipedia - 
[07.05.2023] [10:56:54] INFO [TestNG] com.qmetry.qaf.automation.step.client.Scenario (Scenario.java:284) - 

Executing scenario: Verify Expense tracker Login - 
[07.05.2023] [10:56:54] INFO [TestNG] com.qmetry.qaf.automation.step.client.Scenario (Scenario.java:284) - 

Executing scenario: Verify Expense tracker Login - 
[07.05.2023] [10:56:54] INFO [TestNG] com.qmetry.qaf.automation.step.client.Scenario (Scenario.java:284) - 

Executing scenario: Search Quantum - 
[07.05.2023] [10:56:54] INFO [TestNG] com.qmetry.qaf.automation.step.JavaStepFinder (JavaStepFinder.java:69) - pkg: com.qmetry.qaf.automation.step
[07.05.2023] [10:56:54] INFO [TestNG] com.qmetry.qaf.automation.step.JavaStepFinder (JavaStepFinder.java:69) - pkg: com.qmetry.qaf.automation.step
[07.05.2023] [10:56:54] INFO [TestNG] com.qmetry.qaf.automation.step.JavaStepFinder (JavaStepFinder.java:69) - pkg: com.qmetry.qaf.automation.step
[07.05.2023] [10:56:54] INFO [TestNG] com.qmetry.qaf.automation.step.JavaStepFinder (JavaStepFinder.java:69) - pkg: com.qmetry.qaf.automation.step
[07.05.2023] [10:56:54] INFO [TestNG] com.qmetry.qaf.automation.core.ConfigurationManager (ConfigurationManager.java:453) - Adding resources from: src/main/resources/ios
[07.05.2023] [10:56:54] INFO [TestNG] com.qmetry.qaf.automation.core.ConfigurationManager (ConfigurationManager.java:222) - Resource dir: D:\Quantum-Starter-Kit-master\src\main\resources\ios. Found property files to load: 1
[07.05.2023] [10:56:54] INFO [TestNG] com.qmetry.qaf.automation.core.ConfigurationManager (ConfigurationManager.java:236) - Resource dir: D:\Quantum-Starter-Kit-master\src\main\resources\ios. Found property files to load: 0
[07.05.2023] [10:56:54] INFO [TestNG] com.qmetry.qaf.automation.step.client.Scenario (Scenario.java:284) - 

Executing scenario: open Wikipedia - 
[07.05.2023] [10:56:54] INFO [TestNG] com.qmetry.qaf.automation.step.JavaStepFinder (JavaStepFinder.java:69) - pkg: com.qmetry.qaf.automation.step
[07.05.2023] [10:56:54] INFO [TestNG] com.qmetry.qaf.automation.step.client.Scenario (Scenario.java:284) - 

Executing scenario: Verify Expense tracker Login - 
[07.05.2023] [10:56:54] INFO [TestNG] com.qmetry.qaf.automation.step.JavaStepFinder (JavaStepFinder.java:69) - pkg: com.qmetry.qaf.automation.step
[07.05.2023] [10:56:54] INFO [TestNG] com.qmetry.qaf.automation.core.ConfigurationManager (ConfigurationManager.java:453) - Adding resources from: src/main/resources/android
[07.05.2023] [10:56:54] INFO [TestNG] com.qmetry.qaf.automation.core.ConfigurationManager (ConfigurationManager.java:222) - Resource dir: D:\Quantum-Starter-Kit-master\src\main\resources\android. Found property files to load: 1
[07.05.2023] [10:56:54] INFO [TestNG] com.qmetry.qaf.automation.core.ConfigurationManager (ConfigurationManager.java:236) - Resource dir: D:\Quantum-Starter-Kit-master\src\main\resources\android. Found property files to load: 0
[07.05.2023] [10:56:54] INFO [TestNG] com.qmetry.qaf.automation.step.client.Scenario (Scenario.java:284) - 

Executing scenario: Verify Expense tracker Login - 
[07.05.2023] [10:56:54] INFO [TestNG] com.qmetry.qaf.automation.step.JavaStepFinder (JavaStepFinder.java:69) - pkg: com.qmetry.qaf.automation.step
[07.05.2023] [10:56:54] INFO [TestNG] com.qmetry.qaf.automation.step.JavaStepFinder (JavaStepFinder.java:69) - pkg: com.quantum.steps
[07.05.2023] [10:56:54] INFO [TestNG] com.qmetry.qaf.automation.step.JavaStepFinder (JavaStepFinder.java:69) - pkg: com.quantum.steps
[07.05.2023] [10:56:54] INFO [TestNG] com.qmetry.qaf.automation.step.JavaStepFinder (JavaStepFinder.java:69) - pkg: com.quantum.steps
[07.05.2023] [10:56:54] INFO [TestNG] com.qmetry.qaf.automation.step.JavaStepFinder (JavaStepFinder.java:69) - pkg: com.quantum.steps
[07.05.2023] [10:56:54] INFO [TestNG] com.qmetry.qaf.automation.step.JavaStepFinder (JavaStepFinder.java:69) - pkg: com.quantum.steps
[07.05.2023] [10:56:54] INFO [TestNG] com.qmetry.qaf.automation.step.JavaStepFinder (JavaStepFinder.java:69) - pkg: com.quantum.steps
[07.05.2023] [10:56:54] INFO [TestNG] com.qmetry.qaf.automation.step.JavaStepFinder (JavaStepFinder.java:69) - pkg: com.quantum.steps
[07.05.2023] [10:56:54] INFO [TestNG] com.qmetry.qaf.automation.step.TestStepListener (TestStepListener.java:71) - Invoking Teststep: Given I start application by id "io.perfecto.expense.tracker" with arguments: [io.perfecto.expense.tracker]
[07.05.2023] [10:56:54] INFO [TestNG] com.qmetry.qaf.automation.step.TestStepListener (TestStepListener.java:71) - Invoking Teststep: Given I start application by id "io.perfecto.expense.tracker" with arguments: [io.perfecto.expense.tracker]
[07.05.2023] [10:56:54] INFO [TestNG] com.qmetry.qaf.automation.step.TestStepListener (TestStepListener.java:71) - Invoking Teststep: Given I am on Google Search Page
[07.05.2023] [10:56:54] INFO [TestNG] com.qmetry.qaf.automation.core.QAFTestBase (QAFTestBase.java:471) - Initializing Driver...browser_str:chromeDriver,base_url:,sel_server:localhost,port:80
[07.05.2023] [10:56:54] INFO [TestNG] com.qmetry.qaf.automation.step.TestStepListener (TestStepListener.java:71) - Invoking Teststep: Given I start application by id "io.perfecto.expense.tracker" with arguments: [io.perfecto.expense.tracker]
[07.05.2023] [10:56:54] INFO [TestNG] com.qmetry.qaf.automation.core.QAFTestBase (QAFTestBase.java:471) - Initializing Driver...browser_str:perfectoDriver,base_url:,sel_server:localhost,port:80
[07.05.2023] [10:56:54] INFO [TestNG] com.qmetry.qaf.automation.step.TestStepListener (TestStepListener.java:71) - Invoking Teststep: Given I open browser to webpage "https://www.wikipedia.org/" with arguments: [https://www.wikipedia.org/]
[07.05.2023] [10:56:54] INFO [TestNG] com.qmetry.qaf.automation.core.QAFTestBase (QAFTestBase.java:471) - Initializing Driver...browser_str:perfectoDriver,base_url:,sel_server:localhost,port:80
[07.05.2023] [10:56:54] INFO [TestNG] com.qmetry.qaf.automation.core.QAFTestBase (QAFTestBase.java:471) - Initializing Driver...browser_str:perfectoDriver,base_url:,sel_server:localhost,port:80
[07.05.2023] [10:56:54] INFO [TestNG] com.qmetry.qaf.automation.core.QAFTestBase (QAFTestBase.java:471) - Initializing Driver...browser_str:chromeDriver,base_url:,sel_server:localhost,port:80
[07.05.2023] [10:56:54] INFO [TestNG] com.qmetry.qaf.automation.step.TestStepListener (TestStepListener.java:71) - Invoking Teststep: Given I start application by id "io.perfecto.expense.tracker" with arguments: [io.perfecto.expense.tracker]
[07.05.2023] [10:56:54] INFO [TestNG] com.qmetry.qaf.automation.core.QAFTestBase (QAFTestBase.java:471) - Initializing Driver...browser_str:perfectoDriver,base_url:,sel_server:localhost,port:80
[07.05.2023] [10:56:54] INFO [TestNG] com.qmetry.qaf.automation.step.TestStepListener (TestStepListener.java:71) - Invoking Teststep: Given I open browser to webpage "https://www.wikipedia.org/" with arguments: [https://www.wikipedia.org/]
[07.05.2023] [10:56:54] INFO [TestNG] com.qmetry.qaf.automation.core.QAFTestBase (QAFTestBase.java:471) - Initializing Driver...browser_str:chromeDriver,base_url:,sel_server:localhost,port:80
[07.05.2023] [10:56:54] INFO [TestNG] com.qmetry.qaf.automation.ui.UiDriverFactory (UiDriverFactory.java:85) - Driver: chromeDriver
[07.05.2023] [10:56:54] INFO [TestNG] com.qmetry.qaf.automation.ui.UiDriverFactory (UiDriverFactory.java:85) - Driver: chromeDriver
[07.05.2023] [10:56:54] INFO [TestNG] com.qmetry.qaf.automation.ui.UiDriverFactory (UiDriverFactory.java:85) - Driver: perfectoDriver
[07.05.2023] [10:56:54] INFO [TestNG] com.qmetry.qaf.automation.ui.UiDriverFactory (UiDriverFactory.java:85) - Driver: chromeDriver
[07.05.2023] [10:56:54] INFO [TestNG] com.qmetry.qaf.automation.ui.UiDriverFactory (UiDriverFactory.java:85) - Driver: perfectoDriver
[07.05.2023] [10:56:54] INFO [TestNG] com.qmetry.qaf.automation.ui.UiDriverFactory (UiDriverFactory.java:85) - Driver: perfectoDriver
[07.05.2023] [10:56:54] INFO [TestNG] com.qmetry.qaf.automation.ui.UiDriverFactory (UiDriverFactory.java:85) - Driver: perfectoDriver
[07.05.2023] [10:56:55] INFO [TestNG] com.qmetry.qaf.automation.ui.UiDriverFactory (UiDriverFactory.java:427) - Direct Driver Connect
[07.05.2023] [10:56:55] INFO [TestNG] com.qmetry.qaf.automation.ui.UiDriverFactory (UiDriverFactory.java:427) - Direct Driver Connect
[07.05.2023] [10:56:55] INFO [TestNG] com.qmetry.qaf.automation.ui.UiDriverFactory (UiDriverFactory.java:427) - Direct Driver Connect
[07.05.2023] [10:56:55] INFO [TestNG] com.qmetry.qaf.automation.ui.UiDriverFactory (UiDriverFactory.java:427) - Direct Driver Connect
[07.05.2023] [10:56:55] INFO [TestNG] com.qmetry.qaf.automation.ui.UiDriverFactory (UiDriverFactory.java:427) - Direct Driver Connect
[07.05.2023] [10:56:55] INFO [TestNG] com.qmetry.qaf.automation.ui.UiDriverFactory (UiDriverFactory.java:427) - Direct Driver Connect
[07.05.2023] [10:56:55] INFO [TestNG] com.qmetry.qaf.automation.ui.UiDriverFactory (UiDriverFactory.java:427) - Direct Driver Connect
[07.05.2023] [10:57:01] ERROR [TestNG] com.qmetry.qaf.automation.step.TestStepListener (TestStepListener.java:83) - Failure Teststep: Given I open browser to webpage "https://www.wikipedia.org/" with arguments: [https://www.wikipedia.org/]
org.openqa.selenium.TimeoutException: Timed out after 0 seconds: Unable to create driver instance in 1st attempt with retry timeout of 60 seconds. You can check/set value of 'driver.init.retry.timeout' appropriately to set retry timeout on driver initialization failure.
	at com.qmetry.qaf.automation.ui.util.DynamicWait.until(DynamicWait.java:168) ~[qaf-3.0.0.jar:?]
	at com.qmetry.qaf.automation.core.QAFTestBase.init(QAFTestBase.java:478) ~[qaf-3.0.0.jar:?]
	at com.qmetry.qaf.automation.core.QAFTestBase.getUiDriver(QAFTestBase.java:253) ~[qaf-3.0.0.jar:?]
	at com.qmetry.qaf.automation.ui.WebDriverTestBase.getDriver(WebDriverTestBase.java:44) ~[qaf-3.0.0.jar:?]
	at com.qmetry.qaf.automation.step.CommonStep.get_aroundBody24(CommonStep.java:296) ~[qaf-support-3.0.0.jar:?]
	at com.qmetry.qaf.automation.step.CommonStep$AjcClosure25.run(CommonStep.java:1) ~[qaf-support-3.0.0.jar:?]
	at org.aspectj.runtime.reflect.JoinPointImpl.proceed(JoinPointImpl.java:167) ~[aspectjweaver-1.9.4.jar:?]
	at com.qmetry.qaf.automation.step.JavaStepReporter.javaTestStep(JavaStepReporter.java:93) ~[qaf-3.0.0.jar:?]
	at com.qmetry.qaf.automation.step.CommonStep.get(CommonStep.java:295) ~[qaf-support-3.0.0.jar:?]
	at com.quantum.steps.PerfectoApplicationSteps.navigateToURL(PerfectoApplicationSteps.java:576) ~[quantum-support-1.23.0.jar:?]
	at sun.reflect.NativeMethodAccessorImpl.invoke0(Native Method) ~[?:1.8.0_171]
	at sun.reflect.NativeMethodAccessorImpl.invoke(NativeMethodAccessorImpl.java:62) ~[?:1.8.0_171]
	at sun.reflect.DelegatingMethodAccessorImpl.invoke(DelegatingMethodAccessorImpl.java:43) ~[?:1.8.0_171]
	at java.lang.reflect.Method.invoke(Method.java:498) ~[?:1.8.0_171]
	at com.qmetry.qaf.automation.step.JavaStep.doExecute(JavaStep.java:150) ~[qaf-3.0.0.jar:?]
	at com.qmetry.qaf.automation.step.BaseTestStep.execute(BaseTestStep.java:149) [qaf-3.0.0.jar:?]
	at com.qmetry.qaf.automation.step.StringTestStep.execute(StringTestStep.java:127) [qaf-3.0.0.jar:?]
	at com.qmetry.qaf.automation.step.client.Scenario.execute(Scenario.java:174) [qaf-3.0.0.jar:?]
	at com.qmetry.qaf.automation.step.client.Scenario.scenario(Scenario.java:237) [qaf-3.0.0.jar:?]
	at sun.reflect.NativeMethodAccessorImpl.invoke0(Native Method) ~[?:1.8.0_171]
	at sun.reflect.NativeMethodAccessorImpl.invoke(NativeMethodAccessorImpl.java:62) ~[?:1.8.0_171]
	at sun.reflect.DelegatingMethodAccessorImpl.invoke(DelegatingMethodAccessorImpl.java:43) ~[?:1.8.0_171]
	at java.lang.reflect.Method.invoke(Method.java:498) ~[?:1.8.0_171]
	at org.testng.internal.MethodInvocationHelper.invokeMethod(MethodInvocationHelper.java:104) [testng-6.10.jar:?]
	at org.testng.internal.Invoker.invokeMethod(Invoker.java:645) [testng-6.10.jar:?]
	at org.testng.internal.Invoker.invokeTestMethod(Invoker.java:851) [testng-6.10.jar:?]
	at org.testng.internal.Invoker.invokeTestMethods(Invoker.java:1177) [testng-6.10.jar:?]
	at org.testng.internal.TestMethodWorker.invokeTestMethods(TestMethodWorker.java:129) [testng-6.10.jar:?]
	at org.testng.internal.TestMethodWorker.run(TestMethodWorker.java:112) [testng-6.10.jar:?]
	at org.testng.TestRunner.privateRun(TestRunner.java:778) [qaf-3.0.0.jar:?]
	at org.testng.TestRunner.run(TestRunner.java:632) [qaf-3.0.0.jar:?]
	at org.testng.SuiteRunner.runTest(SuiteRunner.java:387) [testng-6.10.jar:?]
	at org.testng.SuiteRunner.access$000(SuiteRunner.java:39) [testng-6.10.jar:?]
	at org.testng.SuiteRunner$SuiteWorker.run(SuiteRunner.java:421) [testng-6.10.jar:?]
	at org.testng.internal.thread.ThreadUtil$2.call(ThreadUtil.java:64) [testng-6.10.jar:?]
	at java.util.concurrent.FutureTask.run(FutureTask.java:266) [?:1.8.0_171]
	at java.util.concurrent.ThreadPoolExecutor.runWorker(ThreadPoolExecutor.java:1149) [?:1.8.0_171]
	at java.util.concurrent.ThreadPoolExecutor$Worker.run(ThreadPoolExecutor.java:624) [?:1.8.0_171]
	at java.lang.Thread.run(Thread.java:748) [?:1.8.0_171]
Caused by: org.openqa.selenium.WebDriverException: Unable to create driver instance in 1st attempt with retry timeout of 60 seconds. You can check/set value of 'driver.init.retry.timeout' appropriately to set retry timeout on driver initialization failure.
Build info: version: '3.141.59', revision: 'e82be7d358', time: '2018-11-14T08:17:03'
System info: host: 'VISHWAA', ip: '192.168.0.105', os.name: 'Windows 10', os.arch: 'amd64', os.version: '10.0', java.version: '1.8.0_171'
Driver info: driver.version: unknown
	at com.qmetry.qaf.automation.core.QAFTestBase$DriverInitExpectedCondition.apply(QAFTestBase.java:572) ~[qaf-3.0.0.jar:?]
	at com.qmetry.qaf.automation.core.QAFTestBase$DriverInitExpectedCondition.apply(QAFTestBase.java:1) ~[qaf-3.0.0.jar:?]
	at com.qmetry.qaf.automation.ui.util.DynamicWait.until(DynamicWait.java:147) ~[qaf-3.0.0.jar:?]
	... 38 more
Caused by: java.lang.ClassNotFoundException: com.thoughtworks.selenium.CommandProcessor
	at java.net.URLClassLoader.findClass(URLClassLoader.java:381) ~[?:1.8.0_171]
	at java.lang.ClassLoader.loadClass(ClassLoader.java:424) ~[?:1.8.0_171]
	at sun.misc.Launcher$AppClassLoader.loadClass(Launcher.java:349) ~[?:1.8.0_171]
	at java.lang.ClassLoader.loadClass(ClassLoader.java:357) ~[?:1.8.0_171]
	at com.qmetry.qaf.automation.ui.UiDriverFactory.get(UiDriverFactory.java:96) ~[quantum-support-1.23.0.jar:?]
	at com.qmetry.qaf.automation.core.QAFTestBase$DriverInitExpectedCondition.apply(QAFTestBase.java:568) ~[qaf-3.0.0.jar:?]
	at com.qmetry.qaf.automation.core.QAFTestBase$DriverInitExpectedCondition.apply(QAFTestBase.java:1) ~[qaf-3.0.0.jar:?]
	at com.qmetry.qaf.automation.ui.util.DynamicWait.until(DynamicWait.java:147) ~[qaf-3.0.0.jar:?]
	... 38 more
[07.05.2023] [10:57:01] ERROR [TestNG] com.qmetry.qaf.automation.step.TestStepListener (TestStepListener.java:83) - Failure Teststep: Given I open browser to webpage "https://www.wikipedia.org/" with arguments: [https://www.wikipedia.org/]
org.openqa.selenium.TimeoutException: Timed out after 0 seconds: Unable to create driver instance in 1st attempt with retry timeout of 60 seconds. You can check/set value of 'driver.init.retry.timeout' appropriately to set retry timeout on driver initialization failure.
	at com.qmetry.qaf.automation.ui.util.DynamicWait.until(DynamicWait.java:168) ~[qaf-3.0.0.jar:?]
	at com.qmetry.qaf.automation.core.QAFTestBase.init(QAFTestBase.java:478) ~[qaf-3.0.0.jar:?]
	at com.qmetry.qaf.automation.core.QAFTestBase.getUiDriver(QAFTestBase.java:253) ~[qaf-3.0.0.jar:?]
	at com.qmetry.qaf.automation.ui.WebDriverTestBase.getDriver(WebDriverTestBase.java:44) ~[qaf-3.0.0.jar:?]
	at com.qmetry.qaf.automation.step.CommonStep.get_aroundBody24(CommonStep.java:296) ~[qaf-support-3.0.0.jar:?]
	at com.qmetry.qaf.automation.step.CommonStep$AjcClosure25.run(CommonStep.java:1) ~[qaf-support-3.0.0.jar:?]
	at org.aspectj.runtime.reflect.JoinPointImpl.proceed(JoinPointImpl.java:167) ~[aspectjweaver-1.9.4.jar:?]
	at com.qmetry.qaf.automation.step.JavaStepReporter.javaTestStep(JavaStepReporter.java:93) ~[qaf-3.0.0.jar:?]
	at com.qmetry.qaf.automation.step.CommonStep.get(CommonStep.java:295) ~[qaf-support-3.0.0.jar:?]
	at com.quantum.steps.PerfectoApplicationSteps.navigateToURL(PerfectoApplicationSteps.java:576) ~[quantum-support-1.23.0.jar:?]
	at sun.reflect.NativeMethodAccessorImpl.invoke0(Native Method) ~[?:1.8.0_171]
	at sun.reflect.NativeMethodAccessorImpl.invoke(NativeMethodAccessorImpl.java:62) ~[?:1.8.0_171]
	at sun.reflect.DelegatingMethodAccessorImpl.invoke(DelegatingMethodAccessorImpl.java:43) ~[?:1.8.0_171]
	at java.lang.reflect.Method.invoke(Method.java:498) ~[?:1.8.0_171]
	at com.qmetry.qaf.automation.step.JavaStep.doExecute(JavaStep.java:150) ~[qaf-3.0.0.jar:?]
	at com.qmetry.qaf.automation.step.BaseTestStep.execute(BaseTestStep.java:149) [qaf-3.0.0.jar:?]
	at com.qmetry.qaf.automation.step.StringTestStep.execute(StringTestStep.java:127) [qaf-3.0.0.jar:?]
	at com.qmetry.qaf.automation.step.client.Scenario.execute(Scenario.java:174) [qaf-3.0.0.jar:?]
	at com.qmetry.qaf.automation.step.client.Scenario.scenario(Scenario.java:237) [qaf-3.0.0.jar:?]
	at sun.reflect.NativeMethodAccessorImpl.invoke0(Native Method) ~[?:1.8.0_171]
	at sun.reflect.NativeMethodAccessorImpl.invoke(NativeMethodAccessorImpl.java:62) ~[?:1.8.0_171]
	at sun.reflect.DelegatingMethodAccessorImpl.invoke(DelegatingMethodAccessorImpl.java:43) ~[?:1.8.0_171]
	at java.lang.reflect.Method.invoke(Method.java:498) ~[?:1.8.0_171]
	at org.testng.internal.MethodInvocationHelper.invokeMethod(MethodInvocationHelper.java:104) [testng-6.10.jar:?]
	at org.testng.internal.Invoker.invokeMethod(Invoker.java:645) [testng-6.10.jar:?]
	at org.testng.internal.Invoker.invokeTestMethod(Invoker.java:851) [testng-6.10.jar:?]
	at org.testng.internal.Invoker.invokeTestMethods(Invoker.java:1177) [testng-6.10.jar:?]
	at org.testng.internal.TestMethodWorker.invokeTestMethods(TestMethodWorker.java:129) [testng-6.10.jar:?]
	at org.testng.internal.TestMethodWorker.run(TestMethodWorker.java:112) [testng-6.10.jar:?]
	at org.testng.TestRunner.privateRun(TestRunner.java:778) [qaf-3.0.0.jar:?]
	at org.testng.TestRunner.run(TestRunner.java:632) [qaf-3.0.0.jar:?]
	at org.testng.SuiteRunner.runTest(SuiteRunner.java:387) [testng-6.10.jar:?]
	at org.testng.SuiteRunner.access$000(SuiteRunner.java:39) [testng-6.10.jar:?]
	at org.testng.SuiteRunner$SuiteWorker.run(SuiteRunner.java:421) [testng-6.10.jar:?]
	at org.testng.internal.thread.ThreadUtil$2.call(ThreadUtil.java:64) [testng-6.10.jar:?]
	at java.util.concurrent.FutureTask.run(FutureTask.java:266) [?:1.8.0_171]
	at java.util.concurrent.ThreadPoolExecutor.runWorker(ThreadPoolExecutor.java:1149) [?:1.8.0_171]
	at java.util.concurrent.ThreadPoolExecutor$Worker.run(ThreadPoolExecutor.java:624) [?:1.8.0_171]
	at java.lang.Thread.run(Thread.java:748) [?:1.8.0_171]
Caused by: org.openqa.selenium.WebDriverException: Unable to create driver instance in 1st attempt with retry timeout of 60 seconds. You can check/set value of 'driver.init.retry.timeout' appropriately to set retry timeout on driver initialization failure.
Build info: version: '3.141.59', revision: 'e82be7d358', time: '2018-11-14T08:17:03'
System info: host: 'VISHWAA', ip: '192.168.0.105', os.name: 'Windows 10', os.arch: 'amd64', os.version: '10.0', java.version: '1.8.0_171'
Driver info: driver.version: unknown
	at com.qmetry.qaf.automation.core.QAFTestBase$DriverInitExpectedCondition.apply(QAFTestBase.java:572) ~[qaf-3.0.0.jar:?]
	at com.qmetry.qaf.automation.core.QAFTestBase$DriverInitExpectedCondition.apply(QAFTestBase.java:1) ~[qaf-3.0.0.jar:?]
	at com.qmetry.qaf.automation.ui.util.DynamicWait.until(DynamicWait.java:147) ~[qaf-3.0.0.jar:?]
	... 38 more
Caused by: java.lang.ClassNotFoundException: com.thoughtworks.selenium.CommandProcessor
	at java.net.URLClassLoader.findClass(URLClassLoader.java:381) ~[?:1.8.0_171]
	at java.lang.ClassLoader.loadClass(ClassLoader.java:424) ~[?:1.8.0_171]
	at sun.misc.Launcher$AppClassLoader.loadClass(Launcher.java:349) ~[?:1.8.0_171]
	at java.lang.ClassLoader.loadClass(ClassLoader.java:357) ~[?:1.8.0_171]
	at com.qmetry.qaf.automation.ui.UiDriverFactory.get(UiDriverFactory.java:96) ~[quantum-support-1.23.0.jar:?]
	at com.qmetry.qaf.automation.core.QAFTestBase$DriverInitExpectedCondition.apply(QAFTestBase.java:568) ~[qaf-3.0.0.jar:?]
	at com.qmetry.qaf.automation.core.QAFTestBase$DriverInitExpectedCondition.apply(QAFTestBase.java:1) ~[qaf-3.0.0.jar:?]
	at com.qmetry.qaf.automation.ui.util.DynamicWait.until(DynamicWait.java:147) ~[qaf-3.0.0.jar:?]
	... 38 more
[07.05.2023] [10:57:01] INFO [TestNG] com.qmetry.qaf.automation.step.TestStepListener (TestStepListener.java:91) - Completed Teststep: Given I open browser to webpage "https://www.wikipedia.org/" with arguments: [https://www.wikipedia.org/]
[07.05.2023] [10:57:01] INFO [TestNG] com.qmetry.qaf.automation.step.TestStepListener (TestStepListener.java:91) - Completed Teststep: Given I open browser to webpage "https://www.wikipedia.org/" with arguments: [https://www.wikipedia.org/]
[07.05.2023] [10:57:01] INFO [TestNG] com.qmetry.qaf.automation.step.client.Scenario (Scenario.java:223) - Competed scenario: open Wikipedia with status FAILURE
[07.05.2023] [10:57:01] INFO [TestNG] com.qmetry.qaf.automation.step.client.Scenario (Scenario.java:223) - Competed scenario: open Wikipedia with status FAILURE
[07.05.2023] [10:57:01] INFO [TestNG] com.qmetry.qaf.automation.step.client.Scenario (Scenario.java:284) - 

Executing scenario: search for term - 
[07.05.2023] [10:57:01] INFO [TestNG] com.qmetry.qaf.automation.step.TestStepListener (TestStepListener.java:71) - Invoking Teststep: Given I open browser to webpage "https://www.wikipedia.org/" with arguments: [https://www.wikipedia.org/]
[07.05.2023] [10:57:01] INFO [TestNG] com.qmetry.qaf.automation.step.client.Scenario (Scenario.java:284) - 

Executing scenario: search for term - 
[07.05.2023] [10:57:01] INFO [TestNG] com.qmetry.qaf.automation.core.QAFTestBase (QAFTestBase.java:471) - Initializing Driver...browser_str:chromeDriver,base_url:,sel_server:localhost,port:80
[07.05.2023] [10:57:01] INFO [TestNG] com.qmetry.qaf.automation.ui.UiDriverFactory (UiDriverFactory.java:85) - Driver: chromeDriver
[07.05.2023] [10:57:01] INFO [TestNG] com.qmetry.qaf.automation.ui.UiDriverFactory (UiDriverFactory.java:427) - Direct Driver Connect
[07.05.2023] [10:57:01] INFO [TestNG] com.qmetry.qaf.automation.step.TestStepListener (TestStepListener.java:71) - Invoking Teststep: Given I open browser to webpage "https://www.wikipedia.org/" with arguments: [https://www.wikipedia.org/]
[07.05.2023] [10:57:01] INFO [TestNG] com.qmetry.qaf.automation.core.QAFTestBase (QAFTestBase.java:471) - Initializing Driver...browser_str:chromeDriver,base_url:,sel_server:localhost,port:80
[07.05.2023] [10:57:01] INFO [TestNG] com.qmetry.qaf.automation.ui.UiDriverFactory (UiDriverFactory.java:85) - Driver: chromeDriver
[07.05.2023] [10:57:01] INFO [TestNG] com.qmetry.qaf.automation.ui.UiDriverFactory (UiDriverFactory.java:427) - Direct Driver Connect
[07.05.2023] [10:57:02] ERROR [TestNG] com.qmetry.qaf.automation.step.TestStepListener (TestStepListener.java:83) - Failure Teststep: Given I open browser to webpage "https://www.wikipedia.org/" with arguments: [https://www.wikipedia.org/]
org.openqa.selenium.TimeoutException: Timed out after 0 seconds: Unable to create driver instance in 1st attempt with retry timeout of 60 seconds. You can check/set value of 'driver.init.retry.timeout' appropriately to set retry timeout on driver initialization failure.
	at com.qmetry.qaf.automation.ui.util.DynamicWait.until(DynamicWait.java:168) ~[qaf-3.0.0.jar:?]
	at com.qmetry.qaf.automation.core.QAFTestBase.init(QAFTestBase.java:478) ~[qaf-3.0.0.jar:?]
	at com.qmetry.qaf.automation.core.QAFTestBase.getUiDriver(QAFTestBase.java:253) ~[qaf-3.0.0.jar:?]
	at com.qmetry.qaf.automation.ui.WebDriverTestBase.getDriver(WebDriverTestBase.java:44) ~[qaf-3.0.0.jar:?]
	at com.qmetry.qaf.automation.step.CommonStep.get_aroundBody24(CommonStep.java:296) ~[qaf-support-3.0.0.jar:?]
	at com.qmetry.qaf.automation.step.CommonStep$AjcClosure25.run(CommonStep.java:1) ~[qaf-support-3.0.0.jar:?]
	at org.aspectj.runtime.reflect.JoinPointImpl.proceed(JoinPointImpl.java:167) ~[aspectjweaver-1.9.4.jar:?]
	at com.qmetry.qaf.automation.step.JavaStepReporter.javaTestStep(JavaStepReporter.java:93) ~[qaf-3.0.0.jar:?]
	at com.qmetry.qaf.automation.step.CommonStep.get(CommonStep.java:295) ~[qaf-support-3.0.0.jar:?]
	at com.quantum.steps.PerfectoApplicationSteps.navigateToURL(PerfectoApplicationSteps.java:576) ~[quantum-support-1.23.0.jar:?]
	at sun.reflect.NativeMethodAccessorImpl.invoke0(Native Method) ~[?:1.8.0_171]
	at sun.reflect.NativeMethodAccessorImpl.invoke(NativeMethodAccessorImpl.java:62) ~[?:1.8.0_171]
	at sun.reflect.DelegatingMethodAccessorImpl.invoke(DelegatingMethodAccessorImpl.java:43) ~[?:1.8.0_171]
	at java.lang.reflect.Method.invoke(Method.java:498) ~[?:1.8.0_171]
	at com.qmetry.qaf.automation.step.JavaStep.doExecute(JavaStep.java:150) ~[qaf-3.0.0.jar:?]
	at com.qmetry.qaf.automation.step.BaseTestStep.execute(BaseTestStep.java:149) [qaf-3.0.0.jar:?]
	at com.qmetry.qaf.automation.step.StringTestStep.execute(StringTestStep.java:127) [qaf-3.0.0.jar:?]
	at com.qmetry.qaf.automation.step.client.Scenario.execute(Scenario.java:174) [qaf-3.0.0.jar:?]
	at com.qmetry.qaf.automation.step.client.Scenario.scenario(Scenario.java:237) [qaf-3.0.0.jar:?]
	at sun.reflect.NativeMethodAccessorImpl.invoke0(Native Method) ~[?:1.8.0_171]
	at sun.reflect.NativeMethodAccessorImpl.invoke(NativeMethodAccessorImpl.java:62) ~[?:1.8.0_171]
	at sun.reflect.DelegatingMethodAccessorImpl.invoke(DelegatingMethodAccessorImpl.java:43) ~[?:1.8.0_171]
	at java.lang.reflect.Method.invoke(Method.java:498) ~[?:1.8.0_171]
	at org.testng.internal.MethodInvocationHelper.invokeMethod(MethodInvocationHelper.java:104) [testng-6.10.jar:?]
	at org.testng.internal.Invoker.invokeMethod(Invoker.java:645) [testng-6.10.jar:?]
	at org.testng.internal.Invoker.invokeTestMethod(Invoker.java:851) [testng-6.10.jar:?]
	at org.testng.internal.Invoker.invokeTestMethods(Invoker.java:1177) [testng-6.10.jar:?]
	at org.testng.internal.TestMethodWorker.invokeTestMethods(TestMethodWorker.java:129) [testng-6.10.jar:?]
	at org.testng.internal.TestMethodWorker.run(TestMethodWorker.java:112) [testng-6.10.jar:?]
	at org.testng.TestRunner.privateRun(TestRunner.java:778) [qaf-3.0.0.jar:?]
	at org.testng.TestRunner.run(TestRunner.java:632) [qaf-3.0.0.jar:?]
	at org.testng.SuiteRunner.runTest(SuiteRunner.java:387) [testng-6.10.jar:?]
	at org.testng.SuiteRunner.access$000(SuiteRunner.java:39) [testng-6.10.jar:?]
	at org.testng.SuiteRunner$SuiteWorker.run(SuiteRunner.java:421) [testng-6.10.jar:?]
	at org.testng.internal.thread.ThreadUtil$2.call(ThreadUtil.java:64) [testng-6.10.jar:?]
	at java.util.concurrent.FutureTask.run(FutureTask.java:266) [?:1.8.0_171]
	at java.util.concurrent.ThreadPoolExecutor.runWorker(ThreadPoolExecutor.java:1149) [?:1.8.0_171]
	at java.util.concurrent.ThreadPoolExecutor$Worker.run(ThreadPoolExecutor.java:624) [?:1.8.0_171]
	at java.lang.Thread.run(Thread.java:748) [?:1.8.0_171]
Caused by: org.openqa.selenium.WebDriverException: Unable to create driver instance in 1st attempt with retry timeout of 60 seconds. You can check/set value of 'driver.init.retry.timeout' appropriately to set retry timeout on driver initialization failure.
Build info: version: '3.141.59', revision: 'e82be7d358', time: '2018-11-14T08:17:03'
System info: host: 'VISHWAA', ip: '192.168.0.105', os.name: 'Windows 10', os.arch: 'amd64', os.version: '10.0', java.version: '1.8.0_171'
Driver info: driver.version: unknown
	at com.qmetry.qaf.automation.core.QAFTestBase$DriverInitExpectedCondition.apply(QAFTestBase.java:572) ~[qaf-3.0.0.jar:?]
	at com.qmetry.qaf.automation.core.QAFTestBase$DriverInitExpectedCondition.apply(QAFTestBase.java:1) ~[qaf-3.0.0.jar:?]
	at com.qmetry.qaf.automation.ui.util.DynamicWait.until(DynamicWait.java:147) ~[qaf-3.0.0.jar:?]
	... 38 more
Caused by: java.lang.ClassNotFoundException: com.thoughtworks.selenium.CommandProcessor
	at java.net.URLClassLoader.findClass(URLClassLoader.java:381) ~[?:1.8.0_171]
	at java.lang.ClassLoader.loadClass(ClassLoader.java:424) ~[?:1.8.0_171]
	at sun.misc.Launcher$AppClassLoader.loadClass(Launcher.java:349) ~[?:1.8.0_171]
	at java.lang.ClassLoader.loadClass(ClassLoader.java:357) ~[?:1.8.0_171]
	at com.qmetry.qaf.automation.ui.UiDriverFactory.get(UiDriverFactory.java:96) ~[quantum-support-1.23.0.jar:?]
	at com.qmetry.qaf.automation.core.QAFTestBase$DriverInitExpectedCondition.apply(QAFTestBase.java:568) ~[qaf-3.0.0.jar:?]
	at com.qmetry.qaf.automation.core.QAFTestBase$DriverInitExpectedCondition.apply(QAFTestBase.java:1) ~[qaf-3.0.0.jar:?]
	at com.qmetry.qaf.automation.ui.util.DynamicWait.until(DynamicWait.java:147) ~[qaf-3.0.0.jar:?]
	... 38 more
[07.05.2023] [10:57:02] INFO [TestNG] com.qmetry.qaf.automation.step.TestStepListener (TestStepListener.java:91) - Completed Teststep: Given I open browser to webpage "https://www.wikipedia.org/" with arguments: [https://www.wikipedia.org/]
[07.05.2023] [10:57:02] INFO [TestNG] com.qmetry.qaf.automation.step.client.Scenario (Scenario.java:223) - Competed scenario: search for term with status FAILURE
[07.05.2023] [10:57:02] INFO [TestNG] com.qmetry.qaf.automation.step.client.Scenario (Scenario.java:284) - 

Executing scenario: search for term with objects file - 
[07.05.2023] [10:57:02] INFO [TestNG] com.qmetry.qaf.automation.step.TestStepListener (TestStepListener.java:71) - Invoking Teststep: Given I open browser to webpage "https://www.wikipedia.org/" with arguments: [https://www.wikipedia.org/]
[07.05.2023] [10:57:02] INFO [TestNG] com.qmetry.qaf.automation.core.QAFTestBase (QAFTestBase.java:471) - Initializing Driver...browser_str:chromeDriver,base_url:,sel_server:localhost,port:80
[07.05.2023] [10:57:02] INFO [TestNG] com.qmetry.qaf.automation.ui.UiDriverFactory (UiDriverFactory.java:85) - Driver: chromeDriver
[07.05.2023] [10:57:02] INFO [TestNG] com.qmetry.qaf.automation.ui.UiDriverFactory (UiDriverFactory.java:427) - Direct Driver Connect
[07.05.2023] [10:57:02] ERROR [TestNG] com.qmetry.qaf.automation.step.TestStepListener (TestStepListener.java:83) - Failure Teststep: Given I open browser to webpage "https://www.wikipedia.org/" with arguments: [https://www.wikipedia.org/]
org.openqa.selenium.TimeoutException: Timed out after 0 seconds: Unable to create driver instance in 1st attempt with retry timeout of 60 seconds. You can check/set value of 'driver.init.retry.timeout' appropriately to set retry timeout on driver initialization failure.
	at com.qmetry.qaf.automation.ui.util.DynamicWait.until(DynamicWait.java:168) ~[qaf-3.0.0.jar:?]
	at com.qmetry.qaf.automation.core.QAFTestBase.init(QAFTestBase.java:478) ~[qaf-3.0.0.jar:?]
	at com.qmetry.qaf.automation.core.QAFTestBase.getUiDriver(QAFTestBase.java:253) ~[qaf-3.0.0.jar:?]
	at com.qmetry.qaf.automation.ui.WebDriverTestBase.getDriver(WebDriverTestBase.java:44) ~[qaf-3.0.0.jar:?]
	at com.qmetry.qaf.automation.step.CommonStep.get_aroundBody24(CommonStep.java:296) ~[qaf-support-3.0.0.jar:?]
	at com.qmetry.qaf.automation.step.CommonStep$AjcClosure25.run(CommonStep.java:1) ~[qaf-support-3.0.0.jar:?]
	at org.aspectj.runtime.reflect.JoinPointImpl.proceed(JoinPointImpl.java:167) ~[aspectjweaver-1.9.4.jar:?]
	at com.qmetry.qaf.automation.step.JavaStepReporter.javaTestStep(JavaStepReporter.java:93) ~[qaf-3.0.0.jar:?]
	at com.qmetry.qaf.automation.step.CommonStep.get(CommonStep.java:295) ~[qaf-support-3.0.0.jar:?]
	at com.quantum.steps.PerfectoApplicationSteps.navigateToURL(PerfectoApplicationSteps.java:576) ~[quantum-support-1.23.0.jar:?]
	at sun.reflect.NativeMethodAccessorImpl.invoke0(Native Method) ~[?:1.8.0_171]
	at sun.reflect.NativeMethodAccessorImpl.invoke(NativeMethodAccessorImpl.java:62) ~[?:1.8.0_171]
	at sun.reflect.DelegatingMethodAccessorImpl.invoke(DelegatingMethodAccessorImpl.java:43) ~[?:1.8.0_171]
	at java.lang.reflect.Method.invoke(Method.java:498) ~[?:1.8.0_171]
	at com.qmetry.qaf.automation.step.JavaStep.doExecute(JavaStep.java:150) ~[qaf-3.0.0.jar:?]
	at com.qmetry.qaf.automation.step.BaseTestStep.execute(BaseTestStep.java:149) [qaf-3.0.0.jar:?]
	at com.qmetry.qaf.automation.step.StringTestStep.execute(StringTestStep.java:127) [qaf-3.0.0.jar:?]
	at com.qmetry.qaf.automation.step.client.Scenario.execute(Scenario.java:174) [qaf-3.0.0.jar:?]
	at com.qmetry.qaf.automation.step.client.Scenario.scenario(Scenario.java:237) [qaf-3.0.0.jar:?]
	at sun.reflect.NativeMethodAccessorImpl.invoke0(Native Method) ~[?:1.8.0_171]
	at sun.reflect.NativeMethodAccessorImpl.invoke(NativeMethodAccessorImpl.java:62) ~[?:1.8.0_171]
	at sun.reflect.DelegatingMethodAccessorImpl.invoke(DelegatingMethodAccessorImpl.java:43) ~[?:1.8.0_171]
	at java.lang.reflect.Method.invoke(Method.java:498) ~[?:1.8.0_171]
	at org.testng.internal.MethodInvocationHelper.invokeMethod(MethodInvocationHelper.java:104) [testng-6.10.jar:?]
	at org.testng.internal.Invoker.invokeMethod(Invoker.java:645) [testng-6.10.jar:?]
	at org.testng.internal.Invoker.invokeTestMethod(Invoker.java:851) [testng-6.10.jar:?]
	at org.testng.internal.Invoker.invokeTestMethods(Invoker.java:1177) [testng-6.10.jar:?]
	at org.testng.internal.TestMethodWorker.invokeTestMethods(TestMethodWorker.java:129) [testng-6.10.jar:?]
	at org.testng.internal.TestMethodWorker.run(TestMethodWorker.java:112) [testng-6.10.jar:?]
	at org.testng.TestRunner.privateRun(TestRunner.java:778) [qaf-3.0.0.jar:?]
	at org.testng.TestRunner.run(TestRunner.java:632) [qaf-3.0.0.jar:?]
	at org.testng.SuiteRunner.runTest(SuiteRunner.java:387) [testng-6.10.jar:?]
	at org.testng.SuiteRunner.access$000(SuiteRunner.java:39) [testng-6.10.jar:?]
	at org.testng.SuiteRunner$SuiteWorker.run(SuiteRunner.java:421) [testng-6.10.jar:?]
	at org.testng.internal.thread.ThreadUtil$2.call(ThreadUtil.java:64) [testng-6.10.jar:?]
	at java.util.concurrent.FutureTask.run(FutureTask.java:266) [?:1.8.0_171]
	at java.util.concurrent.ThreadPoolExecutor.runWorker(ThreadPoolExecutor.java:1149) [?:1.8.0_171]
	at java.util.concurrent.ThreadPoolExecutor$Worker.run(ThreadPoolExecutor.java:624) [?:1.8.0_171]
	at java.lang.Thread.run(Thread.java:748) [?:1.8.0_171]
Caused by: org.openqa.selenium.WebDriverException: Unable to create driver instance in 1st attempt with retry timeout of 60 seconds. You can check/set value of 'driver.init.retry.timeout' appropriately to set retry timeout on driver initialization failure.
Build info: version: '3.141.59', revision: 'e82be7d358', time: '2018-11-14T08:17:03'
System info: host: 'VISHWAA', ip: '192.168.0.105', os.name: 'Windows 10', os.arch: 'amd64', os.version: '10.0', java.version: '1.8.0_171'
Driver info: driver.version: unknown
	at com.qmetry.qaf.automation.core.QAFTestBase$DriverInitExpectedCondition.apply(QAFTestBase.java:572) ~[qaf-3.0.0.jar:?]
	at com.qmetry.qaf.automation.core.QAFTestBase$DriverInitExpectedCondition.apply(QAFTestBase.java:1) ~[qaf-3.0.0.jar:?]
	at com.qmetry.qaf.automation.ui.util.DynamicWait.until(DynamicWait.java:147) ~[qaf-3.0.0.jar:?]
	... 38 more
Caused by: java.lang.ClassNotFoundException: com.thoughtworks.selenium.CommandProcessor
	at java.net.URLClassLoader.findClass(URLClassLoader.java:381) ~[?:1.8.0_171]
	at java.lang.ClassLoader.loadClass(ClassLoader.java:424) ~[?:1.8.0_171]
	at sun.misc.Launcher$AppClassLoader.loadClass(Launcher.java:349) ~[?:1.8.0_171]
	at java.lang.ClassLoader.loadClass(ClassLoader.java:357) ~[?:1.8.0_171]
	at com.qmetry.qaf.automation.ui.UiDriverFactory.get(UiDriverFactory.java:96) ~[quantum-support-1.23.0.jar:?]
	at com.qmetry.qaf.automation.core.QAFTestBase$DriverInitExpectedCondition.apply(QAFTestBase.java:568) ~[qaf-3.0.0.jar:?]
	at com.qmetry.qaf.automation.core.QAFTestBase$DriverInitExpectedCondition.apply(QAFTestBase.java:1) ~[qaf-3.0.0.jar:?]
	at com.qmetry.qaf.automation.ui.util.DynamicWait.until(DynamicWait.java:147) ~[qaf-3.0.0.jar:?]
	... 38 more
[07.05.2023] [10:57:02] INFO [TestNG] com.qmetry.qaf.automation.step.TestStepListener (TestStepListener.java:91) - Completed Teststep: Given I open browser to webpage "https://www.wikipedia.org/" with arguments: [https://www.wikipedia.org/]
[07.05.2023] [10:57:02] INFO [TestNG] com.qmetry.qaf.automation.step.client.Scenario (Scenario.java:223) - Competed scenario: search for term with status FAILURE
[07.05.2023] [10:57:02] INFO [TestNG] com.qmetry.qaf.automation.step.client.Scenario (Scenario.java:284) - 

Executing scenario: search for term with objects file - 
[07.05.2023] [10:57:02] INFO [TestNG] com.qmetry.qaf.automation.step.TestStepListener (TestStepListener.java:71) - Invoking Teststep: Given I open browser to webpage "https://www.wikipedia.org/" with arguments: [https://www.wikipedia.org/]
[07.05.2023] [10:57:02] INFO [TestNG] com.qmetry.qaf.automation.core.QAFTestBase (QAFTestBase.java:471) - Initializing Driver...browser_str:chromeDriver,base_url:,sel_server:localhost,port:80
[07.05.2023] [10:57:02] INFO [TestNG] com.qmetry.qaf.automation.ui.UiDriverFactory (UiDriverFactory.java:85) - Driver: chromeDriver
[07.05.2023] [10:57:02] INFO [TestNG] com.qmetry.qaf.automation.ui.UiDriverFactory (UiDriverFactory.java:427) - Direct Driver Connect
[07.05.2023] [10:57:02] ERROR [TestNG] com.qmetry.qaf.automation.step.TestStepListener (TestStepListener.java:83) - Failure Teststep: Given I open browser to webpage "https://www.wikipedia.org/" with arguments: [https://www.wikipedia.org/]
org.openqa.selenium.TimeoutException: Timed out after 0 seconds: Unable to create driver instance in 1st attempt with retry timeout of 60 seconds. You can check/set value of 'driver.init.retry.timeout' appropriately to set retry timeout on driver initialization failure.
	at com.qmetry.qaf.automation.ui.util.DynamicWait.until(DynamicWait.java:168) ~[qaf-3.0.0.jar:?]
	at com.qmetry.qaf.automation.core.QAFTestBase.init(QAFTestBase.java:478) ~[qaf-3.0.0.jar:?]
	at com.qmetry.qaf.automation.core.QAFTestBase.getUiDriver(QAFTestBase.java:253) ~[qaf-3.0.0.jar:?]
	at com.qmetry.qaf.automation.ui.WebDriverTestBase.getDriver(WebDriverTestBase.java:44) ~[qaf-3.0.0.jar:?]
	at com.qmetry.qaf.automation.step.CommonStep.get_aroundBody24(CommonStep.java:296) ~[qaf-support-3.0.0.jar:?]
	at com.qmetry.qaf.automation.step.CommonStep$AjcClosure25.run(CommonStep.java:1) ~[qaf-support-3.0.0.jar:?]
	at org.aspectj.runtime.reflect.JoinPointImpl.proceed(JoinPointImpl.java:167) ~[aspectjweaver-1.9.4.jar:?]
	at com.qmetry.qaf.automation.step.JavaStepReporter.javaTestStep(JavaStepReporter.java:93) ~[qaf-3.0.0.jar:?]
	at com.qmetry.qaf.automation.step.CommonStep.get(CommonStep.java:295) ~[qaf-support-3.0.0.jar:?]
	at com.quantum.steps.PerfectoApplicationSteps.navigateToURL(PerfectoApplicationSteps.java:576) ~[quantum-support-1.23.0.jar:?]
	at sun.reflect.NativeMethodAccessorImpl.invoke0(Native Method) ~[?:1.8.0_171]
	at sun.reflect.NativeMethodAccessorImpl.invoke(NativeMethodAccessorImpl.java:62) ~[?:1.8.0_171]
	at sun.reflect.DelegatingMethodAccessorImpl.invoke(DelegatingMethodAccessorImpl.java:43) ~[?:1.8.0_171]
	at java.lang.reflect.Method.invoke(Method.java:498) ~[?:1.8.0_171]
	at com.qmetry.qaf.automation.step.JavaStep.doExecute(JavaStep.java:150) ~[qaf-3.0.0.jar:?]
	at com.qmetry.qaf.automation.step.BaseTestStep.execute(BaseTestStep.java:149) [qaf-3.0.0.jar:?]
	at com.qmetry.qaf.automation.step.StringTestStep.execute(StringTestStep.java:127) [qaf-3.0.0.jar:?]
	at com.qmetry.qaf.automation.step.client.Scenario.execute(Scenario.java:174) [qaf-3.0.0.jar:?]
	at com.qmetry.qaf.automation.step.client.Scenario.scenario(Scenario.java:237) [qaf-3.0.0.jar:?]
	at sun.reflect.NativeMethodAccessorImpl.invoke0(Native Method) ~[?:1.8.0_171]
	at sun.reflect.NativeMethodAccessorImpl.invoke(NativeMethodAccessorImpl.java:62) ~[?:1.8.0_171]
	at sun.reflect.DelegatingMethodAccessorImpl.invoke(DelegatingMethodAccessorImpl.java:43) ~[?:1.8.0_171]
	at java.lang.reflect.Method.invoke(Method.java:498) ~[?:1.8.0_171]
	at org.testng.internal.MethodInvocationHelper.invokeMethod(MethodInvocationHelper.java:104) [testng-6.10.jar:?]
	at org.testng.internal.Invoker.invokeMethod(Invoker.java:645) [testng-6.10.jar:?]
	at org.testng.internal.Invoker.invokeTestMethod(Invoker.java:851) [testng-6.10.jar:?]
	at org.testng.internal.Invoker.invokeTestMethods(Invoker.java:1177) [testng-6.10.jar:?]
	at org.testng.internal.TestMethodWorker.invokeTestMethods(TestMethodWorker.java:129) [testng-6.10.jar:?]
	at org.testng.internal.TestMethodWorker.run(TestMethodWorker.java:112) [testng-6.10.jar:?]
	at org.testng.TestRunner.privateRun(TestRunner.java:778) [qaf-3.0.0.jar:?]
	at org.testng.TestRunner.run(TestRunner.java:632) [qaf-3.0.0.jar:?]
	at org.testng.SuiteRunner.runTest(SuiteRunner.java:387) [testng-6.10.jar:?]
	at org.testng.SuiteRunner.access$000(SuiteRunner.java:39) [testng-6.10.jar:?]
	at org.testng.SuiteRunner$SuiteWorker.run(SuiteRunner.java:421) [testng-6.10.jar:?]
	at org.testng.internal.thread.ThreadUtil$2.call(ThreadUtil.java:64) [testng-6.10.jar:?]
	at java.util.concurrent.FutureTask.run(FutureTask.java:266) [?:1.8.0_171]
	at java.util.concurrent.ThreadPoolExecutor.runWorker(ThreadPoolExecutor.java:1149) [?:1.8.0_171]
	at java.util.concurrent.ThreadPoolExecutor$Worker.run(ThreadPoolExecutor.java:624) [?:1.8.0_171]
	at java.lang.Thread.run(Thread.java:748) [?:1.8.0_171]
Caused by: org.openqa.selenium.WebDriverException: Unable to create driver instance in 1st attempt with retry timeout of 60 seconds. You can check/set value of 'driver.init.retry.timeout' appropriately to set retry timeout on driver initialization failure.
Build info: version: '3.141.59', revision: 'e82be7d358', time: '2018-11-14T08:17:03'
System info: host: 'VISHWAA', ip: '192.168.0.105', os.name: 'Windows 10', os.arch: 'amd64', os.version: '10.0', java.version: '1.8.0_171'
Driver info: driver.version: unknown
	at com.qmetry.qaf.automation.core.QAFTestBase$DriverInitExpectedCondition.apply(QAFTestBase.java:572) ~[qaf-3.0.0.jar:?]
	at com.qmetry.qaf.automation.core.QAFTestBase$DriverInitExpectedCondition.apply(QAFTestBase.java:1) ~[qaf-3.0.0.jar:?]
	at com.qmetry.qaf.automation.ui.util.DynamicWait.until(DynamicWait.java:147) ~[qaf-3.0.0.jar:?]
	... 38 more
Caused by: java.lang.ClassNotFoundException: com.thoughtworks.selenium.CommandProcessor
	at java.net.URLClassLoader.findClass(URLClassLoader.java:381) ~[?:1.8.0_171]
	at java.lang.ClassLoader.loadClass(ClassLoader.java:424) ~[?:1.8.0_171]
	at sun.misc.Launcher$AppClassLoader.loadClass(Launcher.java:349) ~[?:1.8.0_171]
	at java.lang.ClassLoader.loadClass(ClassLoader.java:357) ~[?:1.8.0_171]
	at com.qmetry.qaf.automation.ui.UiDriverFactory.get(UiDriverFactory.java:96) ~[quantum-support-1.23.0.jar:?]
	at com.qmetry.qaf.automation.core.QAFTestBase$DriverInitExpectedCondition.apply(QAFTestBase.java:568) ~[qaf-3.0.0.jar:?]
	at com.qmetry.qaf.automation.core.QAFTestBase$DriverInitExpectedCondition.apply(QAFTestBase.java:1) ~[qaf-3.0.0.jar:?]
	at com.qmetry.qaf.automation.ui.util.DynamicWait.until(DynamicWait.java:147) ~[qaf-3.0.0.jar:?]
	... 38 more
[07.05.2023] [10:57:02] INFO [TestNG] com.qmetry.qaf.automation.step.TestStepListener (TestStepListener.java:91) - Completed Teststep: Given I open browser to webpage "https://www.wikipedia.org/" with arguments: [https://www.wikipedia.org/]
[07.05.2023] [10:57:02] INFO [TestNG] com.qmetry.qaf.automation.step.client.Scenario (Scenario.java:223) - Competed scenario: search for term with objects file with status FAILURE
[07.05.2023] [10:57:02] INFO [TestNG] com.qmetry.qaf.automation.step.client.Scenario (Scenario.java:284) - 

Executing scenario: Search Quantum - 
[07.05.2023] [10:57:02] INFO [TestNG] com.qmetry.qaf.automation.step.TestStepListener (TestStepListener.java:71) - Invoking Teststep: Given I am on Google Search Page
[07.05.2023] [10:57:02] INFO [TestNG] com.qmetry.qaf.automation.core.QAFTestBase (QAFTestBase.java:471) - Initializing Driver...browser_str:chromeDriver,base_url:,sel_server:localhost,port:80
[07.05.2023] [10:57:02] INFO [TestNG] com.qmetry.qaf.automation.ui.UiDriverFactory (UiDriverFactory.java:85) - Driver: chromeDriver
[07.05.2023] [10:57:02] INFO [TestNG] com.qmetry.qaf.automation.ui.UiDriverFactory (UiDriverFactory.java:427) - Direct Driver Connect
[07.05.2023] [10:57:02] ERROR [TestNG] com.qmetry.qaf.automation.step.TestStepListener (TestStepListener.java:83) - Failure Teststep: Given I open browser to webpage "https://www.wikipedia.org/" with arguments: [https://www.wikipedia.org/]
org.openqa.selenium.TimeoutException: Timed out after 0 seconds: Unable to create driver instance in 1st attempt with retry timeout of 60 seconds. You can check/set value of 'driver.init.retry.timeout' appropriately to set retry timeout on driver initialization failure.
	at com.qmetry.qaf.automation.ui.util.DynamicWait.until(DynamicWait.java:168) ~[qaf-3.0.0.jar:?]
	at com.qmetry.qaf.automation.core.QAFTestBase.init(QAFTestBase.java:478) ~[qaf-3.0.0.jar:?]
	at com.qmetry.qaf.automation.core.QAFTestBase.getUiDriver(QAFTestBase.java:253) ~[qaf-3.0.0.jar:?]
	at com.qmetry.qaf.automation.ui.WebDriverTestBase.getDriver(WebDriverTestBase.java:44) ~[qaf-3.0.0.jar:?]
	at com.qmetry.qaf.automation.step.CommonStep.get_aroundBody24(CommonStep.java:296) ~[qaf-support-3.0.0.jar:?]
	at com.qmetry.qaf.automation.step.CommonStep$AjcClosure25.run(CommonStep.java:1) ~[qaf-support-3.0.0.jar:?]
	at org.aspectj.runtime.reflect.JoinPointImpl.proceed(JoinPointImpl.java:167) ~[aspectjweaver-1.9.4.jar:?]
	at com.qmetry.qaf.automation.step.JavaStepReporter.javaTestStep(JavaStepReporter.java:93) ~[qaf-3.0.0.jar:?]
	at com.qmetry.qaf.automation.step.CommonStep.get(CommonStep.java:295) ~[qaf-support-3.0.0.jar:?]
	at com.quantum.steps.PerfectoApplicationSteps.navigateToURL(PerfectoApplicationSteps.java:576) ~[quantum-support-1.23.0.jar:?]
	at sun.reflect.NativeMethodAccessorImpl.invoke0(Native Method) ~[?:1.8.0_171]
	at sun.reflect.NativeMethodAccessorImpl.invoke(NativeMethodAccessorImpl.java:62) ~[?:1.8.0_171]
	at sun.reflect.DelegatingMethodAccessorImpl.invoke(DelegatingMethodAccessorImpl.java:43) ~[?:1.8.0_171]
	at java.lang.reflect.Method.invoke(Method.java:498) ~[?:1.8.0_171]
	at com.qmetry.qaf.automation.step.JavaStep.doExecute(JavaStep.java:150) ~[qaf-3.0.0.jar:?]
	at com.qmetry.qaf.automation.step.BaseTestStep.execute(BaseTestStep.java:149) [qaf-3.0.0.jar:?]
	at com.qmetry.qaf.automation.step.StringTestStep.execute(StringTestStep.java:127) [qaf-3.0.0.jar:?]
	at com.qmetry.qaf.automation.step.client.Scenario.execute(Scenario.java:174) [qaf-3.0.0.jar:?]
	at com.qmetry.qaf.automation.step.client.Scenario.scenario(Scenario.java:237) [qaf-3.0.0.jar:?]
	at sun.reflect.NativeMethodAccessorImpl.invoke0(Native Method) ~[?:1.8.0_171]
	at sun.reflect.NativeMethodAccessorImpl.invoke(NativeMethodAccessorImpl.java:62) ~[?:1.8.0_171]
	at sun.reflect.DelegatingMethodAccessorImpl.invoke(DelegatingMethodAccessorImpl.java:43) ~[?:1.8.0_171]
	at java.lang.reflect.Method.invoke(Method.java:498) ~[?:1.8.0_171]
	at org.testng.internal.MethodInvocationHelper.invokeMethod(MethodInvocationHelper.java:104) [testng-6.10.jar:?]
	at org.testng.internal.Invoker.invokeMethod(Invoker.java:645) [testng-6.10.jar:?]
	at org.testng.internal.Invoker.invokeTestMethod(Invoker.java:851) [testng-6.10.jar:?]
	at org.testng.internal.Invoker.invokeTestMethods(Invoker.java:1177) [testng-6.10.jar:?]
	at org.testng.internal.TestMethodWorker.invokeTestMethods(TestMethodWorker.java:129) [testng-6.10.jar:?]
	at org.testng.internal.TestMethodWorker.run(TestMethodWorker.java:112) [testng-6.10.jar:?]
	at org.testng.TestRunner.privateRun(TestRunner.java:778) [qaf-3.0.0.jar:?]
	at org.testng.TestRunner.run(TestRunner.java:632) [qaf-3.0.0.jar:?]
	at org.testng.SuiteRunner.runTest(SuiteRunner.java:387) [testng-6.10.jar:?]
	at org.testng.SuiteRunner.access$000(SuiteRunner.java:39) [testng-6.10.jar:?]
	at org.testng.SuiteRunner$SuiteWorker.run(SuiteRunner.java:421) [testng-6.10.jar:?]
	at org.testng.internal.thread.ThreadUtil$2.call(ThreadUtil.java:64) [testng-6.10.jar:?]
	at java.util.concurrent.FutureTask.run(FutureTask.java:266) [?:1.8.0_171]
	at java.util.concurrent.ThreadPoolExecutor.runWorker(ThreadPoolExecutor.java:1149) [?:1.8.0_171]
	at java.util.concurrent.ThreadPoolExecutor$Worker.run(ThreadPoolExecutor.java:624) [?:1.8.0_171]
	at java.lang.Thread.run(Thread.java:748) [?:1.8.0_171]
Caused by: org.openqa.selenium.WebDriverException: Unable to create driver instance in 1st attempt with retry timeout of 60 seconds. You can check/set value of 'driver.init.retry.timeout' appropriately to set retry timeout on driver initialization failure.
Build info: version: '3.141.59', revision: 'e82be7d358', time: '2018-11-14T08:17:03'
System info: host: 'VISHWAA', ip: '192.168.0.105', os.name: 'Windows 10', os.arch: 'amd64', os.version: '10.0', java.version: '1.8.0_171'
Driver info: driver.version: unknown
	at com.qmetry.qaf.automation.core.QAFTestBase$DriverInitExpectedCondition.apply(QAFTestBase.java:572) ~[qaf-3.0.0.jar:?]
	at com.qmetry.qaf.automation.core.QAFTestBase$DriverInitExpectedCondition.apply(QAFTestBase.java:1) ~[qaf-3.0.0.jar:?]
	at com.qmetry.qaf.automation.ui.util.DynamicWait.until(DynamicWait.java:147) ~[qaf-3.0.0.jar:?]
	... 38 more
Caused by: java.lang.ClassNotFoundException: com.thoughtworks.selenium.CommandProcessor
	at java.net.URLClassLoader.findClass(URLClassLoader.java:381) ~[?:1.8.0_171]
	at java.lang.ClassLoader.loadClass(ClassLoader.java:424) ~[?:1.8.0_171]
	at sun.misc.Launcher$AppClassLoader.loadClass(Launcher.java:349) ~[?:1.8.0_171]
	at java.lang.ClassLoader.loadClass(ClassLoader.java:357) ~[?:1.8.0_171]
	at com.qmetry.qaf.automation.ui.UiDriverFactory.get(UiDriverFactory.java:96) ~[quantum-support-1.23.0.jar:?]
	at com.qmetry.qaf.automation.core.QAFTestBase$DriverInitExpectedCondition.apply(QAFTestBase.java:568) ~[qaf-3.0.0.jar:?]
	at com.qmetry.qaf.automation.core.QAFTestBase$DriverInitExpectedCondition.apply(QAFTestBase.java:1) ~[qaf-3.0.0.jar:?]
	at com.qmetry.qaf.automation.ui.util.DynamicWait.until(DynamicWait.java:147) ~[qaf-3.0.0.jar:?]
	... 38 more
[07.05.2023] [10:57:02] INFO [TestNG] com.qmetry.qaf.automation.step.TestStepListener (TestStepListener.java:91) - Completed Teststep: Given I open browser to webpage "https://www.wikipedia.org/" with arguments: [https://www.wikipedia.org/]
[07.05.2023] [10:57:02] INFO [TestNG] com.qmetry.qaf.automation.step.client.Scenario (Scenario.java:223) - Competed scenario: search for term with objects file with status FAILURE
[07.05.2023] [10:57:02] INFO [TestNG] com.qmetry.qaf.automation.core.QAFTestBase (QAFTestBase.java:471) - Initializing Driver...browser_str:chromeDriver,base_url:,sel_server:localhost,port:80
[07.05.2023] [10:57:02] INFO [TestNG] com.qmetry.qaf.automation.ui.UiDriverFactory (UiDriverFactory.java:85) - Driver: chromeDriver
[07.05.2023] [10:57:02] INFO [TestNG] com.qmetry.qaf.automation.ui.UiDriverFactory (UiDriverFactory.java:427) - Direct Driver Connect
[07.05.2023] [10:57:02] INFO [TestNG] com.qmetry.qaf.automation.step.client.Scenario (Scenario.java:284) - 

Executing scenario: Search Quantum - 
[07.05.2023] [10:57:02] INFO [TestNG] com.qmetry.qaf.automation.step.TestStepListener (TestStepListener.java:71) - Invoking Teststep: Given I am on Google Search Page
[07.05.2023] [10:57:02] INFO [TestNG] com.qmetry.qaf.automation.core.QAFTestBase (QAFTestBase.java:471) - Initializing Driver...browser_str:chromeDriver,base_url:,sel_server:localhost,port:80
[07.05.2023] [10:57:02] INFO [TestNG] com.qmetry.qaf.automation.ui.UiDriverFactory (UiDriverFactory.java:85) - Driver: chromeDriver
[07.05.2023] [10:57:02] INFO [TestNG] com.qmetry.qaf.automation.ui.UiDriverFactory (UiDriverFactory.java:427) - Direct Driver Connect
[07.05.2023] [10:57:02] ERROR [TestNG] com.qmetry.qaf.automation.step.TestStepListener (TestStepListener.java:83) - Failure Teststep: Given I am on Google Search Page
com.qmetry.qaf.automation.step.StepInvocationException: Unable to Instantiate JavaStep: I_am_on_Google_Search_Page[]
	at com.quantum.steps.GoogleStepDefs.I_am_on_Google_Search_Page(com.quantum.steps.GoogleStepDefs:0) ~[classes/:?]
[07.05.2023] [10:57:02] INFO [TestNG] com.qmetry.qaf.automation.step.TestStepListener (TestStepListener.java:91) - Completed Teststep: Given I am on Google Search Page
[07.05.2023] [10:57:02] INFO [TestNG] com.qmetry.qaf.automation.core.QAFTestBase (QAFTestBase.java:471) - Initializing Driver...browser_str:chromeDriver,base_url:,sel_server:localhost,port:80
[07.05.2023] [10:57:02] INFO [TestNG] com.qmetry.qaf.automation.ui.UiDriverFactory (UiDriverFactory.java:85) - Driver: chromeDriver
[07.05.2023] [10:57:02] INFO [TestNG] com.qmetry.qaf.automation.ui.UiDriverFactory (UiDriverFactory.java:427) - Direct Driver Connect
[07.05.2023] [10:57:02] INFO [TestNG] com.qmetry.qaf.automation.step.client.Scenario (Scenario.java:223) - Competed scenario: Search Quantum with status FAILURE
[07.05.2023] [10:57:02] INFO [TestNG] com.qmetry.qaf.automation.step.client.Scenario (Scenario.java:284) - 

Executing scenario: Search Quantum with results - 
[07.05.2023] [10:57:02] INFO [TestNG] com.qmetry.qaf.automation.step.TestStepListener (TestStepListener.java:71) - Invoking Teststep: Given I am on Google Search Page
[07.05.2023] [10:57:02] INFO [TestNG] com.qmetry.qaf.automation.core.QAFTestBase (QAFTestBase.java:471) - Initializing Driver...browser_str:chromeDriver,base_url:,sel_server:localhost,port:80
[07.05.2023] [10:57:02] INFO [TestNG] com.qmetry.qaf.automation.ui.UiDriverFactory (UiDriverFactory.java:85) - Driver: chromeDriver
[07.05.2023] [10:57:02] INFO [TestNG] com.qmetry.qaf.automation.ui.UiDriverFactory (UiDriverFactory.java:427) - Direct Driver Connect
[07.05.2023] [10:57:02] ERROR [TestNG] com.qmetry.qaf.automation.step.TestStepListener (TestStepListener.java:83) - Failure Teststep: Given I am on Google Search Page
com.qmetry.qaf.automation.step.StepInvocationException: Unable to Instantiate JavaStep: I_am_on_Google_Search_Page[]
	at com.quantum.steps.GoogleStepDefs.I_am_on_Google_Search_Page(com.quantum.steps.GoogleStepDefs:0) ~[classes/:?]
[07.05.2023] [10:57:02] INFO [TestNG] com.qmetry.qaf.automation.step.TestStepListener (TestStepListener.java:91) - Completed Teststep: Given I am on Google Search Page
[07.05.2023] [10:57:02] INFO [TestNG] com.qmetry.qaf.automation.core.QAFTestBase (QAFTestBase.java:471) - Initializing Driver...browser_str:chromeDriver,base_url:,sel_server:localhost,port:80
[07.05.2023] [10:57:02] INFO [TestNG] com.qmetry.qaf.automation.ui.UiDriverFactory (UiDriverFactory.java:85) - Driver: chromeDriver
[07.05.2023] [10:57:02] INFO [TestNG] com.qmetry.qaf.automation.ui.UiDriverFactory (UiDriverFactory.java:427) - Direct Driver Connect
[07.05.2023] [10:57:02] INFO [TestNG] com.qmetry.qaf.automation.step.client.Scenario (Scenario.java:223) - Competed scenario: Search Quantum with status FAILURE
[07.05.2023] [10:57:02] INFO [TestNG] com.qmetry.qaf.automation.step.client.Scenario (Scenario.java:284) - 

Executing scenario: Search Quantum with results - 
[07.05.2023] [10:57:02] INFO [TestNG] com.qmetry.qaf.automation.step.TestStepListener (TestStepListener.java:71) - Invoking Teststep: Given I am on Google Search Page
[07.05.2023] [10:57:02] INFO [TestNG] com.qmetry.qaf.automation.core.QAFTestBase (QAFTestBase.java:471) - Initializing Driver...browser_str:chromeDriver,base_url:,sel_server:localhost,port:80
[07.05.2023] [10:57:02] INFO [TestNG] com.qmetry.qaf.automation.ui.UiDriverFactory (UiDriverFactory.java:85) - Driver: chromeDriver
[07.05.2023] [10:57:02] INFO [TestNG] com.qmetry.qaf.automation.ui.UiDriverFactory (UiDriverFactory.java:427) - Direct Driver Connect
[07.05.2023] [10:57:03] ERROR [TestNG] com.qmetry.qaf.automation.step.TestStepListener (TestStepListener.java:83) - Failure Teststep: Given I am on Google Search Page
com.qmetry.qaf.automation.step.StepInvocationException: Unable to Instantiate JavaStep: I_am_on_Google_Search_Page[]
	at com.quantum.steps.GoogleStepDefs.I_am_on_Google_Search_Page(com.quantum.steps.GoogleStepDefs:0) ~[classes/:?]
[07.05.2023] [10:57:03] INFO [TestNG] com.qmetry.qaf.automation.step.TestStepListener (TestStepListener.java:91) - Completed Teststep: Given I am on Google Search Page
[07.05.2023] [10:57:03] INFO [TestNG] com.qmetry.qaf.automation.core.QAFTestBase (QAFTestBase.java:471) - Initializing Driver...browser_str:chromeDriver,base_url:,sel_server:localhost,port:80
[07.05.2023] [10:57:03] INFO [TestNG] com.qmetry.qaf.automation.step.client.Scenario (Scenario.java:223) - Competed scenario: Search Quantum with results with status FAILURE
[07.05.2023] [10:57:03] INFO [TestNG] com.qmetry.qaf.automation.ui.UiDriverFactory (UiDriverFactory.java:85) - Driver: chromeDriver
[07.05.2023] [10:57:03] INFO [TestNG] com.qmetry.qaf.automation.ui.UiDriverFactory (UiDriverFactory.java:427) - Direct Driver Connect
[07.05.2023] [10:57:03] INFO [TestNG] com.qmetry.qaf.automation.step.client.DataDrivenScenario (Scenario.java:284) - 

Executing scenario: Search Keyword Inline Data - 
[07.05.2023] [10:57:03] INFO [TestNG] com.qmetry.qaf.automation.step.client.DataDrivenScenario (DataDrivenScenario.java:60) - Test Data{recId=1, recDescription=First Data Set, searchKey=perfecto mobile quantum, searchResult=Quantum, __index=1}
[07.05.2023] [10:57:03] INFO [TestNG] com.qmetry.qaf.automation.step.TestStepListener (TestStepListener.java:71) - Invoking Teststep: Given I am on Google Search Page
[07.05.2023] [10:57:03] INFO [TestNG] com.qmetry.qaf.automation.core.QAFTestBase (QAFTestBase.java:471) - Initializing Driver...browser_str:chromeDriver,base_url:,sel_server:localhost,port:80
[07.05.2023] [10:57:03] INFO [TestNG] com.qmetry.qaf.automation.ui.UiDriverFactory (UiDriverFactory.java:85) - Driver: chromeDriver
[07.05.2023] [10:57:03] INFO [TestNG] com.qmetry.qaf.automation.ui.UiDriverFactory (UiDriverFactory.java:427) - Direct Driver Connect
[07.05.2023] [10:57:03] INFO [TestNG] com.qmetry.qaf.automation.core.QAFTestBase (QAFTestBase.java:471) - Initializing Driver...browser_str:chromeDriver,base_url:,sel_server:localhost,port:80
[07.05.2023] [10:57:03] INFO [TestNG] com.qmetry.qaf.automation.ui.UiDriverFactory (UiDriverFactory.java:85) - Driver: chromeDriver
[07.05.2023] [10:57:03] ERROR [TestNG] com.qmetry.qaf.automation.step.TestStepListener (TestStepListener.java:83) - Failure Teststep: Given I am on Google Search Page
com.qmetry.qaf.automation.step.StepInvocationException: Unable to Instantiate JavaStep: I_am_on_Google_Search_Page[]
	at com.quantum.steps.GoogleStepDefs.I_am_on_Google_Search_Page(com.quantum.steps.GoogleStepDefs:0) ~[classes/:?]
[07.05.2023] [10:57:03] INFO [TestNG] com.qmetry.qaf.automation.step.TestStepListener (TestStepListener.java:91) - Completed Teststep: Given I am on Google Search Page
[07.05.2023] [10:57:03] INFO [TestNG] com.qmetry.qaf.automation.ui.UiDriverFactory (UiDriverFactory.java:427) - Direct Driver Connect
[07.05.2023] [10:57:03] INFO [TestNG] com.qmetry.qaf.automation.step.client.Scenario (Scenario.java:223) - Competed scenario: Search Quantum with results with status FAILURE
[07.05.2023] [10:57:03] INFO [TestNG] com.qmetry.qaf.automation.step.client.DataDrivenScenario (Scenario.java:284) - 

Executing scenario: Search Keyword Inline Data - 
[07.05.2023] [10:57:03] INFO [TestNG] com.qmetry.qaf.automation.step.client.DataDrivenScenario (DataDrivenScenario.java:60) - Test Data{recId=1, recDescription=First Data Set, searchKey=perfecto mobile quantum, searchResult=Quantum, __index=1}
[07.05.2023] [10:57:03] INFO [TestNG] com.qmetry.qaf.automation.step.TestStepListener (TestStepListener.java:71) - Invoking Teststep: Given I am on Google Search Page
[07.05.2023] [10:57:03] INFO [TestNG] com.qmetry.qaf.automation.core.QAFTestBase (QAFTestBase.java:471) - Initializing Driver...browser_str:chromeDriver,base_url:,sel_server:localhost,port:80
[07.05.2023] [10:57:03] INFO [TestNG] com.qmetry.qaf.automation.ui.UiDriverFactory (UiDriverFactory.java:85) - Driver: chromeDriver
[07.05.2023] [10:57:03] INFO [TestNG] com.qmetry.qaf.automation.ui.UiDriverFactory (UiDriverFactory.java:427) - Direct Driver Connect
[07.05.2023] [10:57:03] ERROR [TestNG] com.qmetry.qaf.automation.step.TestStepListener (TestStepListener.java:83) - Failure Teststep: Given I am on Google Search Page
com.qmetry.qaf.automation.step.StepInvocationException: Unable to Instantiate JavaStep: I_am_on_Google_Search_Page[]
	at com.quantum.steps.GoogleStepDefs.I_am_on_Google_Search_Page(com.quantum.steps.GoogleStepDefs:0) ~[classes/:?]
[07.05.2023] [10:57:03] INFO [TestNG] com.qmetry.qaf.automation.step.TestStepListener (TestStepListener.java:91) - Completed Teststep: Given I am on Google Search Page
[07.05.2023] [10:57:03] INFO [TestNG] com.qmetry.qaf.automation.core.QAFTestBase (QAFTestBase.java:471) - Initializing Driver...browser_str:chromeDriver,base_url:,sel_server:localhost,port:80
[07.05.2023] [10:57:03] INFO [TestNG] com.qmetry.qaf.automation.step.client.DataDrivenScenario (Scenario.java:223) - Competed scenario: Search Keyword Inline Data with status FAILURE
[07.05.2023] [10:57:03] INFO [TestNG] com.qmetry.qaf.automation.ui.UiDriverFactory (UiDriverFactory.java:85) - Driver: chromeDriver
[07.05.2023] [10:57:03] INFO [TestNG] com.qmetry.qaf.automation.ui.UiDriverFactory (UiDriverFactory.java:427) - Direct Driver Connect
[07.05.2023] [10:57:03] INFO [TestNG] com.qmetry.qaf.automation.step.client.DataDrivenScenario (Scenario.java:284) - 

Executing scenario: Search Keyword Inline Data - 
[07.05.2023] [10:57:03] INFO [TestNG] com.qmetry.qaf.automation.step.client.DataDrivenScenario (DataDrivenScenario.java:60) - Test Data{recId=2, recDescription=Second Data Set, searchKey=perfecto mobile quantum, searchResult=perfecto, __index=2}
[07.05.2023] [10:57:03] INFO [TestNG] com.qmetry.qaf.automation.step.TestStepListener (TestStepListener.java:71) - Invoking Teststep: Given I am on Google Search Page
[07.05.2023] [10:57:03] INFO [TestNG] com.qmetry.qaf.automation.core.QAFTestBase (QAFTestBase.java:471) - Initializing Driver...browser_str:chromeDriver,base_url:,sel_server:localhost,port:80
[07.05.2023] [10:57:03] INFO [TestNG] com.qmetry.qaf.automation.ui.UiDriverFactory (UiDriverFactory.java:85) - Driver: chromeDriver
[07.05.2023] [10:57:03] INFO [TestNG] com.qmetry.qaf.automation.ui.UiDriverFactory (UiDriverFactory.java:427) - Direct Driver Connect
[07.05.2023] [10:57:03] ERROR [TestNG] com.qmetry.qaf.automation.step.TestStepListener (TestStepListener.java:83) - Failure Teststep: Given I am on Google Search Page
com.qmetry.qaf.automation.step.StepInvocationException: Unable to Instantiate JavaStep: I_am_on_Google_Search_Page[]
	at com.quantum.steps.GoogleStepDefs.I_am_on_Google_Search_Page(com.quantum.steps.GoogleStepDefs:0) ~[classes/:?]
[07.05.2023] [10:57:03] INFO [TestNG] com.qmetry.qaf.automation.step.TestStepListener (TestStepListener.java:91) - Completed Teststep: Given I am on Google Search Page
[07.05.2023] [10:57:03] INFO [TestNG] com.qmetry.qaf.automation.step.client.DataDrivenScenario (Scenario.java:223) - Competed scenario: Search Keyword Inline Data with status FAILURE
[07.05.2023] [10:57:03] INFO [TestNG] com.qmetry.qaf.automation.step.client.DataDrivenScenario (Scenario.java:284) - 

Executing scenario: Search Keyword Inline Data - 
[07.05.2023] [10:57:03] INFO [TestNG] com.qmetry.qaf.automation.step.client.DataDrivenScenario (DataDrivenScenario.java:60) - Test Data{recId=2, recDescription=Second Data Set, searchKey=perfecto mobile quantum, searchResult=perfecto, __index=2}
[07.05.2023] [10:57:03] INFO [TestNG] com.qmetry.qaf.automation.step.TestStepListener (TestStepListener.java:71) - Invoking Teststep: Given I am on Google Search Page
[07.05.2023] [10:57:03] INFO [TestNG] com.qmetry.qaf.automation.core.QAFTestBase (QAFTestBase.java:471) - Initializing Driver...browser_str:chromeDriver,base_url:,sel_server:localhost,port:80
[07.05.2023] [10:57:03] INFO [TestNG] com.qmetry.qaf.automation.ui.UiDriverFactory (UiDriverFactory.java:85) - Driver: chromeDriver
[07.05.2023] [10:57:03] INFO [TestNG] com.qmetry.qaf.automation.ui.UiDriverFactory (UiDriverFactory.java:427) - Direct Driver Connect
[07.05.2023] [10:57:03] INFO [TestNG] com.qmetry.qaf.automation.core.QAFTestBase (QAFTestBase.java:471) - Initializing Driver...browser_str:chromeDriver,base_url:,sel_server:localhost,port:80
[07.05.2023] [10:57:03] INFO [TestNG] com.qmetry.qaf.automation.ui.UiDriverFactory (UiDriverFactory.java:85) - Driver: chromeDriver
[07.05.2023] [10:57:03] INFO [TestNG] com.qmetry.qaf.automation.ui.UiDriverFactory (UiDriverFactory.java:427) - Direct Driver Connect
[07.05.2023] [10:57:04] INFO [TestNG] com.qmetry.qaf.automation.core.QAFTestBase (QAFTestBase.java:471) - Initializing Driver...browser_str:chromeDriver,base_url:,sel_server:localhost,port:80
[07.05.2023] [10:57:04] INFO [TestNG] com.qmetry.qaf.automation.ui.UiDriverFactory (UiDriverFactory.java:85) - Driver: chromeDriver
[07.05.2023] [10:57:04] INFO [TestNG] com.qmetry.qaf.automation.ui.UiDriverFactory (UiDriverFactory.java:427) - Direct Driver Connect
[07.05.2023] [10:57:04] ERROR [TestNG] com.qmetry.qaf.automation.step.TestStepListener (TestStepListener.java:83) - Failure Teststep: Given I am on Google Search Page
com.qmetry.qaf.automation.step.StepInvocationException: Unable to Instantiate JavaStep: I_am_on_Google_Search_Page[]
	at com.quantum.steps.GoogleStepDefs.I_am_on_Google_Search_Page(com.quantum.steps.GoogleStepDefs:0) ~[classes/:?]
[07.05.2023] [10:57:04] INFO [TestNG] com.qmetry.qaf.automation.step.TestStepListener (TestStepListener.java:91) - Completed Teststep: Given I am on Google Search Page
[07.05.2023] [10:57:04] INFO [TestNG] com.qmetry.qaf.automation.step.client.DataDrivenScenario (Scenario.java:223) - Competed scenario: Search Keyword Inline Data with status FAILURE
[07.05.2023] [10:57:04] INFO [TestNG] com.qmetry.qaf.automation.step.client.DataDrivenScenario (Scenario.java:284) - 

Executing scenario: Search Keyword XML Data - 
[07.05.2023] [10:57:04] INFO [TestNG] com.qmetry.qaf.automation.step.client.DataDrivenScenario (DataDrivenScenario.java:60) - Test Data{recId=1, searchKey=perfecto mobile quantum, searchResult=perfecto, __index=1}
[07.05.2023] [10:57:04] INFO [TestNG] com.qmetry.qaf.automation.step.TestStepListener (TestStepListener.java:71) - Invoking Teststep: Given I am on Google Search Page
[07.05.2023] [10:57:04] INFO [TestNG] com.qmetry.qaf.automation.core.QAFTestBase (QAFTestBase.java:471) - Initializing Driver...browser_str:chromeDriver,base_url:,sel_server:localhost,port:80
[07.05.2023] [10:57:04] INFO [TestNG] com.qmetry.qaf.automation.ui.UiDriverFactory (UiDriverFactory.java:85) - Driver: chromeDriver
[07.05.2023] [10:57:04] INFO [TestNG] com.qmetry.qaf.automation.ui.UiDriverFactory (UiDriverFactory.java:427) - Direct Driver Connect
[07.05.2023] [10:57:04] ERROR [TestNG] com.qmetry.qaf.automation.step.TestStepListener (TestStepListener.java:83) - Failure Teststep: Given I am on Google Search Page
com.qmetry.qaf.automation.step.StepInvocationException: Unable to Instantiate JavaStep: I_am_on_Google_Search_Page[]
	at com.quantum.steps.GoogleStepDefs.I_am_on_Google_Search_Page(com.quantum.steps.GoogleStepDefs:0) ~[classes/:?]
[07.05.2023] [10:57:04] INFO [TestNG] com.qmetry.qaf.automation.step.TestStepListener (TestStepListener.java:91) - Completed Teststep: Given I am on Google Search Page
[07.05.2023] [10:57:04] INFO [TestNG] com.qmetry.qaf.automation.step.client.DataDrivenScenario (Scenario.java:223) - Competed scenario: Search Keyword Inline Data with status FAILURE
[07.05.2023] [10:57:04] INFO [TestNG] com.qmetry.qaf.automation.step.client.DataDrivenScenario (Scenario.java:284) - 

Executing scenario: Search Keyword XML Data - 
[07.05.2023] [10:57:04] INFO [TestNG] com.qmetry.qaf.automation.step.client.DataDrivenScenario (DataDrivenScenario.java:60) - Test Data{recId=1, searchKey=perfecto mobile quantum, searchResult=perfecto, __index=1}
[07.05.2023] [10:57:04] INFO [TestNG] com.qmetry.qaf.automation.step.TestStepListener (TestStepListener.java:71) - Invoking Teststep: Given I am on Google Search Page
[07.05.2023] [10:57:04] INFO [TestNG] com.qmetry.qaf.automation.core.QAFTestBase (QAFTestBase.java:471) - Initializing Driver...browser_str:chromeDriver,base_url:,sel_server:localhost,port:80
[07.05.2023] [10:57:04] INFO [TestNG] com.qmetry.qaf.automation.ui.UiDriverFactory (UiDriverFactory.java:85) - Driver: chromeDriver
[07.05.2023] [10:57:04] INFO [TestNG] com.qmetry.qaf.automation.ui.UiDriverFactory (UiDriverFactory.java:427) - Direct Driver Connect
[07.05.2023] [10:57:04] INFO [TestNG] com.qmetry.qaf.automation.core.QAFTestBase (QAFTestBase.java:471) - Initializing Driver...browser_str:chromeDriver,base_url:,sel_server:localhost,port:80
[07.05.2023] [10:57:04] INFO [TestNG] com.qmetry.qaf.automation.ui.UiDriverFactory (UiDriverFactory.java:85) - Driver: chromeDriver
[07.05.2023] [10:57:04] INFO [TestNG] com.qmetry.qaf.automation.ui.UiDriverFactory (UiDriverFactory.java:427) - Direct Driver Connect
[07.05.2023] [10:57:04] ERROR [TestNG] com.qmetry.qaf.automation.step.TestStepListener (TestStepListener.java:83) - Failure Teststep: Given I am on Google Search Page
com.qmetry.qaf.automation.step.StepInvocationException: Unable to Instantiate JavaStep: I_am_on_Google_Search_Page[]
	at com.quantum.steps.GoogleStepDefs.I_am_on_Google_Search_Page(com.quantum.steps.GoogleStepDefs:0) ~[classes/:?]
[07.05.2023] [10:57:04] INFO [TestNG] com.qmetry.qaf.automation.step.TestStepListener (TestStepListener.java:91) - Completed Teststep: Given I am on Google Search Page
[07.05.2023] [10:57:04] INFO [TestNG] com.qmetry.qaf.automation.core.QAFTestBase (QAFTestBase.java:471) - Initializing Driver...browser_str:chromeDriver,base_url:,sel_server:localhost,port:80
[07.05.2023] [10:57:04] INFO [TestNG] com.qmetry.qaf.automation.step.client.DataDrivenScenario (Scenario.java:223) - Competed scenario: Search Keyword XML Data with status FAILURE
[07.05.2023] [10:57:04] INFO [TestNG] com.qmetry.qaf.automation.ui.UiDriverFactory (UiDriverFactory.java:85) - Driver: chromeDriver
[07.05.2023] [10:57:04] INFO [TestNG] com.qmetry.qaf.automation.ui.UiDriverFactory (UiDriverFactory.java:427) - Direct Driver Connect
[07.05.2023] [10:57:04] INFO [TestNG] com.qmetry.qaf.automation.step.client.DataDrivenScenario (Scenario.java:284) - 

Executing scenario: Search Keyword XML Data - 
[07.05.2023] [10:57:04] INFO [TestNG] com.qmetry.qaf.automation.step.client.DataDrivenScenario (DataDrivenScenario.java:60) - Test Data{recId=2, searchKey=perfecto mobile quantum, searchResult=Quantum, __index=2}
[07.05.2023] [10:57:04] INFO [TestNG] com.qmetry.qaf.automation.step.TestStepListener (TestStepListener.java:71) - Invoking Teststep: Given I am on Google Search Page
[07.05.2023] [10:57:04] INFO [TestNG] com.qmetry.qaf.automation.core.QAFTestBase (QAFTestBase.java:471) - Initializing Driver...browser_str:chromeDriver,base_url:,sel_server:localhost,port:80
[07.05.2023] [10:57:04] INFO [TestNG] com.qmetry.qaf.automation.ui.UiDriverFactory (UiDriverFactory.java:85) - Driver: chromeDriver
[07.05.2023] [10:57:04] INFO [TestNG] com.qmetry.qaf.automation.ui.UiDriverFactory (UiDriverFactory.java:427) - Direct Driver Connect
[07.05.2023] [10:57:04] ERROR [TestNG] com.qmetry.qaf.automation.step.TestStepListener (TestStepListener.java:83) - Failure Teststep: Given I am on Google Search Page
com.qmetry.qaf.automation.step.StepInvocationException: Unable to Instantiate JavaStep: I_am_on_Google_Search_Page[]
	at com.quantum.steps.GoogleStepDefs.I_am_on_Google_Search_Page(com.quantum.steps.GoogleStepDefs:0) ~[classes/:?]
[07.05.2023] [10:57:04] INFO [TestNG] com.qmetry.qaf.automation.step.TestStepListener (TestStepListener.java:91) - Completed Teststep: Given I am on Google Search Page
[07.05.2023] [10:57:04] INFO [TestNG] com.qmetry.qaf.automation.step.client.DataDrivenScenario (Scenario.java:223) - Competed scenario: Search Keyword XML Data with status FAILURE
[07.05.2023] [10:57:04] INFO [TestNG] com.qmetry.qaf.automation.step.client.DataDrivenScenario (Scenario.java:284) - 

Executing scenario: Search Keyword XML Data - 
[07.05.2023] [10:57:04] INFO [TestNG] com.qmetry.qaf.automation.step.client.DataDrivenScenario (DataDrivenScenario.java:60) - Test Data{recId=2, searchKey=perfecto mobile quantum, searchResult=Quantum, __index=2}
[07.05.2023] [10:57:04] INFO [TestNG] com.qmetry.qaf.automation.step.TestStepListener (TestStepListener.java:71) - Invoking Teststep: Given I am on Google Search Page
[07.05.2023] [10:57:04] INFO [TestNG] com.qmetry.qaf.automation.core.QAFTestBase (QAFTestBase.java:471) - Initializing Driver...browser_str:chromeDriver,base_url:,sel_server:localhost,port:80
[07.05.2023] [10:57:04] INFO [TestNG] com.qmetry.qaf.automation.ui.UiDriverFactory (UiDriverFactory.java:85) - Driver: chromeDriver
[07.05.2023] [10:57:04] INFO [TestNG] com.qmetry.qaf.automation.ui.UiDriverFactory (UiDriverFactory.java:427) - Direct Driver Connect
[07.05.2023] [10:57:04] INFO [[WINDOWS  112.0.5615.138]] com.qmetry.qaf.automation.ui.WebDriverCommandLogger (WebDriverCommandLogger.java:106) - Executing setTimeout parameters: {"implicit":0}
[07.05.2023] [10:57:04] INFO [TestNG] com.qmetry.qaf.automation.core.QAFTestBase (QAFTestBase.java:471) - Initializing Driver...browser_str:chromeDriver,base_url:,sel_server:localhost,port:80
[07.05.2023] [10:57:04] INFO [TestNG] com.qmetry.qaf.automation.ui.UiDriverFactory (UiDriverFactory.java:85) - Driver: chromeDriver
[07.05.2023] [10:57:04] INFO [TestNG] com.qmetry.qaf.automation.ui.UiDriverFactory (UiDriverFactory.java:427) - Direct Driver Connect
[07.05.2023] [10:57:04] INFO [TestNG] com.qmetry.qaf.automation.core.QAFTestBase (QAFTestBase.java:471) - Initializing Driver...browser_str:chromeDriver,base_url:,sel_server:localhost,port:80
[07.05.2023] [10:57:04] INFO [TestNG] com.qmetry.qaf.automation.ui.UiDriverFactory (UiDriverFactory.java:85) - Driver: chromeDriver
[07.05.2023] [10:57:04] INFO [TestNG] com.qmetry.qaf.automation.ui.UiDriverFactory (UiDriverFactory.java:427) - Direct Driver Connect
[07.05.2023] [10:57:04] INFO [[WINDOWS  112.0.5615.138]] com.qmetry.qaf.automation.ui.WebDriverCommandLogger (WebDriverCommandLogger.java:86) - command: setTimeout[ param-1: {implicit=0}] Result: null
[07.05.2023] [10:57:04] INFO [[WINDOWS  112.0.5615.138]] com.qmetry.qaf.automation.core.QAFTestBase (QAFTestBase.java:481) - driver init done
[07.05.2023] [10:57:04] INFO [[WINDOWS  112.0.5615.138]] com.qmetry.qaf.automation.ui.WebDriverCommandLogger (WebDriverCommandLogger.java:106) - Executing get parameters: {"url":"https://www.google.com/"}
[07.05.2023] [10:57:04] ERROR [TestNG] com.qmetry.qaf.automation.step.TestStepListener (TestStepListener.java:83) - Failure Teststep: Given I am on Google Search Page
com.qmetry.qaf.automation.step.StepInvocationException: Unable to Instantiate JavaStep: I_am_on_Google_Search_Page[]
	at com.quantum.steps.GoogleStepDefs.I_am_on_Google_Search_Page(com.quantum.steps.GoogleStepDefs:0) ~[classes/:?]
[07.05.2023] [10:57:04] INFO [TestNG] com.qmetry.qaf.automation.step.TestStepListener (TestStepListener.java:91) - Completed Teststep: Given I am on Google Search Page
[07.05.2023] [10:57:04] INFO [TestNG] com.qmetry.qaf.automation.step.client.DataDrivenScenario (Scenario.java:223) - Competed scenario: Search Keyword XML Data with status FAILURE
[07.05.2023] [10:57:04] ERROR [TestNG] com.qmetry.qaf.automation.step.TestStepListener (TestStepListener.java:83) - Failure Teststep: Given I am on Google Search Page
com.qmetry.qaf.automation.step.StepInvocationException: Unable to Instantiate JavaStep: I_am_on_Google_Search_Page[]
	at com.quantum.steps.GoogleStepDefs.I_am_on_Google_Search_Page(com.quantum.steps.GoogleStepDefs:0) ~[classes/:?]
[07.05.2023] [10:57:04] INFO [TestNG] com.qmetry.qaf.automation.step.TestStepListener (TestStepListener.java:91) - Completed Teststep: Given I am on Google Search Page
[07.05.2023] [10:57:04] INFO [TestNG] com.qmetry.qaf.automation.step.client.DataDrivenScenario (Scenario.java:223) - Competed scenario: Search Keyword XML Data with status FAILURE
[07.05.2023] [10:57:05] INFO [TestNG] com.qmetry.qaf.automation.util.CSVUtil (CSVUtil.java:147) - loading csv data file: src/main/resources/data/testData.csv
[07.05.2023] [10:57:05] INFO [TestNG] com.qmetry.qaf.automation.step.client.DataDrivenScenario (Scenario.java:284) - 

Executing scenario: Search Keyword CSV Data - 
[07.05.2023] [10:57:05] INFO [TestNG] com.qmetry.qaf.automation.step.client.DataDrivenScenario (DataDrivenScenario.java:60) - Test Data{searchKey=perfecto mobile quantum, searchResult=Quantum, __index=1}
[07.05.2023] [10:57:05] INFO [TestNG] com.qmetry.qaf.automation.step.TestStepListener (TestStepListener.java:71) - Invoking Teststep: Given I am on Google Search Page
[07.05.2023] [10:57:05] INFO [TestNG] com.qmetry.qaf.automation.core.QAFTestBase (QAFTestBase.java:471) - Initializing Driver...browser_str:chromeDriver,base_url:,sel_server:localhost,port:80
[07.05.2023] [10:57:05] INFO [TestNG] com.qmetry.qaf.automation.ui.UiDriverFactory (UiDriverFactory.java:85) - Driver: chromeDriver
[07.05.2023] [10:57:05] INFO [TestNG] com.qmetry.qaf.automation.ui.UiDriverFactory (UiDriverFactory.java:427) - Direct Driver Connect
[07.05.2023] [10:57:05] INFO [TestNG] com.qmetry.qaf.automation.util.CSVUtil (CSVUtil.java:147) - loading csv data file: src/main/resources/data/testData.csv
[07.05.2023] [10:57:05] INFO [TestNG] com.qmetry.qaf.automation.step.client.DataDrivenScenario (Scenario.java:284) - 

Executing scenario: Search Keyword CSV Data - 
[07.05.2023] [10:57:05] INFO [TestNG] com.qmetry.qaf.automation.step.client.DataDrivenScenario (DataDrivenScenario.java:60) - Test Data{searchKey=perfecto mobile quantum, searchResult=Quantum, __index=1}
[07.05.2023] [10:57:05] INFO [TestNG] com.qmetry.qaf.automation.step.TestStepListener (TestStepListener.java:71) - Invoking Teststep: Given I am on Google Search Page
[07.05.2023] [10:57:05] INFO [TestNG] com.qmetry.qaf.automation.core.QAFTestBase (QAFTestBase.java:471) - Initializing Driver...browser_str:chromeDriver,base_url:,sel_server:localhost,port:80
[07.05.2023] [10:57:05] INFO [TestNG] com.qmetry.qaf.automation.ui.UiDriverFactory (UiDriverFactory.java:85) - Driver: chromeDriver
[07.05.2023] [10:57:05] INFO [TestNG] com.qmetry.qaf.automation.ui.UiDriverFactory (UiDriverFactory.java:427) - Direct Driver Connect
[07.05.2023] [10:57:05] INFO [TestNG] com.qmetry.qaf.automation.core.QAFTestBase (QAFTestBase.java:471) - Initializing Driver...browser_str:chromeDriver,base_url:,sel_server:localhost,port:80
[07.05.2023] [10:57:05] INFO [TestNG] com.qmetry.qaf.automation.ui.UiDriverFactory (UiDriverFactory.java:85) - Driver: chromeDriver
[07.05.2023] [10:57:05] INFO [TestNG] com.qmetry.qaf.automation.ui.UiDriverFactory (UiDriverFactory.java:427) - Direct Driver Connect
[07.05.2023] [10:57:05] INFO [TestNG] com.qmetry.qaf.automation.core.QAFTestBase (QAFTestBase.java:471) - Initializing Driver...browser_str:chromeDriver,base_url:,sel_server:localhost,port:80
[07.05.2023] [10:57:05] INFO [TestNG] com.qmetry.qaf.automation.ui.UiDriverFactory (UiDriverFactory.java:85) - Driver: chromeDriver
[07.05.2023] [10:57:05] INFO [TestNG] com.qmetry.qaf.automation.ui.UiDriverFactory (UiDriverFactory.java:427) - Direct Driver Connect
[07.05.2023] [10:57:05] ERROR [TestNG] com.qmetry.qaf.automation.step.TestStepListener (TestStepListener.java:83) - Failure Teststep: Given I am on Google Search Page
com.qmetry.qaf.automation.step.StepInvocationException: Unable to Instantiate JavaStep: I_am_on_Google_Search_Page[]
	at com.quantum.steps.GoogleStepDefs.I_am_on_Google_Search_Page(com.quantum.steps.GoogleStepDefs:0) ~[classes/:?]
[07.05.2023] [10:57:05] INFO [TestNG] com.qmetry.qaf.automation.step.TestStepListener (TestStepListener.java:91) - Completed Teststep: Given I am on Google Search Page
[07.05.2023] [10:57:05] INFO [TestNG] com.qmetry.qaf.automation.step.client.DataDrivenScenario (Scenario.java:223) - Competed scenario: Search Keyword CSV Data with status FAILURE
[07.05.2023] [10:57:05] ERROR [TestNG] com.qmetry.qaf.automation.step.TestStepListener (TestStepListener.java:83) - Failure Teststep: Given I am on Google Search Page
com.qmetry.qaf.automation.step.StepInvocationException: Unable to Instantiate JavaStep: I_am_on_Google_Search_Page[]
	at com.quantum.steps.GoogleStepDefs.I_am_on_Google_Search_Page(com.quantum.steps.GoogleStepDefs:0) ~[classes/:?]
[07.05.2023] [10:57:05] INFO [TestNG] com.qmetry.qaf.automation.step.TestStepListener (TestStepListener.java:91) - Completed Teststep: Given I am on Google Search Page
[07.05.2023] [10:57:05] INFO [TestNG] com.qmetry.qaf.automation.step.client.DataDrivenScenario (Scenario.java:223) - Competed scenario: Search Keyword CSV Data with status FAILURE
[07.05.2023] [10:57:05] INFO [TestNG] com.qmetry.qaf.automation.step.client.DataDrivenScenario (Scenario.java:284) - 

Executing scenario: Search Keyword CSV Data - 
[07.05.2023] [10:57:05] INFO [TestNG] com.qmetry.qaf.automation.step.client.DataDrivenScenario (DataDrivenScenario.java:60) - Test Data{searchKey=perfecto mobile quantum, searchResult=perfecto, __index=2}
[07.05.2023] [10:57:05] INFO [TestNG] com.qmetry.qaf.automation.step.TestStepListener (TestStepListener.java:71) - Invoking Teststep: Given I am on Google Search Page
[07.05.2023] [10:57:05] INFO [TestNG] com.qmetry.qaf.automation.core.QAFTestBase (QAFTestBase.java:471) - Initializing Driver...browser_str:chromeDriver,base_url:,sel_server:localhost,port:80
[07.05.2023] [10:57:05] INFO [TestNG] com.qmetry.qaf.automation.ui.UiDriverFactory (UiDriverFactory.java:85) - Driver: chromeDriver
[07.05.2023] [10:57:05] INFO [TestNG] com.qmetry.qaf.automation.ui.UiDriverFactory (UiDriverFactory.java:427) - Direct Driver Connect
[07.05.2023] [10:57:05] INFO [TestNG] com.qmetry.qaf.automation.step.client.DataDrivenScenario (Scenario.java:284) - 

Executing scenario: Search Keyword CSV Data - 
[07.05.2023] [10:57:05] INFO [TestNG] com.qmetry.qaf.automation.step.client.DataDrivenScenario (DataDrivenScenario.java:60) - Test Data{searchKey=perfecto mobile quantum, searchResult=perfecto, __index=2}
[07.05.2023] [10:57:05] INFO [TestNG] com.qmetry.qaf.automation.step.TestStepListener (TestStepListener.java:71) - Invoking Teststep: Given I am on Google Search Page
[07.05.2023] [10:57:05] INFO [TestNG] com.qmetry.qaf.automation.core.QAFTestBase (QAFTestBase.java:471) - Initializing Driver...browser_str:chromeDriver,base_url:,sel_server:localhost,port:80
[07.05.2023] [10:57:05] INFO [TestNG] com.qmetry.qaf.automation.ui.UiDriverFactory (UiDriverFactory.java:85) - Driver: chromeDriver
[07.05.2023] [10:57:05] INFO [TestNG] com.qmetry.qaf.automation.ui.UiDriverFactory (UiDriverFactory.java:427) - Direct Driver Connect
[07.05.2023] [10:57:05] INFO [TestNG] com.qmetry.qaf.automation.core.QAFTestBase (QAFTestBase.java:471) - Initializing Driver...browser_str:chromeDriver,base_url:,sel_server:localhost,port:80
[07.05.2023] [10:57:05] INFO [TestNG] com.qmetry.qaf.automation.ui.UiDriverFactory (UiDriverFactory.java:85) - Driver: chromeDriver
[07.05.2023] [10:57:05] INFO [TestNG] com.qmetry.qaf.automation.ui.UiDriverFactory (UiDriverFactory.java:427) - Direct Driver Connect
[07.05.2023] [10:57:05] INFO [TestNG] com.qmetry.qaf.automation.core.QAFTestBase (QAFTestBase.java:471) - Initializing Driver...browser_str:chromeDriver,base_url:,sel_server:localhost,port:80
[07.05.2023] [10:57:05] INFO [TestNG] com.qmetry.qaf.automation.ui.UiDriverFactory (UiDriverFactory.java:85) - Driver: chromeDriver
[07.05.2023] [10:57:05] INFO [TestNG] com.qmetry.qaf.automation.ui.UiDriverFactory (UiDriverFactory.java:427) - Direct Driver Connect
[07.05.2023] [10:57:05] ERROR [TestNG] com.qmetry.qaf.automation.step.TestStepListener (TestStepListener.java:83) - Failure Teststep: Given I am on Google Search Page
com.qmetry.qaf.automation.step.StepInvocationException: Unable to Instantiate JavaStep: I_am_on_Google_Search_Page[]
	at com.quantum.steps.GoogleStepDefs.I_am_on_Google_Search_Page(com.quantum.steps.GoogleStepDefs:0) ~[classes/:?]
[07.05.2023] [10:57:05] INFO [TestNG] com.qmetry.qaf.automation.step.TestStepListener (TestStepListener.java:91) - Completed Teststep: Given I am on Google Search Page
[07.05.2023] [10:57:05] INFO [TestNG] com.qmetry.qaf.automation.step.client.DataDrivenScenario (Scenario.java:223) - Competed scenario: Search Keyword CSV Data with status FAILURE
[07.05.2023] [10:57:05] INFO [TestNG] com.qmetry.qaf.automation.step.client.DataDrivenScenario (Scenario.java:284) - 

Executing scenario: Search Quantum data table - 
[07.05.2023] [10:57:05] INFO [TestNG] com.qmetry.qaf.automation.step.client.DataDrivenScenario (DataDrivenScenario.java:60) - Test Data{recId=1, recDescription=First Data Set, searchKey=perfecto mobile quantum, searchResult=perfecto, __index=1}
[07.05.2023] [10:57:05] INFO [TestNG] com.qmetry.qaf.automation.step.TestStepListener (TestStepListener.java:71) - Invoking Teststep: Given I am on Google Search Page
[07.05.2023] [10:57:05] INFO [TestNG] com.qmetry.qaf.automation.core.QAFTestBase (QAFTestBase.java:471) - Initializing Driver...browser_str:chromeDriver,base_url:,sel_server:localhost,port:80
[07.05.2023] [10:57:05] INFO [TestNG] com.qmetry.qaf.automation.ui.UiDriverFactory (UiDriverFactory.java:85) - Driver: chromeDriver
[07.05.2023] [10:57:05] INFO [TestNG] com.qmetry.qaf.automation.ui.UiDriverFactory (UiDriverFactory.java:427) - Direct Driver Connect
[07.05.2023] [10:57:05] ERROR [TestNG] com.qmetry.qaf.automation.step.TestStepListener (TestStepListener.java:83) - Failure Teststep: Given I am on Google Search Page
com.qmetry.qaf.automation.step.StepInvocationException: Unable to Instantiate JavaStep: I_am_on_Google_Search_Page[]
	at com.quantum.steps.GoogleStepDefs.I_am_on_Google_Search_Page(com.quantum.steps.GoogleStepDefs:0) ~[classes/:?]
[07.05.2023] [10:57:05] INFO [TestNG] com.qmetry.qaf.automation.step.TestStepListener (TestStepListener.java:91) - Completed Teststep: Given I am on Google Search Page
[07.05.2023] [10:57:05] INFO [TestNG] com.qmetry.qaf.automation.step.client.DataDrivenScenario (Scenario.java:223) - Competed scenario: Search Keyword CSV Data with status FAILURE
[07.05.2023] [10:57:05] INFO [TestNG] com.qmetry.qaf.automation.step.client.DataDrivenScenario (Scenario.java:284) - 

Executing scenario: Search Quantum data table - 
[07.05.2023] [10:57:05] INFO [TestNG] com.qmetry.qaf.automation.step.client.DataDrivenScenario (DataDrivenScenario.java:60) - Test Data{recId=1, recDescription=First Data Set, searchKey=perfecto mobile quantum, searchResult=perfecto, __index=1}
[07.05.2023] [10:57:05] INFO [TestNG] com.qmetry.qaf.automation.step.TestStepListener (TestStepListener.java:71) - Invoking Teststep: Given I am on Google Search Page
[07.05.2023] [10:57:05] INFO [TestNG] com.qmetry.qaf.automation.core.QAFTestBase (QAFTestBase.java:471) - Initializing Driver...browser_str:chromeDriver,base_url:,sel_server:localhost,port:80
[07.05.2023] [10:57:05] INFO [TestNG] com.qmetry.qaf.automation.ui.UiDriverFactory (UiDriverFactory.java:85) - Driver: chromeDriver
[07.05.2023] [10:57:05] INFO [TestNG] com.qmetry.qaf.automation.ui.UiDriverFactory (UiDriverFactory.java:427) - Direct Driver Connect
[07.05.2023] [10:57:05] INFO [TestNG] com.qmetry.qaf.automation.core.QAFTestBase (QAFTestBase.java:471) - Initializing Driver...browser_str:chromeDriver,base_url:,sel_server:localhost,port:80
[07.05.2023] [10:57:05] INFO [TestNG] com.qmetry.qaf.automation.ui.UiDriverFactory (UiDriverFactory.java:85) - Driver: chromeDriver
[07.05.2023] [10:57:05] INFO [TestNG] com.qmetry.qaf.automation.ui.UiDriverFactory (UiDriverFactory.java:427) - Direct Driver Connect
[07.05.2023] [10:57:05] INFO [TestNG] com.qmetry.qaf.automation.core.QAFTestBase (QAFTestBase.java:471) - Initializing Driver...browser_str:chromeDriver,base_url:,sel_server:localhost,port:80
[07.05.2023] [10:57:05] INFO [TestNG] com.qmetry.qaf.automation.ui.UiDriverFactory (UiDriverFactory.java:85) - Driver: chromeDriver
[07.05.2023] [10:57:05] INFO [TestNG] com.qmetry.qaf.automation.ui.UiDriverFactory (UiDriverFactory.java:427) - Direct Driver Connect
[07.05.2023] [10:57:05] ERROR [TestNG] com.qmetry.qaf.automation.step.TestStepListener (TestStepListener.java:83) - Failure Teststep: Given I am on Google Search Page
com.qmetry.qaf.automation.step.StepInvocationException: Unable to Instantiate JavaStep: I_am_on_Google_Search_Page[]
	at com.quantum.steps.GoogleStepDefs.I_am_on_Google_Search_Page(com.quantum.steps.GoogleStepDefs:0) ~[classes/:?]
[07.05.2023] [10:57:05] INFO [TestNG] com.qmetry.qaf.automation.step.TestStepListener (TestStepListener.java:91) - Completed Teststep: Given I am on Google Search Page
[07.05.2023] [10:57:05] ERROR [TestNG] com.qmetry.qaf.automation.step.TestStepListener (TestStepListener.java:83) - Failure Teststep: Given I am on Google Search Page
com.qmetry.qaf.automation.step.StepInvocationException: Unable to Instantiate JavaStep: I_am_on_Google_Search_Page[]
	at com.quantum.steps.GoogleStepDefs.I_am_on_Google_Search_Page(com.quantum.steps.GoogleStepDefs:0) ~[classes/:?]
[07.05.2023] [10:57:05] INFO [TestNG] com.qmetry.qaf.automation.step.TestStepListener (TestStepListener.java:91) - Completed Teststep: Given I am on Google Search Page
[07.05.2023] [10:57:05] INFO [TestNG] com.qmetry.qaf.automation.step.client.DataDrivenScenario (Scenario.java:223) - Competed scenario: Search Quantum data table with status FAILURE
[07.05.2023] [10:57:05] INFO [TestNG] com.qmetry.qaf.automation.step.client.DataDrivenScenario (Scenario.java:223) - Competed scenario: Search Quantum data table with status FAILURE
[07.05.2023] [10:57:08] ERROR [TestNG] com.qmetry.qaf.automation.step.TestStepListener (TestStepListener.java:83) - Failure Teststep: Given I start application by id "io.perfecto.expense.tracker" with arguments: [io.perfecto.expense.tracker]
org.openqa.selenium.TimeoutException: Timed out after 0 seconds: Unable to create driver instance in 1st attempt with retry timeout of 60 seconds. You can check/set value of 'driver.init.retry.timeout' appropriately to set retry timeout on driver initialization failure.
	at com.qmetry.qaf.automation.ui.util.DynamicWait.until(DynamicWait.java:168) ~[qaf-3.0.0.jar:?]
	at com.qmetry.qaf.automation.core.QAFTestBase.init(QAFTestBase.java:478) ~[qaf-3.0.0.jar:?]
	at com.qmetry.qaf.automation.core.QAFTestBase.getUiDriver(QAFTestBase.java:253) ~[qaf-3.0.0.jar:?]
	at com.qmetry.qaf.automation.ui.WebDriverTestBase.getDriver(WebDriverTestBase.java:44) ~[qaf-3.0.0.jar:?]
	at com.quantum.utils.DeviceUtils.getQAFDriver(DeviceUtils.java:38) ~[quantum-support-1.23.0.jar:?]
	at com.quantum.utils.DeviceUtils.startApp(DeviceUtils.java:145) ~[quantum-support-1.23.0.jar:?]
	at com.quantum.steps.PerfectoApplicationSteps.startAppById(PerfectoApplicationSteps.java:90) ~[quantum-support-1.23.0.jar:?]
	at sun.reflect.NativeMethodAccessorImpl.invoke0(Native Method) ~[?:1.8.0_171]
	at sun.reflect.NativeMethodAccessorImpl.invoke(NativeMethodAccessorImpl.java:62) ~[?:1.8.0_171]
	at sun.reflect.DelegatingMethodAccessorImpl.invoke(DelegatingMethodAccessorImpl.java:43) ~[?:1.8.0_171]
	at java.lang.reflect.Method.invoke(Method.java:498) ~[?:1.8.0_171]
	at com.qmetry.qaf.automation.step.JavaStep.doExecute(JavaStep.java:150) ~[qaf-3.0.0.jar:?]
	at com.qmetry.qaf.automation.step.BaseTestStep.execute(BaseTestStep.java:149) [qaf-3.0.0.jar:?]
	at com.qmetry.qaf.automation.step.StringTestStep.execute(StringTestStep.java:127) [qaf-3.0.0.jar:?]
	at com.qmetry.qaf.automation.step.client.Scenario.execute(Scenario.java:174) [qaf-3.0.0.jar:?]
	at com.qmetry.qaf.automation.step.client.Scenario.scenario(Scenario.java:237) [qaf-3.0.0.jar:?]
	at sun.reflect.NativeMethodAccessorImpl.invoke0(Native Method) ~[?:1.8.0_171]
	at sun.reflect.NativeMethodAccessorImpl.invoke(NativeMethodAccessorImpl.java:62) ~[?:1.8.0_171]
	at sun.reflect.DelegatingMethodAccessorImpl.invoke(DelegatingMethodAccessorImpl.java:43) ~[?:1.8.0_171]
	at java.lang.reflect.Method.invoke(Method.java:498) ~[?:1.8.0_171]
	at org.testng.internal.MethodInvocationHelper.invokeMethod(MethodInvocationHelper.java:104) [testng-6.10.jar:?]
	at org.testng.internal.Invoker.invokeMethod(Invoker.java:645) [testng-6.10.jar:?]
	at org.testng.internal.Invoker.invokeTestMethod(Invoker.java:851) [testng-6.10.jar:?]
	at org.testng.internal.Invoker.invokeTestMethods(Invoker.java:1177) [testng-6.10.jar:?]
	at org.testng.internal.TestMethodWorker.invokeTestMethods(TestMethodWorker.java:129) [testng-6.10.jar:?]
	at org.testng.internal.TestMethodWorker.run(TestMethodWorker.java:112) [testng-6.10.jar:?]
	at org.testng.TestRunner.privateRun(TestRunner.java:778) [qaf-3.0.0.jar:?]
	at org.testng.TestRunner.run(TestRunner.java:632) [qaf-3.0.0.jar:?]
	at org.testng.SuiteRunner.runTest(SuiteRunner.java:387) [testng-6.10.jar:?]
	at org.testng.SuiteRunner.access$000(SuiteRunner.java:39) [testng-6.10.jar:?]
	at org.testng.SuiteRunner$SuiteWorker.run(SuiteRunner.java:421) [testng-6.10.jar:?]
	at org.testng.internal.thread.ThreadUtil$2.call(ThreadUtil.java:64) [testng-6.10.jar:?]
	at java.util.concurrent.FutureTask.run(FutureTask.java:266) [?:1.8.0_171]
	at java.util.concurrent.ThreadPoolExecutor.runWorker(ThreadPoolExecutor.java:1149) [?:1.8.0_171]
	at java.util.concurrent.ThreadPoolExecutor$Worker.run(ThreadPoolExecutor.java:624) [?:1.8.0_171]
	at java.lang.Thread.run(Thread.java:748) [?:1.8.0_171]
Caused by: org.openqa.selenium.WebDriverException: Unable to create driver instance in 1st attempt with retry timeout of 60 seconds. You can check/set value of 'driver.init.retry.timeout' appropriately to set retry timeout on driver initialization failure.
Build info: version: '3.141.59', revision: 'e82be7d358', time: '2018-11-14T08:17:03'
System info: host: 'VISHWAA', ip: '192.168.0.105', os.name: 'Windows 10', os.arch: 'amd64', os.version: '10.0', java.version: '1.8.0_171'
Driver info: driver.version: unknown
	at com.qmetry.qaf.automation.core.QAFTestBase$DriverInitExpectedCondition.apply(QAFTestBase.java:572) ~[qaf-3.0.0.jar:?]
	at com.qmetry.qaf.automation.core.QAFTestBase$DriverInitExpectedCondition.apply(QAFTestBase.java:1) ~[qaf-3.0.0.jar:?]
	at com.qmetry.qaf.automation.ui.util.DynamicWait.until(DynamicWait.java:147) ~[qaf-3.0.0.jar:?]
	... 35 more
Caused by: java.lang.ClassNotFoundException: com.thoughtworks.selenium.CommandProcessor
	at java.net.URLClassLoader.findClass(URLClassLoader.java:381) ~[?:1.8.0_171]
	at java.lang.ClassLoader.loadClass(ClassLoader.java:424) ~[?:1.8.0_171]
	at sun.misc.Launcher$AppClassLoader.loadClass(Launcher.java:349) ~[?:1.8.0_171]
	at java.lang.ClassLoader.loadClass(ClassLoader.java:357) ~[?:1.8.0_171]
	at com.qmetry.qaf.automation.ui.UiDriverFactory.get(UiDriverFactory.java:96) ~[quantum-support-1.23.0.jar:?]
	at com.qmetry.qaf.automation.core.QAFTestBase$DriverInitExpectedCondition.apply(QAFTestBase.java:568) ~[qaf-3.0.0.jar:?]
	at com.qmetry.qaf.automation.core.QAFTestBase$DriverInitExpectedCondition.apply(QAFTestBase.java:1) ~[qaf-3.0.0.jar:?]
	at com.qmetry.qaf.automation.ui.util.DynamicWait.until(DynamicWait.java:147) ~[qaf-3.0.0.jar:?]
	... 35 more
[07.05.2023] [10:57:08] INFO [TestNG] com.qmetry.qaf.automation.step.TestStepListener (TestStepListener.java:91) - Completed Teststep: Given I start application by id "io.perfecto.expense.tracker" with arguments: [io.perfecto.expense.tracker]
[07.05.2023] [10:57:08] INFO [TestNG] com.qmetry.qaf.automation.step.client.Scenario (Scenario.java:223) - Competed scenario: Verify Expense tracker Login with status FAILURE
[07.05.2023] [10:57:08] ERROR [TestNG] com.qmetry.qaf.automation.step.TestStepListener (TestStepListener.java:83) - Failure Teststep: Given I start application by id "io.perfecto.expense.tracker" with arguments: [io.perfecto.expense.tracker]
org.openqa.selenium.TimeoutException: Timed out after 0 seconds: Unable to create driver instance in 1st attempt with retry timeout of 60 seconds. You can check/set value of 'driver.init.retry.timeout' appropriately to set retry timeout on driver initialization failure.
	at com.qmetry.qaf.automation.ui.util.DynamicWait.until(DynamicWait.java:168) ~[qaf-3.0.0.jar:?]
	at com.qmetry.qaf.automation.core.QAFTestBase.init(QAFTestBase.java:478) ~[qaf-3.0.0.jar:?]
	at com.qmetry.qaf.automation.core.QAFTestBase.getUiDriver(QAFTestBase.java:253) ~[qaf-3.0.0.jar:?]
	at com.qmetry.qaf.automation.ui.WebDriverTestBase.getDriver(WebDriverTestBase.java:44) ~[qaf-3.0.0.jar:?]
	at com.quantum.utils.DeviceUtils.getQAFDriver(DeviceUtils.java:38) ~[quantum-support-1.23.0.jar:?]
	at com.quantum.utils.DeviceUtils.startApp(DeviceUtils.java:145) ~[quantum-support-1.23.0.jar:?]
	at com.quantum.steps.PerfectoApplicationSteps.startAppById(PerfectoApplicationSteps.java:90) ~[quantum-support-1.23.0.jar:?]
	at sun.reflect.NativeMethodAccessorImpl.invoke0(Native Method) ~[?:1.8.0_171]
	at sun.reflect.NativeMethodAccessorImpl.invoke(NativeMethodAccessorImpl.java:62) ~[?:1.8.0_171]
	at sun.reflect.DelegatingMethodAccessorImpl.invoke(DelegatingMethodAccessorImpl.java:43) ~[?:1.8.0_171]
	at java.lang.reflect.Method.invoke(Method.java:498) ~[?:1.8.0_171]
	at com.qmetry.qaf.automation.step.JavaStep.doExecute(JavaStep.java:150) ~[qaf-3.0.0.jar:?]
	at com.qmetry.qaf.automation.step.BaseTestStep.execute(BaseTestStep.java:149) [qaf-3.0.0.jar:?]
	at com.qmetry.qaf.automation.step.StringTestStep.execute(StringTestStep.java:127) [qaf-3.0.0.jar:?]
	at com.qmetry.qaf.automation.step.client.Scenario.execute(Scenario.java:174) [qaf-3.0.0.jar:?]
	at com.qmetry.qaf.automation.step.client.Scenario.scenario(Scenario.java:237) [qaf-3.0.0.jar:?]
	at sun.reflect.NativeMethodAccessorImpl.invoke0(Native Method) ~[?:1.8.0_171]
	at sun.reflect.NativeMethodAccessorImpl.invoke(NativeMethodAccessorImpl.java:62) ~[?:1.8.0_171]
	at sun.reflect.DelegatingMethodAccessorImpl.invoke(DelegatingMethodAccessorImpl.java:43) ~[?:1.8.0_171]
	at java.lang.reflect.Method.invoke(Method.java:498) ~[?:1.8.0_171]
	at org.testng.internal.MethodInvocationHelper.invokeMethod(MethodInvocationHelper.java:104) [testng-6.10.jar:?]
	at org.testng.internal.Invoker.invokeMethod(Invoker.java:645) [testng-6.10.jar:?]
	at org.testng.internal.Invoker.invokeTestMethod(Invoker.java:851) [testng-6.10.jar:?]
	at org.testng.internal.Invoker.invokeTestMethods(Invoker.java:1177) [testng-6.10.jar:?]
	at org.testng.internal.TestMethodWorker.invokeTestMethods(TestMethodWorker.java:129) [testng-6.10.jar:?]
	at org.testng.internal.TestMethodWorker.run(TestMethodWorker.java:112) [testng-6.10.jar:?]
	at org.testng.TestRunner.privateRun(TestRunner.java:778) [qaf-3.0.0.jar:?]
	at org.testng.TestRunner.run(TestRunner.java:632) [qaf-3.0.0.jar:?]
	at org.testng.SuiteRunner.runTest(SuiteRunner.java:387) [testng-6.10.jar:?]
	at org.testng.SuiteRunner.access$000(SuiteRunner.java:39) [testng-6.10.jar:?]
	at org.testng.SuiteRunner$SuiteWorker.run(SuiteRunner.java:421) [testng-6.10.jar:?]
	at org.testng.internal.thread.ThreadUtil$2.call(ThreadUtil.java:64) [testng-6.10.jar:?]
	at java.util.concurrent.FutureTask.run(FutureTask.java:266) [?:1.8.0_171]
	at java.util.concurrent.ThreadPoolExecutor.runWorker(ThreadPoolExecutor.java:1149) [?:1.8.0_171]
	at java.util.concurrent.ThreadPoolExecutor$Worker.run(ThreadPoolExecutor.java:624) [?:1.8.0_171]
	at java.lang.Thread.run(Thread.java:748) [?:1.8.0_171]
Caused by: org.openqa.selenium.WebDriverException: Unable to create driver instance in 1st attempt with retry timeout of 60 seconds. You can check/set value of 'driver.init.retry.timeout' appropriately to set retry timeout on driver initialization failure.
Build info: version: '3.141.59', revision: 'e82be7d358', time: '2018-11-14T08:17:03'
System info: host: 'VISHWAA', ip: '192.168.0.105', os.name: 'Windows 10', os.arch: 'amd64', os.version: '10.0', java.version: '1.8.0_171'
Driver info: driver.version: unknown
	at com.qmetry.qaf.automation.core.QAFTestBase$DriverInitExpectedCondition.apply(QAFTestBase.java:572) ~[qaf-3.0.0.jar:?]
	at com.qmetry.qaf.automation.core.QAFTestBase$DriverInitExpectedCondition.apply(QAFTestBase.java:1) ~[qaf-3.0.0.jar:?]
	at com.qmetry.qaf.automation.ui.util.DynamicWait.until(DynamicWait.java:147) ~[qaf-3.0.0.jar:?]
	... 35 more
Caused by: java.lang.ClassNotFoundException: com.thoughtworks.selenium.CommandProcessor
	at java.net.URLClassLoader.findClass(URLClassLoader.java:381) ~[?:1.8.0_171]
	at java.lang.ClassLoader.loadClass(ClassLoader.java:424) ~[?:1.8.0_171]
	at sun.misc.Launcher$AppClassLoader.loadClass(Launcher.java:349) ~[?:1.8.0_171]
	at java.lang.ClassLoader.loadClass(ClassLoader.java:357) ~[?:1.8.0_171]
	at com.qmetry.qaf.automation.ui.UiDriverFactory.get(UiDriverFactory.java:96) ~[quantum-support-1.23.0.jar:?]
	at com.qmetry.qaf.automation.core.QAFTestBase$DriverInitExpectedCondition.apply(QAFTestBase.java:568) ~[qaf-3.0.0.jar:?]
	at com.qmetry.qaf.automation.core.QAFTestBase$DriverInitExpectedCondition.apply(QAFTestBase.java:1) ~[qaf-3.0.0.jar:?]
	at com.qmetry.qaf.automation.ui.util.DynamicWait.until(DynamicWait.java:147) ~[qaf-3.0.0.jar:?]
	... 35 more
[07.05.2023] [10:57:08] INFO [TestNG] com.qmetry.qaf.automation.step.TestStepListener (TestStepListener.java:91) - Completed Teststep: Given I start application by id "io.perfecto.expense.tracker" with arguments: [io.perfecto.expense.tracker]
[07.05.2023] [10:57:08] INFO [TestNG] com.qmetry.qaf.automation.step.client.Scenario (Scenario.java:223) - Competed scenario: Verify Expense tracker Login with status FAILURE
[07.05.2023] [10:57:09] ERROR [TestNG] com.qmetry.qaf.automation.step.TestStepListener (TestStepListener.java:83) - Failure Teststep: Given I start application by id "io.perfecto.expense.tracker" with arguments: [io.perfecto.expense.tracker]
org.openqa.selenium.TimeoutException: Timed out after 0 seconds: Unable to create driver instance in 1st attempt with retry timeout of 60 seconds. You can check/set value of 'driver.init.retry.timeout' appropriately to set retry timeout on driver initialization failure.
	at com.qmetry.qaf.automation.ui.util.DynamicWait.until(DynamicWait.java:168) ~[qaf-3.0.0.jar:?]
	at com.qmetry.qaf.automation.core.QAFTestBase.init(QAFTestBase.java:478) ~[qaf-3.0.0.jar:?]
	at com.qmetry.qaf.automation.core.QAFTestBase.getUiDriver(QAFTestBase.java:253) ~[qaf-3.0.0.jar:?]
	at com.qmetry.qaf.automation.ui.WebDriverTestBase.getDriver(WebDriverTestBase.java:44) ~[qaf-3.0.0.jar:?]
	at com.quantum.utils.DeviceUtils.getQAFDriver(DeviceUtils.java:38) ~[quantum-support-1.23.0.jar:?]
	at com.quantum.utils.DeviceUtils.startApp(DeviceUtils.java:145) ~[quantum-support-1.23.0.jar:?]
	at com.quantum.steps.PerfectoApplicationSteps.startAppById(PerfectoApplicationSteps.java:90) ~[quantum-support-1.23.0.jar:?]
	at sun.reflect.NativeMethodAccessorImpl.invoke0(Native Method) ~[?:1.8.0_171]
	at sun.reflect.NativeMethodAccessorImpl.invoke(NativeMethodAccessorImpl.java:62) ~[?:1.8.0_171]
	at sun.reflect.DelegatingMethodAccessorImpl.invoke(DelegatingMethodAccessorImpl.java:43) ~[?:1.8.0_171]
	at java.lang.reflect.Method.invoke(Method.java:498) ~[?:1.8.0_171]
	at com.qmetry.qaf.automation.step.JavaStep.doExecute(JavaStep.java:150) ~[qaf-3.0.0.jar:?]
	at com.qmetry.qaf.automation.step.BaseTestStep.execute(BaseTestStep.java:149) [qaf-3.0.0.jar:?]
	at com.qmetry.qaf.automation.step.StringTestStep.execute(StringTestStep.java:127) [qaf-3.0.0.jar:?]
	at com.qmetry.qaf.automation.step.client.Scenario.execute(Scenario.java:174) [qaf-3.0.0.jar:?]
	at com.qmetry.qaf.automation.step.client.Scenario.scenario(Scenario.java:237) [qaf-3.0.0.jar:?]
	at sun.reflect.NativeMethodAccessorImpl.invoke0(Native Method) ~[?:1.8.0_171]
	at sun.reflect.NativeMethodAccessorImpl.invoke(NativeMethodAccessorImpl.java:62) ~[?:1.8.0_171]
	at sun.reflect.DelegatingMethodAccessorImpl.invoke(DelegatingMethodAccessorImpl.java:43) ~[?:1.8.0_171]
	at java.lang.reflect.Method.invoke(Method.java:498) ~[?:1.8.0_171]
	at org.testng.internal.MethodInvocationHelper.invokeMethod(MethodInvocationHelper.java:104) [testng-6.10.jar:?]
	at org.testng.internal.Invoker.invokeMethod(Invoker.java:645) [testng-6.10.jar:?]
	at org.testng.internal.Invoker.invokeTestMethod(Invoker.java:851) [testng-6.10.jar:?]
	at org.testng.internal.Invoker.invokeTestMethods(Invoker.java:1177) [testng-6.10.jar:?]
	at org.testng.internal.TestMethodWorker.invokeTestMethods(TestMethodWorker.java:129) [testng-6.10.jar:?]
	at org.testng.internal.TestMethodWorker.run(TestMethodWorker.java:112) [testng-6.10.jar:?]
	at org.testng.TestRunner.privateRun(TestRunner.java:778) [qaf-3.0.0.jar:?]
	at org.testng.TestRunner.run(TestRunner.java:632) [qaf-3.0.0.jar:?]
	at org.testng.SuiteRunner.runTest(SuiteRunner.java:387) [testng-6.10.jar:?]
	at org.testng.SuiteRunner.access$000(SuiteRunner.java:39) [testng-6.10.jar:?]
	at org.testng.SuiteRunner$SuiteWorker.run(SuiteRunner.java:421) [testng-6.10.jar:?]
	at org.testng.internal.thread.ThreadUtil$2.call(ThreadUtil.java:64) [testng-6.10.jar:?]
	at java.util.concurrent.FutureTask.run(FutureTask.java:266) [?:1.8.0_171]
	at java.util.concurrent.ThreadPoolExecutor.runWorker(ThreadPoolExecutor.java:1149) [?:1.8.0_171]
	at java.util.concurrent.ThreadPoolExecutor$Worker.run(ThreadPoolExecutor.java:624) [?:1.8.0_171]
	at java.lang.Thread.run(Thread.java:748) [?:1.8.0_171]
Caused by: org.openqa.selenium.WebDriverException: Unable to create driver instance in 1st attempt with retry timeout of 60 seconds. You can check/set value of 'driver.init.retry.timeout' appropriately to set retry timeout on driver initialization failure.
Build info: version: '3.141.59', revision: 'e82be7d358', time: '2018-11-14T08:17:03'
System info: host: 'VISHWAA', ip: '192.168.0.105', os.name: 'Windows 10', os.arch: 'amd64', os.version: '10.0', java.version: '1.8.0_171'
Driver info: driver.version: unknown
	at com.qmetry.qaf.automation.core.QAFTestBase$DriverInitExpectedCondition.apply(QAFTestBase.java:572) ~[qaf-3.0.0.jar:?]
	at com.qmetry.qaf.automation.core.QAFTestBase$DriverInitExpectedCondition.apply(QAFTestBase.java:1) ~[qaf-3.0.0.jar:?]
	at com.qmetry.qaf.automation.ui.util.DynamicWait.until(DynamicWait.java:147) ~[qaf-3.0.0.jar:?]
	... 35 more
Caused by: java.lang.ClassNotFoundException: com.thoughtworks.selenium.CommandProcessor
	at java.net.URLClassLoader.findClass(URLClassLoader.java:381) ~[?:1.8.0_171]
	at java.lang.ClassLoader.loadClass(ClassLoader.java:424) ~[?:1.8.0_171]
	at sun.misc.Launcher$AppClassLoader.loadClass(Launcher.java:349) ~[?:1.8.0_171]
	at java.lang.ClassLoader.loadClass(ClassLoader.java:357) ~[?:1.8.0_171]
	at com.qmetry.qaf.automation.ui.UiDriverFactory.get(UiDriverFactory.java:96) ~[quantum-support-1.23.0.jar:?]
	at com.qmetry.qaf.automation.core.QAFTestBase$DriverInitExpectedCondition.apply(QAFTestBase.java:568) ~[qaf-3.0.0.jar:?]
	at com.qmetry.qaf.automation.core.QAFTestBase$DriverInitExpectedCondition.apply(QAFTestBase.java:1) ~[qaf-3.0.0.jar:?]
	at com.qmetry.qaf.automation.ui.util.DynamicWait.until(DynamicWait.java:147) ~[qaf-3.0.0.jar:?]
	... 35 more
[07.05.2023] [10:57:09] INFO [TestNG] com.qmetry.qaf.automation.step.TestStepListener (TestStepListener.java:91) - Completed Teststep: Given I start application by id "io.perfecto.expense.tracker" with arguments: [io.perfecto.expense.tracker]
[07.05.2023] [10:57:09] INFO [TestNG] com.qmetry.qaf.automation.step.client.Scenario (Scenario.java:223) - Competed scenario: Verify Expense tracker Login with status FAILURE
[07.05.2023] [10:57:09] ERROR [TestNG] com.qmetry.qaf.automation.step.TestStepListener (TestStepListener.java:83) - Failure Teststep: Given I start application by id "io.perfecto.expense.tracker" with arguments: [io.perfecto.expense.tracker]
org.openqa.selenium.TimeoutException: Timed out after 0 seconds: Unable to create driver instance in 1st attempt with retry timeout of 60 seconds. You can check/set value of 'driver.init.retry.timeout' appropriately to set retry timeout on driver initialization failure.
	at com.qmetry.qaf.automation.ui.util.DynamicWait.until(DynamicWait.java:168) ~[qaf-3.0.0.jar:?]
	at com.qmetry.qaf.automation.core.QAFTestBase.init(QAFTestBase.java:478) ~[qaf-3.0.0.jar:?]
	at com.qmetry.qaf.automation.core.QAFTestBase.getUiDriver(QAFTestBase.java:253) ~[qaf-3.0.0.jar:?]
	at com.qmetry.qaf.automation.ui.WebDriverTestBase.getDriver(WebDriverTestBase.java:44) ~[qaf-3.0.0.jar:?]
	at com.quantum.utils.DeviceUtils.getQAFDriver(DeviceUtils.java:38) ~[quantum-support-1.23.0.jar:?]
	at com.quantum.utils.DeviceUtils.startApp(DeviceUtils.java:145) ~[quantum-support-1.23.0.jar:?]
	at com.quantum.steps.PerfectoApplicationSteps.startAppById(PerfectoApplicationSteps.java:90) ~[quantum-support-1.23.0.jar:?]
	at sun.reflect.NativeMethodAccessorImpl.invoke0(Native Method) ~[?:1.8.0_171]
	at sun.reflect.NativeMethodAccessorImpl.invoke(NativeMethodAccessorImpl.java:62) ~[?:1.8.0_171]
	at sun.reflect.DelegatingMethodAccessorImpl.invoke(DelegatingMethodAccessorImpl.java:43) ~[?:1.8.0_171]
	at java.lang.reflect.Method.invoke(Method.java:498) ~[?:1.8.0_171]
	at com.qmetry.qaf.automation.step.JavaStep.doExecute(JavaStep.java:150) ~[qaf-3.0.0.jar:?]
	at com.qmetry.qaf.automation.step.BaseTestStep.execute(BaseTestStep.java:149) [qaf-3.0.0.jar:?]
	at com.qmetry.qaf.automation.step.StringTestStep.execute(StringTestStep.java:127) [qaf-3.0.0.jar:?]
	at com.qmetry.qaf.automation.step.client.Scenario.execute(Scenario.java:174) [qaf-3.0.0.jar:?]
	at com.qmetry.qaf.automation.step.client.Scenario.scenario(Scenario.java:237) [qaf-3.0.0.jar:?]
	at sun.reflect.NativeMethodAccessorImpl.invoke0(Native Method) ~[?:1.8.0_171]
	at sun.reflect.NativeMethodAccessorImpl.invoke(NativeMethodAccessorImpl.java:62) ~[?:1.8.0_171]
	at sun.reflect.DelegatingMethodAccessorImpl.invoke(DelegatingMethodAccessorImpl.java:43) ~[?:1.8.0_171]
	at java.lang.reflect.Method.invoke(Method.java:498) ~[?:1.8.0_171]
	at org.testng.internal.MethodInvocationHelper.invokeMethod(MethodInvocationHelper.java:104) [testng-6.10.jar:?]
	at org.testng.internal.Invoker.invokeMethod(Invoker.java:645) [testng-6.10.jar:?]
	at org.testng.internal.Invoker.invokeTestMethod(Invoker.java:851) [testng-6.10.jar:?]
	at org.testng.internal.Invoker.invokeTestMethods(Invoker.java:1177) [testng-6.10.jar:?]
	at org.testng.internal.TestMethodWorker.invokeTestMethods(TestMethodWorker.java:129) [testng-6.10.jar:?]
	at org.testng.internal.TestMethodWorker.run(TestMethodWorker.java:112) [testng-6.10.jar:?]
	at org.testng.TestRunner.privateRun(TestRunner.java:778) [qaf-3.0.0.jar:?]
	at org.testng.TestRunner.run(TestRunner.java:632) [qaf-3.0.0.jar:?]
	at org.testng.SuiteRunner.runTest(SuiteRunner.java:387) [testng-6.10.jar:?]
	at org.testng.SuiteRunner.access$000(SuiteRunner.java:39) [testng-6.10.jar:?]
	at org.testng.SuiteRunner$SuiteWorker.run(SuiteRunner.java:421) [testng-6.10.jar:?]
	at org.testng.internal.thread.ThreadUtil$2.call(ThreadUtil.java:64) [testng-6.10.jar:?]
	at java.util.concurrent.FutureTask.run(FutureTask.java:266) [?:1.8.0_171]
	at java.util.concurrent.ThreadPoolExecutor.runWorker(ThreadPoolExecutor.java:1149) [?:1.8.0_171]
	at java.util.concurrent.ThreadPoolExecutor$Worker.run(ThreadPoolExecutor.java:624) [?:1.8.0_171]
	at java.lang.Thread.run(Thread.java:748) [?:1.8.0_171]
Caused by: org.openqa.selenium.WebDriverException: Unable to create driver instance in 1st attempt with retry timeout of 60 seconds. You can check/set value of 'driver.init.retry.timeout' appropriately to set retry timeout on driver initialization failure.
Build info: version: '3.141.59', revision: 'e82be7d358', time: '2018-11-14T08:17:03'
System info: host: 'VISHWAA', ip: '192.168.0.105', os.name: 'Windows 10', os.arch: 'amd64', os.version: '10.0', java.version: '1.8.0_171'
Driver info: driver.version: unknown
	at com.qmetry.qaf.automation.core.QAFTestBase$DriverInitExpectedCondition.apply(QAFTestBase.java:572) ~[qaf-3.0.0.jar:?]
	at com.qmetry.qaf.automation.core.QAFTestBase$DriverInitExpectedCondition.apply(QAFTestBase.java:1) ~[qaf-3.0.0.jar:?]
	at com.qmetry.qaf.automation.ui.util.DynamicWait.until(DynamicWait.java:147) ~[qaf-3.0.0.jar:?]
	... 35 more
Caused by: java.lang.ClassNotFoundException: com.thoughtworks.selenium.CommandProcessor
	at java.net.URLClassLoader.findClass(URLClassLoader.java:381) ~[?:1.8.0_171]
	at java.lang.ClassLoader.loadClass(ClassLoader.java:424) ~[?:1.8.0_171]
	at sun.misc.Launcher$AppClassLoader.loadClass(Launcher.java:349) ~[?:1.8.0_171]
	at java.lang.ClassLoader.loadClass(ClassLoader.java:357) ~[?:1.8.0_171]
	at com.qmetry.qaf.automation.ui.UiDriverFactory.get(UiDriverFactory.java:96) ~[quantum-support-1.23.0.jar:?]
	at com.qmetry.qaf.automation.core.QAFTestBase$DriverInitExpectedCondition.apply(QAFTestBase.java:568) ~[qaf-3.0.0.jar:?]
	at com.qmetry.qaf.automation.core.QAFTestBase$DriverInitExpectedCondition.apply(QAFTestBase.java:1) ~[qaf-3.0.0.jar:?]
	at com.qmetry.qaf.automation.ui.util.DynamicWait.until(DynamicWait.java:147) ~[qaf-3.0.0.jar:?]
	... 35 more
[07.05.2023] [10:57:09] INFO [TestNG] com.qmetry.qaf.automation.step.TestStepListener (TestStepListener.java:91) - Completed Teststep: Given I start application by id "io.perfecto.expense.tracker" with arguments: [io.perfecto.expense.tracker]
[07.05.2023] [10:57:09] INFO [TestNG] com.qmetry.qaf.automation.step.client.Scenario (Scenario.java:223) - Competed scenario: Verify Expense tracker Login with status FAILURE
[07.05.2023] [10:57:13] INFO [[WINDOWS  112.0.5615.138]] com.qmetry.qaf.automation.ui.WebDriverCommandLogger (WebDriverCommandLogger.java:86) - command: get[ param-1: {url=https://www.google.com/}] Result: null
[07.05.2023] [10:57:13] INFO [[WINDOWS  112.0.5615.138]] com.qmetry.qaf.automation.step.TestStepListener (TestStepListener.java:91) - Completed Teststep: Given I am on Google Search Page
[07.05.2023] [10:57:13] INFO [[WINDOWS  112.0.5615.138]] com.qmetry.qaf.automation.step.TestStepListener (TestStepListener.java:71) - Invoking Teststep: When I search for "perfecto mobile quantum" with arguments: [perfecto mobile quantum]
[07.05.2023] [10:57:14] INFO [[WINDOWS  112.0.5615.138]] com.qmetry.qaf.automation.ui.WebDriverCommandLogger (WebDriverCommandLogger.java:155) - Executing findElement element: By.name: q parameters: {}
[07.05.2023] [10:57:14] INFO [[WINDOWS  112.0.5615.138]] com.qmetry.qaf.automation.ui.WebDriverCommandLogger (WebDriverCommandLogger.java:106) - Executing findElement parameters: {"using":"name","value":"q"}
[07.05.2023] [10:57:14] ERROR [[WINDOWS  112.0.5615.138]] com.qmetry.qaf.automation.ui.WebDriverCommandLogger (WebDriverCommandLogger.java:128) - command: findElement[ param-1: {value=q, using=name}] Result: no such window: target window already closed
from unknown error: web view not found
  (Session info: chrome=112.0.5615.138)
Build info: version: '3.141.59', revision: 'e82be7d358', time: '2018-11-14T08:17:03'
System info: host: 'VISHWAA', ip: '192.168.0.105', os.name: 'Windows 10', os.arch: 'amd64', os.version: '10.0', java.version: '1.8.0_171'
Driver info: com.qmetry.qaf.automation.ui.webdriver.QAFExtendedWebDriver
Capabilities {acceptInsecureCerts: false, browserName: chrome, browserVersion: 112.0.5615.138, chrome: {chromedriverVersion: 112.0.5615.49 (bd2a7bcb881c..., userDataDir: C:\Users\91984\AppData\Loca...}, goog:chromeOptions: {debuggerAddress: localhost:59281}, javascriptEnabled: true, networkConnectionEnabled: false, pageLoadStrategy: normal, platform: WINDOWS, platformName: WINDOWS, proxy: Proxy(), setWindowRect: true, strictFileInteractability: false, timeouts: {implicit: 0, pageLoad: 300000, script: 30000}, unhandledPromptBehavior: dismiss and notify, webauthn:extension:credBlob: true, webauthn:extension:largeBlob: true, webauthn:extension:minPinLength: true, webauthn:extension:prf: true, webauthn:virtualAuthenticators: true}
Session ID: 70be9d9f7ed9ca5f62cda24e0a445b84
*** Element info: {Using=name, value=q}
[07.05.2023] [10:57:15] INFO [[WINDOWS  112.0.5615.138]] com.qmetry.qaf.automation.ui.WebDriverCommandLogger (WebDriverCommandLogger.java:106) - Executing findElement parameters: {"using":"name","value":"q"}
[07.05.2023] [10:57:15] ERROR [[WINDOWS  112.0.5615.138]] com.qmetry.qaf.automation.ui.WebDriverCommandLogger (WebDriverCommandLogger.java:128) - command: findElement[ param-1: {value=q, using=name}] Result: no such window: target window already closed
from unknown error: web view not found
  (Session info: chrome=112.0.5615.138)
Build info: version: '3.141.59', revision: 'e82be7d358', time: '2018-11-14T08:17:03'
System info: host: 'VISHWAA', ip: '192.168.0.105', os.name: 'Windows 10', os.arch: 'amd64', os.version: '10.0', java.version: '1.8.0_171'
Driver info: com.qmetry.qaf.automation.ui.webdriver.QAFExtendedWebDriver
Capabilities {acceptInsecureCerts: false, browserName: chrome, browserVersion: 112.0.5615.138, chrome: {chromedriverVersion: 112.0.5615.49 (bd2a7bcb881c..., userDataDir: C:\Users\91984\AppData\Loca...}, goog:chromeOptions: {debuggerAddress: localhost:59281}, javascriptEnabled: true, networkConnectionEnabled: false, pageLoadStrategy: normal, platform: WINDOWS, platformName: WINDOWS, proxy: Proxy(), setWindowRect: true, strictFileInteractability: false, timeouts: {implicit: 0, pageLoad: 300000, script: 30000}, unhandledPromptBehavior: dismiss and notify, webauthn:extension:credBlob: true, webauthn:extension:largeBlob: true, webauthn:extension:minPinLength: true, webauthn:extension:prf: true, webauthn:virtualAuthenticators: true}
Session ID: 70be9d9f7ed9ca5f62cda24e0a445b84
*** Element info: {Using=name, value=q}
[07.05.2023] [10:57:16] INFO [[WINDOWS  112.0.5615.138]] com.qmetry.qaf.automation.ui.WebDriverCommandLogger (WebDriverCommandLogger.java:106) - Executing findElement parameters: {"using":"name","value":"q"}
[07.05.2023] [10:57:16] ERROR [[WINDOWS  112.0.5615.138]] com.qmetry.qaf.automation.ui.WebDriverCommandLogger (WebDriverCommandLogger.java:128) - command: findElement[ param-1: {value=q, using=name}] Result: no such window: target window already closed
from unknown error: web view not found
  (Session info: chrome=112.0.5615.138)
Build info: version: '3.141.59', revision: 'e82be7d358', time: '2018-11-14T08:17:03'
System info: host: 'VISHWAA', ip: '192.168.0.105', os.name: 'Windows 10', os.arch: 'amd64', os.version: '10.0', java.version: '1.8.0_171'
Driver info: com.qmetry.qaf.automation.ui.webdriver.QAFExtendedWebDriver
Capabilities {acceptInsecureCerts: false, browserName: chrome, browserVersion: 112.0.5615.138, chrome: {chromedriverVersion: 112.0.5615.49 (bd2a7bcb881c..., userDataDir: C:\Users\91984\AppData\Loca...}, goog:chromeOptions: {debuggerAddress: localhost:59281}, javascriptEnabled: true, networkConnectionEnabled: false, pageLoadStrategy: normal, platform: WINDOWS, platformName: WINDOWS, proxy: Proxy(), setWindowRect: true, strictFileInteractability: false, timeouts: {implicit: 0, pageLoad: 300000, script: 30000}, unhandledPromptBehavior: dismiss and notify, webauthn:extension:credBlob: true, webauthn:extension:largeBlob: true, webauthn:extension:minPinLength: true, webauthn:extension:prf: true, webauthn:virtualAuthenticators: true}
Session ID: 70be9d9f7ed9ca5f62cda24e0a445b84
*** Element info: {Using=name, value=q}
[07.05.2023] [10:57:17] INFO [[WINDOWS  112.0.5615.138]] com.qmetry.qaf.automation.ui.WebDriverCommandLogger (WebDriverCommandLogger.java:106) - Executing findElement parameters: {"using":"name","value":"q"}
[07.05.2023] [10:57:17] ERROR [[WINDOWS  112.0.5615.138]] com.qmetry.qaf.automation.ui.WebDriverCommandLogger (WebDriverCommandLogger.java:128) - command: findElement[ param-1: {value=q, using=name}] Result: no such window: target window already closed
from unknown error: web view not found
  (Session info: chrome=112.0.5615.138)
Build info: version: '3.141.59', revision: 'e82be7d358', time: '2018-11-14T08:17:03'
System info: host: 'VISHWAA', ip: '192.168.0.105', os.name: 'Windows 10', os.arch: 'amd64', os.version: '10.0', java.version: '1.8.0_171'
Driver info: com.qmetry.qaf.automation.ui.webdriver.QAFExtendedWebDriver
Capabilities {acceptInsecureCerts: false, browserName: chrome, browserVersion: 112.0.5615.138, chrome: {chromedriverVersion: 112.0.5615.49 (bd2a7bcb881c..., userDataDir: C:\Users\91984\AppData\Loca...}, goog:chromeOptions: {debuggerAddress: localhost:59281}, javascriptEnabled: true, networkConnectionEnabled: false, pageLoadStrategy: normal, platform: WINDOWS, platformName: WINDOWS, proxy: Proxy(), setWindowRect: true, strictFileInteractability: false, timeouts: {implicit: 0, pageLoad: 300000, script: 30000}, unhandledPromptBehavior: dismiss and notify, webauthn:extension:credBlob: true, webauthn:extension:largeBlob: true, webauthn:extension:minPinLength: true, webauthn:extension:prf: true, webauthn:virtualAuthenticators: true}
Session ID: 70be9d9f7ed9ca5f62cda24e0a445b84
*** Element info: {Using=name, value=q}
[07.05.2023] [10:57:18] INFO [[WINDOWS  112.0.5615.138]] com.qmetry.qaf.automation.ui.WebDriverCommandLogger (WebDriverCommandLogger.java:106) - Executing findElement parameters: {"using":"name","value":"q"}
[07.05.2023] [10:57:18] ERROR [[WINDOWS  112.0.5615.138]] com.qmetry.qaf.automation.ui.WebDriverCommandLogger (WebDriverCommandLogger.java:128) - command: findElement[ param-1: {value=q, using=name}] Result: no such window: target window already closed
from unknown error: web view not found
  (Session info: chrome=112.0.5615.138)
Build info: version: '3.141.59', revision: 'e82be7d358', time: '2018-11-14T08:17:03'
System info: host: 'VISHWAA', ip: '192.168.0.105', os.name: 'Windows 10', os.arch: 'amd64', os.version: '10.0', java.version: '1.8.0_171'
Driver info: com.qmetry.qaf.automation.ui.webdriver.QAFExtendedWebDriver
Capabilities {acceptInsecureCerts: false, browserName: chrome, browserVersion: 112.0.5615.138, chrome: {chromedriverVersion: 112.0.5615.49 (bd2a7bcb881c..., userDataDir: C:\Users\91984\AppData\Loca...}, goog:chromeOptions: {debuggerAddress: localhost:59281}, javascriptEnabled: true, networkConnectionEnabled: false, pageLoadStrategy: normal, platform: WINDOWS, platformName: WINDOWS, proxy: Proxy(), setWindowRect: true, strictFileInteractability: false, timeouts: {implicit: 0, pageLoad: 300000, script: 30000}, unhandledPromptBehavior: dismiss and notify, webauthn:extension:credBlob: true, webauthn:extension:largeBlob: true, webauthn:extension:minPinLength: true, webauthn:extension:prf: true, webauthn:virtualAuthenticators: true}
Session ID: 70be9d9f7ed9ca5f62cda24e0a445b84
*** Element info: {Using=name, value=q}
[07.05.2023] [10:57:19] INFO [[WINDOWS  112.0.5615.138]] com.qmetry.qaf.automation.ui.WebDriverCommandLogger (WebDriverCommandLogger.java:106) - Executing findElement parameters: {"using":"name","value":"q"}
[07.05.2023] [10:57:19] ERROR [[WINDOWS  112.0.5615.138]] com.qmetry.qaf.automation.ui.WebDriverCommandLogger (WebDriverCommandLogger.java:128) - command: findElement[ param-1: {value=q, using=name}] Result: no such window: target window already closed
from unknown error: web view not found
  (Session info: chrome=112.0.5615.138)
Build info: version: '3.141.59', revision: 'e82be7d358', time: '2018-11-14T08:17:03'
System info: host: 'VISHWAA', ip: '192.168.0.105', os.name: 'Windows 10', os.arch: 'amd64', os.version: '10.0', java.version: '1.8.0_171'
Driver info: com.qmetry.qaf.automation.ui.webdriver.QAFExtendedWebDriver
Capabilities {acceptInsecureCerts: false, browserName: chrome, browserVersion: 112.0.5615.138, chrome: {chromedriverVersion: 112.0.5615.49 (bd2a7bcb881c..., userDataDir: C:\Users\91984\AppData\Loca...}, goog:chromeOptions: {debuggerAddress: localhost:59281}, javascriptEnabled: true, networkConnectionEnabled: false, pageLoadStrategy: normal, platform: WINDOWS, platformName: WINDOWS, proxy: Proxy(), setWindowRect: true, strictFileInteractability: false, timeouts: {implicit: 0, pageLoad: 300000, script: 30000}, unhandledPromptBehavior: dismiss and notify, webauthn:extension:credBlob: true, webauthn:extension:largeBlob: true, webauthn:extension:minPinLength: true, webauthn:extension:prf: true, webauthn:virtualAuthenticators: true}
Session ID: 70be9d9f7ed9ca5f62cda24e0a445b84
*** Element info: {Using=name, value=q}
[07.05.2023] [10:57:20] INFO [[WINDOWS  112.0.5615.138]] com.qmetry.qaf.automation.ui.WebDriverCommandLogger (WebDriverCommandLogger.java:106) - Executing findElement parameters: {"using":"name","value":"q"}
[07.05.2023] [10:57:20] ERROR [[WINDOWS  112.0.5615.138]] com.qmetry.qaf.automation.ui.WebDriverCommandLogger (WebDriverCommandLogger.java:128) - command: findElement[ param-1: {value=q, using=name}] Result: no such window: target window already closed
from unknown error: web view not found
  (Session info: chrome=112.0.5615.138)
Build info: version: '3.141.59', revision: 'e82be7d358', time: '2018-11-14T08:17:03'
System info: host: 'VISHWAA', ip: '192.168.0.105', os.name: 'Windows 10', os.arch: 'amd64', os.version: '10.0', java.version: '1.8.0_171'
Driver info: com.qmetry.qaf.automation.ui.webdriver.QAFExtendedWebDriver
Capabilities {acceptInsecureCerts: false, browserName: chrome, browserVersion: 112.0.5615.138, chrome: {chromedriverVersion: 112.0.5615.49 (bd2a7bcb881c..., userDataDir: C:\Users\91984\AppData\Loca...}, goog:chromeOptions: {debuggerAddress: localhost:59281}, javascriptEnabled: true, networkConnectionEnabled: false, pageLoadStrategy: normal, platform: WINDOWS, platformName: WINDOWS, proxy: Proxy(), setWindowRect: true, strictFileInteractability: false, timeouts: {implicit: 0, pageLoad: 300000, script: 30000}, unhandledPromptBehavior: dismiss and notify, webauthn:extension:credBlob: true, webauthn:extension:largeBlob: true, webauthn:extension:minPinLength: true, webauthn:extension:prf: true, webauthn:virtualAuthenticators: true}
Session ID: 70be9d9f7ed9ca5f62cda24e0a445b84
*** Element info: {Using=name, value=q}
[07.05.2023] [10:57:21] INFO [[WINDOWS  112.0.5615.138]] com.qmetry.qaf.automation.ui.WebDriverCommandLogger (WebDriverCommandLogger.java:106) - Executing findElement parameters: {"using":"name","value":"q"}
[07.05.2023] [10:57:21] ERROR [[WINDOWS  112.0.5615.138]] com.qmetry.qaf.automation.ui.WebDriverCommandLogger (WebDriverCommandLogger.java:128) - command: findElement[ param-1: {value=q, using=name}] Result: no such window: target window already closed
from unknown error: web view not found
  (Session info: chrome=112.0.5615.138)
Build info: version: '3.141.59', revision: 'e82be7d358', time: '2018-11-14T08:17:03'
System info: host: 'VISHWAA', ip: '192.168.0.105', os.name: 'Windows 10', os.arch: 'amd64', os.version: '10.0', java.version: '1.8.0_171'
Driver info: com.qmetry.qaf.automation.ui.webdriver.QAFExtendedWebDriver
Capabilities {acceptInsecureCerts: false, browserName: chrome, browserVersion: 112.0.5615.138, chrome: {chromedriverVersion: 112.0.5615.49 (bd2a7bcb881c..., userDataDir: C:\Users\91984\AppData\Loca...}, goog:chromeOptions: {debuggerAddress: localhost:59281}, javascriptEnabled: true, networkConnectionEnabled: false, pageLoadStrategy: normal, platform: WINDOWS, platformName: WINDOWS, proxy: Proxy(), setWindowRect: true, strictFileInteractability: false, timeouts: {implicit: 0, pageLoad: 300000, script: 30000}, unhandledPromptBehavior: dismiss and notify, webauthn:extension:credBlob: true, webauthn:extension:largeBlob: true, webauthn:extension:minPinLength: true, webauthn:extension:prf: true, webauthn:virtualAuthenticators: true}
Session ID: 70be9d9f7ed9ca5f62cda24e0a445b84
*** Element info: {Using=name, value=q}
[07.05.2023] [10:57:22] INFO [[WINDOWS  112.0.5615.138]] com.qmetry.qaf.automation.ui.WebDriverCommandLogger (WebDriverCommandLogger.java:106) - Executing findElement parameters: {"using":"name","value":"q"}
[07.05.2023] [10:57:22] ERROR [[WINDOWS  112.0.5615.138]] com.qmetry.qaf.automation.ui.WebDriverCommandLogger (WebDriverCommandLogger.java:128) - command: findElement[ param-1: {value=q, using=name}] Result: no such window: target window already closed
from unknown error: web view not found
  (Session info: chrome=112.0.5615.138)
Build info: version: '3.141.59', revision: 'e82be7d358', time: '2018-11-14T08:17:03'
System info: host: 'VISHWAA', ip: '192.168.0.105', os.name: 'Windows 10', os.arch: 'amd64', os.version: '10.0', java.version: '1.8.0_171'
Driver info: com.qmetry.qaf.automation.ui.webdriver.QAFExtendedWebDriver
Capabilities {acceptInsecureCerts: false, browserName: chrome, browserVersion: 112.0.5615.138, chrome: {chromedriverVersion: 112.0.5615.49 (bd2a7bcb881c..., userDataDir: C:\Users\91984\AppData\Loca...}, goog:chromeOptions: {debuggerAddress: localhost:59281}, javascriptEnabled: true, networkConnectionEnabled: false, pageLoadStrategy: normal, platform: WINDOWS, platformName: WINDOWS, proxy: Proxy(), setWindowRect: true, strictFileInteractability: false, timeouts: {implicit: 0, pageLoad: 300000, script: 30000}, unhandledPromptBehavior: dismiss and notify, webauthn:extension:credBlob: true, webauthn:extension:largeBlob: true, webauthn:extension:minPinLength: true, webauthn:extension:prf: true, webauthn:virtualAuthenticators: true}
Session ID: 70be9d9f7ed9ca5f62cda24e0a445b84
*** Element info: {Using=name, value=q}
[07.05.2023] [10:57:23] INFO [[WINDOWS  112.0.5615.138]] com.qmetry.qaf.automation.ui.WebDriverCommandLogger (WebDriverCommandLogger.java:106) - Executing findElement parameters: {"using":"name","value":"q"}
[07.05.2023] [10:57:23] ERROR [[WINDOWS  112.0.5615.138]] com.qmetry.qaf.automation.ui.WebDriverCommandLogger (WebDriverCommandLogger.java:128) - command: findElement[ param-1: {value=q, using=name}] Result: no such window: target window already closed
from unknown error: web view not found
  (Session info: chrome=112.0.5615.138)
Build info: version: '3.141.59', revision: 'e82be7d358', time: '2018-11-14T08:17:03'
System info: host: 'VISHWAA', ip: '192.168.0.105', os.name: 'Windows 10', os.arch: 'amd64', os.version: '10.0', java.version: '1.8.0_171'
Driver info: com.qmetry.qaf.automation.ui.webdriver.QAFExtendedWebDriver
Capabilities {acceptInsecureCerts: false, browserName: chrome, browserVersion: 112.0.5615.138, chrome: {chromedriverVersion: 112.0.5615.49 (bd2a7bcb881c..., userDataDir: C:\Users\91984\AppData\Loca...}, goog:chromeOptions: {debuggerAddress: localhost:59281}, javascriptEnabled: true, networkConnectionEnabled: false, pageLoadStrategy: normal, platform: WINDOWS, platformName: WINDOWS, proxy: Proxy(), setWindowRect: true, strictFileInteractability: false, timeouts: {implicit: 0, pageLoad: 300000, script: 30000}, unhandledPromptBehavior: dismiss and notify, webauthn:extension:credBlob: true, webauthn:extension:largeBlob: true, webauthn:extension:minPinLength: true, webauthn:extension:prf: true, webauthn:virtualAuthenticators: true}
Session ID: 70be9d9f7ed9ca5f62cda24e0a445b84
*** Element info: {Using=name, value=q}
[07.05.2023] [10:57:24] INFO [[WINDOWS  112.0.5615.138]] com.qmetry.qaf.automation.ui.WebDriverCommandLogger (WebDriverCommandLogger.java:106) - Executing findElement parameters: {"using":"name","value":"q"}
[07.05.2023] [10:57:24] ERROR [[WINDOWS  112.0.5615.138]] com.qmetry.qaf.automation.ui.WebDriverCommandLogger (WebDriverCommandLogger.java:128) - command: findElement[ param-1: {value=q, using=name}] Result: no such window: target window already closed
from unknown error: web view not found
  (Session info: chrome=112.0.5615.138)
Build info: version: '3.141.59', revision: 'e82be7d358', time: '2018-11-14T08:17:03'
System info: host: 'VISHWAA', ip: '192.168.0.105', os.name: 'Windows 10', os.arch: 'amd64', os.version: '10.0', java.version: '1.8.0_171'
Driver info: com.qmetry.qaf.automation.ui.webdriver.QAFExtendedWebDriver
Capabilities {acceptInsecureCerts: false, browserName: chrome, browserVersion: 112.0.5615.138, chrome: {chromedriverVersion: 112.0.5615.49 (bd2a7bcb881c..., userDataDir: C:\Users\91984\AppData\Loca...}, goog:chromeOptions: {debuggerAddress: localhost:59281}, javascriptEnabled: true, networkConnectionEnabled: false, pageLoadStrategy: normal, platform: WINDOWS, platformName: WINDOWS, proxy: Proxy(), setWindowRect: true, strictFileInteractability: false, timeouts: {implicit: 0, pageLoad: 300000, script: 30000}, unhandledPromptBehavior: dismiss and notify, webauthn:extension:credBlob: true, webauthn:extension:largeBlob: true, webauthn:extension:minPinLength: true, webauthn:extension:prf: true, webauthn:virtualAuthenticators: true}
Session ID: 70be9d9f7ed9ca5f62cda24e0a445b84
*** Element info: {Using=name, value=q}
[07.05.2023] [10:57:25] INFO [[WINDOWS  112.0.5615.138]] com.qmetry.qaf.automation.ui.WebDriverCommandLogger (WebDriverCommandLogger.java:106) - Executing findElement parameters: {"using":"name","value":"q"}
[07.05.2023] [10:57:25] ERROR [[WINDOWS  112.0.5615.138]] com.qmetry.qaf.automation.ui.WebDriverCommandLogger (WebDriverCommandLogger.java:128) - command: findElement[ param-1: {value=q, using=name}] Result: no such window: target window already closed
from unknown error: web view not found
  (Session info: chrome=112.0.5615.138)
Build info: version: '3.141.59', revision: 'e82be7d358', time: '2018-11-14T08:17:03'
System info: host: 'VISHWAA', ip: '192.168.0.105', os.name: 'Windows 10', os.arch: 'amd64', os.version: '10.0', java.version: '1.8.0_171'
Driver info: com.qmetry.qaf.automation.ui.webdriver.QAFExtendedWebDriver
Capabilities {acceptInsecureCerts: false, browserName: chrome, browserVersion: 112.0.5615.138, chrome: {chromedriverVersion: 112.0.5615.49 (bd2a7bcb881c..., userDataDir: C:\Users\91984\AppData\Loca...}, goog:chromeOptions: {debuggerAddress: localhost:59281}, javascriptEnabled: true, networkConnectionEnabled: false, pageLoadStrategy: normal, platform: WINDOWS, platformName: WINDOWS, proxy: Proxy(), setWindowRect: true, strictFileInteractability: false, timeouts: {implicit: 0, pageLoad: 300000, script: 30000}, unhandledPromptBehavior: dismiss and notify, webauthn:extension:credBlob: true, webauthn:extension:largeBlob: true, webauthn:extension:minPinLength: true, webauthn:extension:prf: true, webauthn:virtualAuthenticators: true}
Session ID: 70be9d9f7ed9ca5f62cda24e0a445b84
*** Element info: {Using=name, value=q}
[07.05.2023] [10:57:26] INFO [[WINDOWS  112.0.5615.138]] com.qmetry.qaf.automation.ui.WebDriverCommandLogger (WebDriverCommandLogger.java:106) - Executing findElement parameters: {"using":"name","value":"q"}
[07.05.2023] [10:57:26] ERROR [[WINDOWS  112.0.5615.138]] com.qmetry.qaf.automation.ui.WebDriverCommandLogger (WebDriverCommandLogger.java:128) - command: findElement[ param-1: {value=q, using=name}] Result: no such window: target window already closed
from unknown error: web view not found
  (Session info: chrome=112.0.5615.138)
Build info: version: '3.141.59', revision: 'e82be7d358', time: '2018-11-14T08:17:03'
System info: host: 'VISHWAA', ip: '192.168.0.105', os.name: 'Windows 10', os.arch: 'amd64', os.version: '10.0', java.version: '1.8.0_171'
Driver info: com.qmetry.qaf.automation.ui.webdriver.QAFExtendedWebDriver
Capabilities {acceptInsecureCerts: false, browserName: chrome, browserVersion: 112.0.5615.138, chrome: {chromedriverVersion: 112.0.5615.49 (bd2a7bcb881c..., userDataDir: C:\Users\91984\AppData\Loca...}, goog:chromeOptions: {debuggerAddress: localhost:59281}, javascriptEnabled: true, networkConnectionEnabled: false, pageLoadStrategy: normal, platform: WINDOWS, platformName: WINDOWS, proxy: Proxy(), setWindowRect: true, strictFileInteractability: false, timeouts: {implicit: 0, pageLoad: 300000, script: 30000}, unhandledPromptBehavior: dismiss and notify, webauthn:extension:credBlob: true, webauthn:extension:largeBlob: true, webauthn:extension:minPinLength: true, webauthn:extension:prf: true, webauthn:virtualAuthenticators: true}
Session ID: 70be9d9f7ed9ca5f62cda24e0a445b84
*** Element info: {Using=name, value=q}
[07.05.2023] [10:57:27] INFO [[WINDOWS  112.0.5615.138]] com.qmetry.qaf.automation.ui.WebDriverCommandLogger (WebDriverCommandLogger.java:106) - Executing findElement parameters: {"using":"name","value":"q"}
[07.05.2023] [10:57:27] ERROR [[WINDOWS  112.0.5615.138]] com.qmetry.qaf.automation.ui.WebDriverCommandLogger (WebDriverCommandLogger.java:128) - command: findElement[ param-1: {value=q, using=name}] Result: no such window: target window already closed
from unknown error: web view not found
  (Session info: chrome=112.0.5615.138)
Build info: version: '3.141.59', revision: 'e82be7d358', time: '2018-11-14T08:17:03'
System info: host: 'VISHWAA', ip: '192.168.0.105', os.name: 'Windows 10', os.arch: 'amd64', os.version: '10.0', java.version: '1.8.0_171'
Driver info: com.qmetry.qaf.automation.ui.webdriver.QAFExtendedWebDriver
Capabilities {acceptInsecureCerts: false, browserName: chrome, browserVersion: 112.0.5615.138, chrome: {chromedriverVersion: 112.0.5615.49 (bd2a7bcb881c..., userDataDir: C:\Users\91984\AppData\Loca...}, goog:chromeOptions: {debuggerAddress: localhost:59281}, javascriptEnabled: true, networkConnectionEnabled: false, pageLoadStrategy: normal, platform: WINDOWS, platformName: WINDOWS, proxy: Proxy(), setWindowRect: true, strictFileInteractability: false, timeouts: {implicit: 0, pageLoad: 300000, script: 30000}, unhandledPromptBehavior: dismiss and notify, webauthn:extension:credBlob: true, webauthn:extension:largeBlob: true, webauthn:extension:minPinLength: true, webauthn:extension:prf: true, webauthn:virtualAuthenticators: true}
Session ID: 70be9d9f7ed9ca5f62cda24e0a445b84
*** Element info: {Using=name, value=q}
[07.05.2023] [10:57:28] INFO [[WINDOWS  112.0.5615.138]] com.qmetry.qaf.automation.ui.WebDriverCommandLogger (WebDriverCommandLogger.java:106) - Executing findElement parameters: {"using":"name","value":"q"}
[07.05.2023] [10:57:28] ERROR [[WINDOWS  112.0.5615.138]] com.qmetry.qaf.automation.ui.WebDriverCommandLogger (WebDriverCommandLogger.java:128) - command: findElement[ param-1: {value=q, using=name}] Result: no such window: target window already closed
from unknown error: web view not found
  (Session info: chrome=112.0.5615.138)
Build info: version: '3.141.59', revision: 'e82be7d358', time: '2018-11-14T08:17:03'
System info: host: 'VISHWAA', ip: '192.168.0.105', os.name: 'Windows 10', os.arch: 'amd64', os.version: '10.0', java.version: '1.8.0_171'
Driver info: com.qmetry.qaf.automation.ui.webdriver.QAFExtendedWebDriver
Capabilities {acceptInsecureCerts: false, browserName: chrome, browserVersion: 112.0.5615.138, chrome: {chromedriverVersion: 112.0.5615.49 (bd2a7bcb881c..., userDataDir: C:\Users\91984\AppData\Loca...}, goog:chromeOptions: {debuggerAddress: localhost:59281}, javascriptEnabled: true, networkConnectionEnabled: false, pageLoadStrategy: normal, platform: WINDOWS, platformName: WINDOWS, proxy: Proxy(), setWindowRect: true, strictFileInteractability: false, timeouts: {implicit: 0, pageLoad: 300000, script: 30000}, unhandledPromptBehavior: dismiss and notify, webauthn:extension:credBlob: true, webauthn:extension:largeBlob: true, webauthn:extension:minPinLength: true, webauthn:extension:prf: true, webauthn:virtualAuthenticators: true}
Session ID: 70be9d9f7ed9ca5f62cda24e0a445b84
*** Element info: {Using=name, value=q}
[07.05.2023] [10:57:29] INFO [[WINDOWS  112.0.5615.138]] com.qmetry.qaf.automation.ui.WebDriverCommandLogger (WebDriverCommandLogger.java:106) - Executing findElement parameters: {"using":"name","value":"q"}
[07.05.2023] [10:57:29] ERROR [[WINDOWS  112.0.5615.138]] com.qmetry.qaf.automation.ui.WebDriverCommandLogger (WebDriverCommandLogger.java:128) - command: findElement[ param-1: {value=q, using=name}] Result: no such window: target window already closed
from unknown error: web view not found
  (Session info: chrome=112.0.5615.138)
Build info: version: '3.141.59', revision: 'e82be7d358', time: '2018-11-14T08:17:03'
System info: host: 'VISHWAA', ip: '192.168.0.105', os.name: 'Windows 10', os.arch: 'amd64', os.version: '10.0', java.version: '1.8.0_171'
Driver info: com.qmetry.qaf.automation.ui.webdriver.QAFExtendedWebDriver
Capabilities {acceptInsecureCerts: false, browserName: chrome, browserVersion: 112.0.5615.138, chrome: {chromedriverVersion: 112.0.5615.49 (bd2a7bcb881c..., userDataDir: C:\Users\91984\AppData\Loca...}, goog:chromeOptions: {debuggerAddress: localhost:59281}, javascriptEnabled: true, networkConnectionEnabled: false, pageLoadStrategy: normal, platform: WINDOWS, platformName: WINDOWS, proxy: Proxy(), setWindowRect: true, strictFileInteractability: false, timeouts: {implicit: 0, pageLoad: 300000, script: 30000}, unhandledPromptBehavior: dismiss and notify, webauthn:extension:credBlob: true, webauthn:extension:largeBlob: true, webauthn:extension:minPinLength: true, webauthn:extension:prf: true, webauthn:virtualAuthenticators: true}
Session ID: 70be9d9f7ed9ca5f62cda24e0a445b84
*** Element info: {Using=name, value=q}
[07.05.2023] [10:57:29] INFO [[WINDOWS  112.0.5615.138]] com.qmetry.qaf.automation.ui.WebDriverCommandLogger (WebDriverCommandLogger.java:178) - command: isElementEnabled[ param-1: By.name: q param-2: {"id":"-1"}] Result: Timed out after 15 seconds waiting for presence of element located by: By.name: q
[07.05.2023] [10:57:29] ERROR [[WINDOWS  112.0.5615.138]] com.qmetry.qaf.automation.step.TestStepListener (TestStepListener.java:83) - Failure Teststep: When I search for "perfecto mobile quantum" with arguments: [perfecto mobile quantum]
org.openqa.selenium.TimeoutException: Timed out after 10 seconds: Wait time out for Search Text Box to be enabled
	at com.qmetry.qaf.automation.ui.util.DynamicWait.until(DynamicWait.java:168) ~[qaf-3.0.0.jar:?]
	at com.qmetry.qaf.automation.ui.webdriver.QAFExtendedWebElement.waitForEnabled(QAFExtendedWebElement.java:562) ~[qaf-3.0.0.jar:?]
	at com.quantum.pages.GooglePage.search(GooglePage.java:34) ~[classes/:?]
	at com.quantum.steps.GoogleStepDefs.I_search_for(GoogleStepDefs.java:28) ~[classes/:?]
	at sun.reflect.NativeMethodAccessorImpl.invoke0(Native Method) ~[?:1.8.0_171]
	at sun.reflect.NativeMethodAccessorImpl.invoke(NativeMethodAccessorImpl.java:62) ~[?:1.8.0_171]
	at sun.reflect.DelegatingMethodAccessorImpl.invoke(DelegatingMethodAccessorImpl.java:43) ~[?:1.8.0_171]
	at java.lang.reflect.Method.invoke(Method.java:498) ~[?:1.8.0_171]
	at com.qmetry.qaf.automation.step.JavaStep.doExecute(JavaStep.java:150) ~[qaf-3.0.0.jar:?]
	at com.qmetry.qaf.automation.step.BaseTestStep.execute(BaseTestStep.java:149) [qaf-3.0.0.jar:?]
	at com.qmetry.qaf.automation.step.StringTestStep.execute(StringTestStep.java:127) [qaf-3.0.0.jar:?]
	at com.qmetry.qaf.automation.step.client.Scenario.execute(Scenario.java:174) [qaf-3.0.0.jar:?]
	at com.qmetry.qaf.automation.step.client.Scenario.scenario(Scenario.java:237) [qaf-3.0.0.jar:?]
	at sun.reflect.NativeMethodAccessorImpl.invoke0(Native Method) ~[?:1.8.0_171]
	at sun.reflect.NativeMethodAccessorImpl.invoke(NativeMethodAccessorImpl.java:62) ~[?:1.8.0_171]
	at sun.reflect.DelegatingMethodAccessorImpl.invoke(DelegatingMethodAccessorImpl.java:43) ~[?:1.8.0_171]
	at java.lang.reflect.Method.invoke(Method.java:498) ~[?:1.8.0_171]
	at org.testng.internal.MethodInvocationHelper.invokeMethod(MethodInvocationHelper.java:104) [testng-6.10.jar:?]
	at org.testng.internal.Invoker.invokeMethod(Invoker.java:645) [testng-6.10.jar:?]
	at org.testng.internal.Invoker.invokeTestMethod(Invoker.java:851) [testng-6.10.jar:?]
	at org.testng.internal.Invoker.invokeTestMethods(Invoker.java:1177) [testng-6.10.jar:?]
	at org.testng.internal.TestMethodWorker.invokeTestMethods(TestMethodWorker.java:129) [testng-6.10.jar:?]
	at org.testng.internal.TestMethodWorker.run(TestMethodWorker.java:112) [testng-6.10.jar:?]
	at org.testng.TestRunner.privateRun(TestRunner.java:778) [qaf-3.0.0.jar:?]
	at org.testng.TestRunner.run(TestRunner.java:632) [qaf-3.0.0.jar:?]
	at org.testng.SuiteRunner.runTest(SuiteRunner.java:387) [testng-6.10.jar:?]
	at org.testng.SuiteRunner.access$000(SuiteRunner.java:39) [testng-6.10.jar:?]
	at org.testng.SuiteRunner$SuiteWorker.run(SuiteRunner.java:421) [testng-6.10.jar:?]
	at org.testng.internal.thread.ThreadUtil$2.call(ThreadUtil.java:64) [testng-6.10.jar:?]
	at java.util.concurrent.FutureTask.run(FutureTask.java:266) [?:1.8.0_171]
	at java.util.concurrent.ThreadPoolExecutor.runWorker(ThreadPoolExecutor.java:1149) [?:1.8.0_171]
	at java.util.concurrent.ThreadPoolExecutor$Worker.run(ThreadPoolExecutor.java:624) [?:1.8.0_171]
	at java.lang.Thread.run(Thread.java:748) [?:1.8.0_171]
Caused by: org.openqa.selenium.TimeoutException: Timed out after 15 seconds waiting for presence of element located by: By.name: q
	at com.qmetry.qaf.automation.ui.util.DynamicWait.until(DynamicWait.java:168) ~[qaf-3.0.0.jar:?]
	at com.qmetry.qaf.automation.ui.webdriver.QAFExtendedWebDriver.load(QAFExtendedWebDriver.java:213) ~[quantum-support-1.23.0.jar:?]
	at com.qmetry.qaf.automation.ui.webdriver.QAFExtendedWebElement.load(QAFExtendedWebElement.java:302) ~[qaf-3.0.0.jar:?]
	at com.qmetry.qaf.automation.ui.webdriver.QAFExtendedWebElement.execute(QAFExtendedWebElement.java:249) ~[qaf-3.0.0.jar:?]
	at org.openqa.selenium.remote.RemoteWebElement.isEnabled(RemoteWebElement.java:156) ~[selenium-remote-driver-3.141.59.jar:?]
	at com.qmetry.qaf.automation.ui.util.QAFWebElementExpectedConditions$9.apply(QAFWebElementExpectedConditions.java:172) ~[qaf-3.0.0.jar:?]
	at com.qmetry.qaf.automation.ui.util.QAFWebElementExpectedConditions$9.apply(QAFWebElementExpectedConditions.java:1) ~[qaf-3.0.0.jar:?]
	at com.qmetry.qaf.automation.ui.util.DynamicWait.until(DynamicWait.java:147) ~[qaf-3.0.0.jar:?]
	... 32 more
Caused by: org.openqa.selenium.NoSuchWindowException: no such window: target window already closed
from unknown error: web view not found
  (Session info: chrome=112.0.5615.138)
Build info: version: '3.141.59', revision: 'e82be7d358', time: '2018-11-14T08:17:03'
System info: host: 'VISHWAA', ip: '192.168.0.105', os.name: 'Windows 10', os.arch: 'amd64', os.version: '10.0', java.version: '1.8.0_171'
Driver info: com.qmetry.qaf.automation.ui.webdriver.QAFExtendedWebDriver
Capabilities {acceptInsecureCerts: false, browserName: chrome, browserVersion: 112.0.5615.138, chrome: {chromedriverVersion: 112.0.5615.49 (bd2a7bcb881c..., userDataDir: C:\Users\91984\AppData\Loca...}, goog:chromeOptions: {debuggerAddress: localhost:59281}, javascriptEnabled: true, networkConnectionEnabled: false, pageLoadStrategy: normal, platform: WINDOWS, platformName: WINDOWS, proxy: Proxy(), setWindowRect: true, strictFileInteractability: false, timeouts: {implicit: 0, pageLoad: 300000, script: 30000}, unhandledPromptBehavior: dismiss and notify, webauthn:extension:credBlob: true, webauthn:extension:largeBlob: true, webauthn:extension:minPinLength: true, webauthn:extension:prf: true, webauthn:virtualAuthenticators: true}
Session ID: 70be9d9f7ed9ca5f62cda24e0a445b84
*** Element info: {Using=name, value=q}
	at sun.reflect.NativeConstructorAccessorImpl.newInstance0(Native Method) ~[?:1.8.0_171]
	at sun.reflect.NativeConstructorAccessorImpl.newInstance(NativeConstructorAccessorImpl.java:62) ~[?:1.8.0_171]
	at sun.reflect.DelegatingConstructorAccessorImpl.newInstance(DelegatingConstructorAccessorImpl.java:45) ~[?:1.8.0_171]
	at java.lang.reflect.Constructor.newInstance(Constructor.java:423) ~[?:1.8.0_171]
	at org.openqa.selenium.remote.http.W3CHttpResponseCodec.createException(W3CHttpResponseCodec.java:187) ~[selenium-remote-driver-3.141.59.jar:?]
	at org.openqa.selenium.remote.http.W3CHttpResponseCodec.decode(W3CHttpResponseCodec.java:122) ~[selenium-remote-driver-3.141.59.jar:?]
	at org.openqa.selenium.remote.http.W3CHttpResponseCodec.decode(W3CHttpResponseCodec.java:49) ~[selenium-remote-driver-3.141.59.jar:?]
	at org.openqa.selenium.remote.HttpCommandExecutor.execute(HttpCommandExecutor.java:158) ~[selenium-remote-driver-3.141.59.jar:?]
	at org.openqa.selenium.remote.RemoteWebDriver.execute(RemoteWebDriver.java:552) ~[selenium-remote-driver-3.141.59.jar:?]
	at com.qmetry.qaf.automation.ui.webdriver.QAFExtendedWebDriver.execute(QAFExtendedWebDriver.java:233) ~[quantum-support-1.23.0.jar:?]
	at org.openqa.selenium.remote.RemoteWebDriver.findElement(RemoteWebDriver.java:323) ~[selenium-remote-driver-3.141.59.jar:?]
	at org.openqa.selenium.remote.RemoteWebDriver.findElementByName(RemoteWebDriver.java:404) ~[selenium-remote-driver-3.141.59.jar:?]
	at com.qmetry.qaf.automation.ui.webdriver.QAFExtendedWebDriver.findElementByName(QAFExtendedWebDriver.java:381) ~[quantum-support-1.23.0.jar:?]
	at com.qmetry.qaf.automation.ui.webdriver.QAFExtendedWebDriver.findElementByName(QAFExtendedWebDriver.java:78) ~[quantum-support-1.23.0.jar:?]
	at org.openqa.selenium.By$ByName.findElement(By.java:284) ~[selenium-api-3.141.59.jar:?]
	at org.openqa.selenium.remote.RemoteWebDriver.findElement(RemoteWebDriver.java:315) ~[selenium-remote-driver-3.141.59.jar:?]
	at com.qmetry.qaf.automation.ui.webdriver.QAFExtendedWebDriver.findElement(QAFExtendedWebDriver.java:169) ~[quantum-support-1.23.0.jar:?]
	at com.qmetry.qaf.automation.ui.webdriver.QAFExtendedWebDriver.findElement(QAFExtendedWebDriver.java:78) ~[quantum-support-1.23.0.jar:?]
	at org.openqa.selenium.support.ui.ExpectedConditions$6.apply(ExpectedConditions.java:182) ~[selenium-support-3.141.59.jar:?]
	at org.openqa.selenium.support.ui.ExpectedConditions$6.apply(ExpectedConditions.java:179) ~[selenium-support-3.141.59.jar:?]
	at com.qmetry.qaf.automation.ui.util.DynamicWait.until(DynamicWait.java:147) ~[qaf-3.0.0.jar:?]
	at com.qmetry.qaf.automation.ui.webdriver.QAFExtendedWebDriver.load(QAFExtendedWebDriver.java:213) ~[quantum-support-1.23.0.jar:?]
	at com.qmetry.qaf.automation.ui.webdriver.QAFExtendedWebElement.load(QAFExtendedWebElement.java:302) ~[qaf-3.0.0.jar:?]
	at com.qmetry.qaf.automation.ui.webdriver.QAFExtendedWebElement.execute(QAFExtendedWebElement.java:249) ~[qaf-3.0.0.jar:?]
	at org.openqa.selenium.remote.RemoteWebElement.isEnabled(RemoteWebElement.java:156) ~[selenium-remote-driver-3.141.59.jar:?]
	at com.qmetry.qaf.automation.ui.util.QAFWebElementExpectedConditions$9.apply(QAFWebElementExpectedConditions.java:172) ~[qaf-3.0.0.jar:?]
	at com.qmetry.qaf.automation.ui.util.QAFWebElementExpectedConditions$9.apply(QAFWebElementExpectedConditions.java:1) ~[qaf-3.0.0.jar:?]
	at com.qmetry.qaf.automation.ui.util.DynamicWait.until(DynamicWait.java:147) ~[qaf-3.0.0.jar:?]
	... 32 more
[07.05.2023] [10:57:29] INFO [[WINDOWS  112.0.5615.138]] com.qmetry.qaf.automation.step.TestStepListener (TestStepListener.java:91) - Completed Teststep: When I search for "perfecto mobile quantum" with arguments: [perfecto mobile quantum]
[07.05.2023] [10:57:29] INFO [[WINDOWS  112.0.5615.138]] com.qmetry.qaf.automation.step.client.Scenario (Scenario.java:223) - Competed scenario: Search Quantum with status FAILURE
[07.05.2023] [10:57:29] INFO [[WINDOWS  112.0.5615.138]] com.qmetry.qaf.automation.ui.WebDriverCommandLogger (WebDriverCommandLogger.java:106) - Executing screenshot parameters: {}
[07.05.2023] [10:57:29] ERROR [[WINDOWS  112.0.5615.138]] com.qmetry.qaf.automation.ui.WebDriverCommandLogger (WebDriverCommandLogger.java:128) - command: screenshot[ param-1: {}] Result: no such window: target window already closed
from unknown error: web view not found
  (Session info: chrome=112.0.5615.138)
Build info: version: '3.141.59', revision: 'e82be7d358', time: '2018-11-14T08:17:03'
System info: host: 'VISHWAA', ip: '192.168.0.105', os.name: 'Windows 10', os.arch: 'amd64', os.version: '10.0', java.version: '1.8.0_171'
Driver info: com.qmetry.qaf.automation.ui.webdriver.QAFExtendedWebDriver
Capabilities {acceptInsecureCerts: false, browserName: chrome, browserVersion: 112.0.5615.138, chrome: {chromedriverVersion: 112.0.5615.49 (bd2a7bcb881c..., userDataDir: C:\Users\91984\AppData\Loca...}, goog:chromeOptions: {debuggerAddress: localhost:59281}, javascriptEnabled: true, networkConnectionEnabled: false, pageLoadStrategy: normal, platform: WINDOWS, platformName: WINDOWS, proxy: Proxy(), setWindowRect: true, strictFileInteractability: false, timeouts: {implicit: 0, pageLoad: 300000, script: 30000}, unhandledPromptBehavior: dismiss and notify, webauthn:extension:credBlob: true, webauthn:extension:largeBlob: true, webauthn:extension:minPinLength: true, webauthn:extension:prf: true, webauthn:virtualAuthenticators: true}
Session ID: 70be9d9f7ed9ca5f62cda24e0a445b84
[07.05.2023] [10:57:29] INFO [[WINDOWS  112.0.5615.138]] com.qmetry.qaf.automation.step.client.Scenario (Scenario.java:284) - 

Executing scenario: Search Quantum with results - 
[07.05.2023] [10:57:29] INFO [[WINDOWS  112.0.5615.138]] com.qmetry.qaf.automation.step.TestStepListener (TestStepListener.java:71) - Invoking Teststep: Given I am on Google Search Page
[07.05.2023] [10:57:29] INFO [[WINDOWS  112.0.5615.138]] com.qmetry.qaf.automation.ui.WebDriverCommandLogger (WebDriverCommandLogger.java:106) - Executing get parameters: {"url":"https://www.google.com/"}
[07.05.2023] [10:57:29] ERROR [[WINDOWS  112.0.5615.138]] com.qmetry.qaf.automation.ui.WebDriverCommandLogger (WebDriverCommandLogger.java:128) - command: get[ param-1: {url=https://www.google.com/}] Result: no such window: target window already closed
from unknown error: web view not found
  (Session info: chrome=112.0.5615.138)
Build info: version: '3.141.59', revision: 'e82be7d358', time: '2018-11-14T08:17:03'
System info: host: 'VISHWAA', ip: '192.168.0.105', os.name: 'Windows 10', os.arch: 'amd64', os.version: '10.0', java.version: '1.8.0_171'
Driver info: com.qmetry.qaf.automation.ui.webdriver.QAFExtendedWebDriver
Capabilities {acceptInsecureCerts: false, browserName: chrome, browserVersion: 112.0.5615.138, chrome: {chromedriverVersion: 112.0.5615.49 (bd2a7bcb881c..., userDataDir: C:\Users\91984\AppData\Loca...}, goog:chromeOptions: {debuggerAddress: localhost:59281}, javascriptEnabled: true, networkConnectionEnabled: false, pageLoadStrategy: normal, platform: WINDOWS, platformName: WINDOWS, proxy: Proxy(), setWindowRect: true, strictFileInteractability: false, timeouts: {implicit: 0, pageLoad: 300000, script: 30000}, unhandledPromptBehavior: dismiss and notify, webauthn:extension:credBlob: true, webauthn:extension:largeBlob: true, webauthn:extension:minPinLength: true, webauthn:extension:prf: true, webauthn:virtualAuthenticators: true}
Session ID: 70be9d9f7ed9ca5f62cda24e0a445b84
[07.05.2023] [10:57:29] ERROR [[WINDOWS  112.0.5615.138]] com.qmetry.qaf.automation.step.TestStepListener (TestStepListener.java:83) - Failure Teststep: Given I am on Google Search Page
org.openqa.selenium.NoSuchWindowException: no such window: target window already closed
from unknown error: web view not found
  (Session info: chrome=112.0.5615.138)
Build info: version: '3.141.59', revision: 'e82be7d358', time: '2018-11-14T08:17:03'
System info: host: 'VISHWAA', ip: '192.168.0.105', os.name: 'Windows 10', os.arch: 'amd64', os.version: '10.0', java.version: '1.8.0_171'
Driver info: com.qmetry.qaf.automation.ui.webdriver.QAFExtendedWebDriver
Capabilities {acceptInsecureCerts: false, browserName: chrome, browserVersion: 112.0.5615.138, chrome: {chromedriverVersion: 112.0.5615.49 (bd2a7bcb881c..., userDataDir: C:\Users\91984\AppData\Loca...}, goog:chromeOptions: {debuggerAddress: localhost:59281}, javascriptEnabled: true, networkConnectionEnabled: false, pageLoadStrategy: normal, platform: WINDOWS, platformName: WINDOWS, proxy: Proxy(), setWindowRect: true, strictFileInteractability: false, timeouts: {implicit: 0, pageLoad: 300000, script: 30000}, unhandledPromptBehavior: dismiss and notify, webauthn:extension:credBlob: true, webauthn:extension:largeBlob: true, webauthn:extension:minPinLength: true, webauthn:extension:prf: true, webauthn:virtualAuthenticators: true}
Session ID: 70be9d9f7ed9ca5f62cda24e0a445b84
	at sun.reflect.GeneratedConstructorAccessor47.newInstance(Unknown Source) ~[?:?]
	at sun.reflect.DelegatingConstructorAccessorImpl.newInstance(DelegatingConstructorAccessorImpl.java:45) ~[?:1.8.0_171]
	at java.lang.reflect.Constructor.newInstance(Constructor.java:423) ~[?:1.8.0_171]
	at org.openqa.selenium.remote.http.W3CHttpResponseCodec.createException(W3CHttpResponseCodec.java:187) ~[selenium-remote-driver-3.141.59.jar:?]
	at org.openqa.selenium.remote.http.W3CHttpResponseCodec.decode(W3CHttpResponseCodec.java:122) ~[selenium-remote-driver-3.141.59.jar:?]
	at org.openqa.selenium.remote.http.W3CHttpResponseCodec.decode(W3CHttpResponseCodec.java:49) ~[selenium-remote-driver-3.141.59.jar:?]
	at org.openqa.selenium.remote.HttpCommandExecutor.execute(HttpCommandExecutor.java:158) ~[selenium-remote-driver-3.141.59.jar:?]
	at org.openqa.selenium.remote.RemoteWebDriver.execute(RemoteWebDriver.java:552) ~[selenium-remote-driver-3.141.59.jar:?]
	at com.qmetry.qaf.automation.ui.webdriver.QAFExtendedWebDriver.execute(QAFExtendedWebDriver.java:233) ~[quantum-support-1.23.0.jar:?]
	at org.openqa.selenium.remote.RemoteWebDriver.get(RemoteWebDriver.java:277) ~[selenium-remote-driver-3.141.59.jar:?]
	at com.quantum.steps.GoogleStepDefs.I_am_on_Google_Search_Page(GoogleStepDefs.java:23) ~[classes/:?]
	at sun.reflect.NativeMethodAccessorImpl.invoke0(Native Method) ~[?:1.8.0_171]
	at sun.reflect.NativeMethodAccessorImpl.invoke(NativeMethodAccessorImpl.java:62) ~[?:1.8.0_171]
	at sun.reflect.DelegatingMethodAccessorImpl.invoke(DelegatingMethodAccessorImpl.java:43) ~[?:1.8.0_171]
	at java.lang.reflect.Method.invoke(Method.java:498) ~[?:1.8.0_171]
	at com.qmetry.qaf.automation.step.JavaStep.doExecute(JavaStep.java:150) ~[qaf-3.0.0.jar:?]
	at com.qmetry.qaf.automation.step.BaseTestStep.execute(BaseTestStep.java:149) [qaf-3.0.0.jar:?]
	at com.qmetry.qaf.automation.step.StringTestStep.execute(StringTestStep.java:127) [qaf-3.0.0.jar:?]
	at com.qmetry.qaf.automation.step.client.Scenario.execute(Scenario.java:174) [qaf-3.0.0.jar:?]
	at com.qmetry.qaf.automation.step.client.Scenario.scenario(Scenario.java:237) [qaf-3.0.0.jar:?]
	at sun.reflect.NativeMethodAccessorImpl.invoke0(Native Method) ~[?:1.8.0_171]
	at sun.reflect.NativeMethodAccessorImpl.invoke(NativeMethodAccessorImpl.java:62) ~[?:1.8.0_171]
	at sun.reflect.DelegatingMethodAccessorImpl.invoke(DelegatingMethodAccessorImpl.java:43) ~[?:1.8.0_171]
	at java.lang.reflect.Method.invoke(Method.java:498) ~[?:1.8.0_171]
	at org.testng.internal.MethodInvocationHelper.invokeMethod(MethodInvocationHelper.java:104) [testng-6.10.jar:?]
	at org.testng.internal.Invoker.invokeMethod(Invoker.java:645) [testng-6.10.jar:?]
	at org.testng.internal.Invoker.invokeTestMethod(Invoker.java:851) [testng-6.10.jar:?]
	at org.testng.internal.Invoker.invokeTestMethods(Invoker.java:1177) [testng-6.10.jar:?]
	at org.testng.internal.TestMethodWorker.invokeTestMethods(TestMethodWorker.java:129) [testng-6.10.jar:?]
	at org.testng.internal.TestMethodWorker.run(TestMethodWorker.java:112) [testng-6.10.jar:?]
	at org.testng.TestRunner.privateRun(TestRunner.java:778) [qaf-3.0.0.jar:?]
	at org.testng.TestRunner.run(TestRunner.java:632) [qaf-3.0.0.jar:?]
	at org.testng.SuiteRunner.runTest(SuiteRunner.java:387) [testng-6.10.jar:?]
	at org.testng.SuiteRunner.access$000(SuiteRunner.java:39) [testng-6.10.jar:?]
	at org.testng.SuiteRunner$SuiteWorker.run(SuiteRunner.java:421) [testng-6.10.jar:?]
	at org.testng.internal.thread.ThreadUtil$2.call(ThreadUtil.java:64) [testng-6.10.jar:?]
	at java.util.concurrent.FutureTask.run(FutureTask.java:266) [?:1.8.0_171]
	at java.util.concurrent.ThreadPoolExecutor.runWorker(ThreadPoolExecutor.java:1149) [?:1.8.0_171]
	at java.util.concurrent.ThreadPoolExecutor$Worker.run(ThreadPoolExecutor.java:624) [?:1.8.0_171]
	at java.lang.Thread.run(Thread.java:748) [?:1.8.0_171]
[07.05.2023] [10:57:29] INFO [[WINDOWS  112.0.5615.138]] com.qmetry.qaf.automation.step.TestStepListener (TestStepListener.java:91) - Completed Teststep: Given I am on Google Search Page
[07.05.2023] [10:57:29] INFO [[WINDOWS  112.0.5615.138]] com.qmetry.qaf.automation.step.client.Scenario (Scenario.java:223) - Competed scenario: Search Quantum with results with status FAILURE
[07.05.2023] [10:57:29] INFO [[WINDOWS  112.0.5615.138]] com.qmetry.qaf.automation.ui.WebDriverCommandLogger (WebDriverCommandLogger.java:106) - Executing screenshot parameters: {}
[07.05.2023] [10:57:29] ERROR [[WINDOWS  112.0.5615.138]] com.qmetry.qaf.automation.ui.WebDriverCommandLogger (WebDriverCommandLogger.java:128) - command: screenshot[ param-1: {}] Result: no such window: target window already closed
from unknown error: web view not found
  (Session info: chrome=112.0.5615.138)
Build info: version: '3.141.59', revision: 'e82be7d358', time: '2018-11-14T08:17:03'
System info: host: 'VISHWAA', ip: '192.168.0.105', os.name: 'Windows 10', os.arch: 'amd64', os.version: '10.0', java.version: '1.8.0_171'
Driver info: com.qmetry.qaf.automation.ui.webdriver.QAFExtendedWebDriver
Capabilities {acceptInsecureCerts: false, browserName: chrome, browserVersion: 112.0.5615.138, chrome: {chromedriverVersion: 112.0.5615.49 (bd2a7bcb881c..., userDataDir: C:\Users\91984\AppData\Loca...}, goog:chromeOptions: {debuggerAddress: localhost:59281}, javascriptEnabled: true, networkConnectionEnabled: false, pageLoadStrategy: normal, platform: WINDOWS, platformName: WINDOWS, proxy: Proxy(), setWindowRect: true, strictFileInteractability: false, timeouts: {implicit: 0, pageLoad: 300000, script: 30000}, unhandledPromptBehavior: dismiss and notify, webauthn:extension:credBlob: true, webauthn:extension:largeBlob: true, webauthn:extension:minPinLength: true, webauthn:extension:prf: true, webauthn:virtualAuthenticators: true}
Session ID: 70be9d9f7ed9ca5f62cda24e0a445b84
[07.05.2023] [10:57:29] INFO [[WINDOWS  112.0.5615.138]] com.qmetry.qaf.automation.step.client.DataDrivenScenario (Scenario.java:284) - 

Executing scenario: Search Keyword Inline Data - 
[07.05.2023] [10:57:29] INFO [[WINDOWS  112.0.5615.138]] com.qmetry.qaf.automation.step.client.DataDrivenScenario (DataDrivenScenario.java:60) - Test Data{recId=1, recDescription=First Data Set, searchKey=perfecto mobile quantum, searchResult=Quantum, __index=1}
[07.05.2023] [10:57:29] INFO [[WINDOWS  112.0.5615.138]] com.qmetry.qaf.automation.step.TestStepListener (TestStepListener.java:71) - Invoking Teststep: Given I am on Google Search Page
[07.05.2023] [10:57:29] INFO [[WINDOWS  112.0.5615.138]] com.qmetry.qaf.automation.ui.WebDriverCommandLogger (WebDriverCommandLogger.java:106) - Executing get parameters: {"url":"https://www.google.com/"}
[07.05.2023] [10:57:29] ERROR [[WINDOWS  112.0.5615.138]] com.qmetry.qaf.automation.ui.WebDriverCommandLogger (WebDriverCommandLogger.java:128) - command: get[ param-1: {url=https://www.google.com/}] Result: no such window: target window already closed
from unknown error: web view not found
  (Session info: chrome=112.0.5615.138)
Build info: version: '3.141.59', revision: 'e82be7d358', time: '2018-11-14T08:17:03'
System info: host: 'VISHWAA', ip: '192.168.0.105', os.name: 'Windows 10', os.arch: 'amd64', os.version: '10.0', java.version: '1.8.0_171'
Driver info: com.qmetry.qaf.automation.ui.webdriver.QAFExtendedWebDriver
Capabilities {acceptInsecureCerts: false, browserName: chrome, browserVersion: 112.0.5615.138, chrome: {chromedriverVersion: 112.0.5615.49 (bd2a7bcb881c..., userDataDir: C:\Users\91984\AppData\Loca...}, goog:chromeOptions: {debuggerAddress: localhost:59281}, javascriptEnabled: true, networkConnectionEnabled: false, pageLoadStrategy: normal, platform: WINDOWS, platformName: WINDOWS, proxy: Proxy(), setWindowRect: true, strictFileInteractability: false, timeouts: {implicit: 0, pageLoad: 300000, script: 30000}, unhandledPromptBehavior: dismiss and notify, webauthn:extension:credBlob: true, webauthn:extension:largeBlob: true, webauthn:extension:minPinLength: true, webauthn:extension:prf: true, webauthn:virtualAuthenticators: true}
Session ID: 70be9d9f7ed9ca5f62cda24e0a445b84
[07.05.2023] [10:57:29] ERROR [[WINDOWS  112.0.5615.138]] com.qmetry.qaf.automation.step.TestStepListener (TestStepListener.java:83) - Failure Teststep: Given I am on Google Search Page
org.openqa.selenium.NoSuchWindowException: no such window: target window already closed
from unknown error: web view not found
  (Session info: chrome=112.0.5615.138)
Build info: version: '3.141.59', revision: 'e82be7d358', time: '2018-11-14T08:17:03'
System info: host: 'VISHWAA', ip: '192.168.0.105', os.name: 'Windows 10', os.arch: 'amd64', os.version: '10.0', java.version: '1.8.0_171'
Driver info: com.qmetry.qaf.automation.ui.webdriver.QAFExtendedWebDriver
Capabilities {acceptInsecureCerts: false, browserName: chrome, browserVersion: 112.0.5615.138, chrome: {chromedriverVersion: 112.0.5615.49 (bd2a7bcb881c..., userDataDir: C:\Users\91984\AppData\Loca...}, goog:chromeOptions: {debuggerAddress: localhost:59281}, javascriptEnabled: true, networkConnectionEnabled: false, pageLoadStrategy: normal, platform: WINDOWS, platformName: WINDOWS, proxy: Proxy(), setWindowRect: true, strictFileInteractability: false, timeouts: {implicit: 0, pageLoad: 300000, script: 30000}, unhandledPromptBehavior: dismiss and notify, webauthn:extension:credBlob: true, webauthn:extension:largeBlob: true, webauthn:extension:minPinLength: true, webauthn:extension:prf: true, webauthn:virtualAuthenticators: true}
Session ID: 70be9d9f7ed9ca5f62cda24e0a445b84
	at sun.reflect.GeneratedConstructorAccessor47.newInstance(Unknown Source) ~[?:?]
	at sun.reflect.DelegatingConstructorAccessorImpl.newInstance(DelegatingConstructorAccessorImpl.java:45) ~[?:1.8.0_171]
	at java.lang.reflect.Constructor.newInstance(Constructor.java:423) ~[?:1.8.0_171]
	at org.openqa.selenium.remote.http.W3CHttpResponseCodec.createException(W3CHttpResponseCodec.java:187) ~[selenium-remote-driver-3.141.59.jar:?]
	at org.openqa.selenium.remote.http.W3CHttpResponseCodec.decode(W3CHttpResponseCodec.java:122) ~[selenium-remote-driver-3.141.59.jar:?]
	at org.openqa.selenium.remote.http.W3CHttpResponseCodec.decode(W3CHttpResponseCodec.java:49) ~[selenium-remote-driver-3.141.59.jar:?]
	at org.openqa.selenium.remote.HttpCommandExecutor.execute(HttpCommandExecutor.java:158) ~[selenium-remote-driver-3.141.59.jar:?]
	at org.openqa.selenium.remote.RemoteWebDriver.execute(RemoteWebDriver.java:552) ~[selenium-remote-driver-3.141.59.jar:?]
	at com.qmetry.qaf.automation.ui.webdriver.QAFExtendedWebDriver.execute(QAFExtendedWebDriver.java:233) ~[quantum-support-1.23.0.jar:?]
	at org.openqa.selenium.remote.RemoteWebDriver.get(RemoteWebDriver.java:277) ~[selenium-remote-driver-3.141.59.jar:?]
	at com.quantum.steps.GoogleStepDefs.I_am_on_Google_Search_Page(GoogleStepDefs.java:23) ~[classes/:?]
	at sun.reflect.NativeMethodAccessorImpl.invoke0(Native Method) ~[?:1.8.0_171]
	at sun.reflect.NativeMethodAccessorImpl.invoke(NativeMethodAccessorImpl.java:62) ~[?:1.8.0_171]
	at sun.reflect.DelegatingMethodAccessorImpl.invoke(DelegatingMethodAccessorImpl.java:43) ~[?:1.8.0_171]
	at java.lang.reflect.Method.invoke(Method.java:498) ~[?:1.8.0_171]
	at com.qmetry.qaf.automation.step.JavaStep.doExecute(JavaStep.java:150) ~[qaf-3.0.0.jar:?]
	at com.qmetry.qaf.automation.step.BaseTestStep.execute(BaseTestStep.java:149) [qaf-3.0.0.jar:?]
	at com.qmetry.qaf.automation.step.StringTestStep.execute(StringTestStep.java:127) [qaf-3.0.0.jar:?]
	at com.qmetry.qaf.automation.step.client.Scenario.execute(Scenario.java:174) [qaf-3.0.0.jar:?]
	at com.qmetry.qaf.automation.step.client.DataDrivenScenario.scenario(DataDrivenScenario.java:66) [qaf-3.0.0.jar:?]
	at sun.reflect.NativeMethodAccessorImpl.invoke0(Native Method) ~[?:1.8.0_171]
	at sun.reflect.NativeMethodAccessorImpl.invoke(NativeMethodAccessorImpl.java:62) ~[?:1.8.0_171]
	at sun.reflect.DelegatingMethodAccessorImpl.invoke(DelegatingMethodAccessorImpl.java:43) ~[?:1.8.0_171]
	at java.lang.reflect.Method.invoke(Method.java:498) ~[?:1.8.0_171]
	at org.testng.internal.MethodInvocationHelper.invokeMethod(MethodInvocationHelper.java:104) [testng-6.10.jar:?]
	at org.testng.internal.Invoker.invokeMethod(Invoker.java:645) [testng-6.10.jar:?]
	at org.testng.internal.Invoker.invokeTestMethod(Invoker.java:851) [testng-6.10.jar:?]
	at org.testng.internal.Invoker.invokeTestMethods(Invoker.java:1177) [testng-6.10.jar:?]
	at org.testng.internal.TestMethodWorker.invokeTestMethods(TestMethodWorker.java:129) [testng-6.10.jar:?]
	at org.testng.internal.TestMethodWorker.run(TestMethodWorker.java:112) [testng-6.10.jar:?]
	at org.testng.TestRunner.privateRun(TestRunner.java:778) [qaf-3.0.0.jar:?]
	at org.testng.TestRunner.run(TestRunner.java:632) [qaf-3.0.0.jar:?]
	at org.testng.SuiteRunner.runTest(SuiteRunner.java:387) [testng-6.10.jar:?]
	at org.testng.SuiteRunner.access$000(SuiteRunner.java:39) [testng-6.10.jar:?]
	at org.testng.SuiteRunner$SuiteWorker.run(SuiteRunner.java:421) [testng-6.10.jar:?]
	at org.testng.internal.thread.ThreadUtil$2.call(ThreadUtil.java:64) [testng-6.10.jar:?]
	at java.util.concurrent.FutureTask.run(FutureTask.java:266) [?:1.8.0_171]
	at java.util.concurrent.ThreadPoolExecutor.runWorker(ThreadPoolExecutor.java:1149) [?:1.8.0_171]
	at java.util.concurrent.ThreadPoolExecutor$Worker.run(ThreadPoolExecutor.java:624) [?:1.8.0_171]
	at java.lang.Thread.run(Thread.java:748) [?:1.8.0_171]
[07.05.2023] [10:57:29] INFO [[WINDOWS  112.0.5615.138]] com.qmetry.qaf.automation.step.TestStepListener (TestStepListener.java:91) - Completed Teststep: Given I am on Google Search Page
[07.05.2023] [10:57:29] INFO [[WINDOWS  112.0.5615.138]] com.qmetry.qaf.automation.step.client.DataDrivenScenario (Scenario.java:223) - Competed scenario: Search Keyword Inline Data with status FAILURE
[07.05.2023] [10:57:29] INFO [[WINDOWS  112.0.5615.138]] com.qmetry.qaf.automation.ui.WebDriverCommandLogger (WebDriverCommandLogger.java:106) - Executing screenshot parameters: {}
[07.05.2023] [10:57:29] ERROR [[WINDOWS  112.0.5615.138]] com.qmetry.qaf.automation.ui.WebDriverCommandLogger (WebDriverCommandLogger.java:128) - command: screenshot[ param-1: {}] Result: no such window: target window already closed
from unknown error: web view not found
  (Session info: chrome=112.0.5615.138)
Build info: version: '3.141.59', revision: 'e82be7d358', time: '2018-11-14T08:17:03'
System info: host: 'VISHWAA', ip: '192.168.0.105', os.name: 'Windows 10', os.arch: 'amd64', os.version: '10.0', java.version: '1.8.0_171'
Driver info: com.qmetry.qaf.automation.ui.webdriver.QAFExtendedWebDriver
Capabilities {acceptInsecureCerts: false, browserName: chrome, browserVersion: 112.0.5615.138, chrome: {chromedriverVersion: 112.0.5615.49 (bd2a7bcb881c..., userDataDir: C:\Users\91984\AppData\Loca...}, goog:chromeOptions: {debuggerAddress: localhost:59281}, javascriptEnabled: true, networkConnectionEnabled: false, pageLoadStrategy: normal, platform: WINDOWS, platformName: WINDOWS, proxy: Proxy(), setWindowRect: true, strictFileInteractability: false, timeouts: {implicit: 0, pageLoad: 300000, script: 30000}, unhandledPromptBehavior: dismiss and notify, webauthn:extension:credBlob: true, webauthn:extension:largeBlob: true, webauthn:extension:minPinLength: true, webauthn:extension:prf: true, webauthn:virtualAuthenticators: true}
Session ID: 70be9d9f7ed9ca5f62cda24e0a445b84
[07.05.2023] [10:57:29] INFO [[WINDOWS  112.0.5615.138]] com.qmetry.qaf.automation.step.client.DataDrivenScenario (Scenario.java:284) - 

Executing scenario: Search Keyword Inline Data - 
[07.05.2023] [10:57:29] INFO [[WINDOWS  112.0.5615.138]] com.qmetry.qaf.automation.step.client.DataDrivenScenario (DataDrivenScenario.java:60) - Test Data{recId=2, recDescription=Second Data Set, searchKey=perfecto mobile quantum, searchResult=perfecto, __index=2}
[07.05.2023] [10:57:29] INFO [[WINDOWS  112.0.5615.138]] com.qmetry.qaf.automation.step.TestStepListener (TestStepListener.java:71) - Invoking Teststep: Given I am on Google Search Page
[07.05.2023] [10:57:29] INFO [[WINDOWS  112.0.5615.138]] com.qmetry.qaf.automation.ui.WebDriverCommandLogger (WebDriverCommandLogger.java:106) - Executing get parameters: {"url":"https://www.google.com/"}
[07.05.2023] [10:57:29] ERROR [[WINDOWS  112.0.5615.138]] com.qmetry.qaf.automation.ui.WebDriverCommandLogger (WebDriverCommandLogger.java:128) - command: get[ param-1: {url=https://www.google.com/}] Result: no such window: target window already closed
from unknown error: web view not found
  (Session info: chrome=112.0.5615.138)
Build info: version: '3.141.59', revision: 'e82be7d358', time: '2018-11-14T08:17:03'
System info: host: 'VISHWAA', ip: '192.168.0.105', os.name: 'Windows 10', os.arch: 'amd64', os.version: '10.0', java.version: '1.8.0_171'
Driver info: com.qmetry.qaf.automation.ui.webdriver.QAFExtendedWebDriver
Capabilities {acceptInsecureCerts: false, browserName: chrome, browserVersion: 112.0.5615.138, chrome: {chromedriverVersion: 112.0.5615.49 (bd2a7bcb881c..., userDataDir: C:\Users\91984\AppData\Loca...}, goog:chromeOptions: {debuggerAddress: localhost:59281}, javascriptEnabled: true, networkConnectionEnabled: false, pageLoadStrategy: normal, platform: WINDOWS, platformName: WINDOWS, proxy: Proxy(), setWindowRect: true, strictFileInteractability: false, timeouts: {implicit: 0, pageLoad: 300000, script: 30000}, unhandledPromptBehavior: dismiss and notify, webauthn:extension:credBlob: true, webauthn:extension:largeBlob: true, webauthn:extension:minPinLength: true, webauthn:extension:prf: true, webauthn:virtualAuthenticators: true}
Session ID: 70be9d9f7ed9ca5f62cda24e0a445b84
[07.05.2023] [10:57:29] ERROR [[WINDOWS  112.0.5615.138]] com.qmetry.qaf.automation.step.TestStepListener (TestStepListener.java:83) - Failure Teststep: Given I am on Google Search Page
org.openqa.selenium.NoSuchWindowException: no such window: target window already closed
from unknown error: web view not found
  (Session info: chrome=112.0.5615.138)
Build info: version: '3.141.59', revision: 'e82be7d358', time: '2018-11-14T08:17:03'
System info: host: 'VISHWAA', ip: '192.168.0.105', os.name: 'Windows 10', os.arch: 'amd64', os.version: '10.0', java.version: '1.8.0_171'
Driver info: com.qmetry.qaf.automation.ui.webdriver.QAFExtendedWebDriver
Capabilities {acceptInsecureCerts: false, browserName: chrome, browserVersion: 112.0.5615.138, chrome: {chromedriverVersion: 112.0.5615.49 (bd2a7bcb881c..., userDataDir: C:\Users\91984\AppData\Loca...}, goog:chromeOptions: {debuggerAddress: localhost:59281}, javascriptEnabled: true, networkConnectionEnabled: false, pageLoadStrategy: normal, platform: WINDOWS, platformName: WINDOWS, proxy: Proxy(), setWindowRect: true, strictFileInteractability: false, timeouts: {implicit: 0, pageLoad: 300000, script: 30000}, unhandledPromptBehavior: dismiss and notify, webauthn:extension:credBlob: true, webauthn:extension:largeBlob: true, webauthn:extension:minPinLength: true, webauthn:extension:prf: true, webauthn:virtualAuthenticators: true}
Session ID: 70be9d9f7ed9ca5f62cda24e0a445b84
	at sun.reflect.GeneratedConstructorAccessor47.newInstance(Unknown Source) ~[?:?]
	at sun.reflect.DelegatingConstructorAccessorImpl.newInstance(DelegatingConstructorAccessorImpl.java:45) ~[?:1.8.0_171]
	at java.lang.reflect.Constructor.newInstance(Constructor.java:423) ~[?:1.8.0_171]
	at org.openqa.selenium.remote.http.W3CHttpResponseCodec.createException(W3CHttpResponseCodec.java:187) ~[selenium-remote-driver-3.141.59.jar:?]
	at org.openqa.selenium.remote.http.W3CHttpResponseCodec.decode(W3CHttpResponseCodec.java:122) ~[selenium-remote-driver-3.141.59.jar:?]
	at org.openqa.selenium.remote.http.W3CHttpResponseCodec.decode(W3CHttpResponseCodec.java:49) ~[selenium-remote-driver-3.141.59.jar:?]
	at org.openqa.selenium.remote.HttpCommandExecutor.execute(HttpCommandExecutor.java:158) ~[selenium-remote-driver-3.141.59.jar:?]
	at org.openqa.selenium.remote.RemoteWebDriver.execute(RemoteWebDriver.java:552) ~[selenium-remote-driver-3.141.59.jar:?]
	at com.qmetry.qaf.automation.ui.webdriver.QAFExtendedWebDriver.execute(QAFExtendedWebDriver.java:233) ~[quantum-support-1.23.0.jar:?]
	at org.openqa.selenium.remote.RemoteWebDriver.get(RemoteWebDriver.java:277) ~[selenium-remote-driver-3.141.59.jar:?]
	at com.quantum.steps.GoogleStepDefs.I_am_on_Google_Search_Page(GoogleStepDefs.java:23) ~[classes/:?]
	at sun.reflect.NativeMethodAccessorImpl.invoke0(Native Method) ~[?:1.8.0_171]
	at sun.reflect.NativeMethodAccessorImpl.invoke(NativeMethodAccessorImpl.java:62) ~[?:1.8.0_171]
	at sun.reflect.DelegatingMethodAccessorImpl.invoke(DelegatingMethodAccessorImpl.java:43) ~[?:1.8.0_171]
	at java.lang.reflect.Method.invoke(Method.java:498) ~[?:1.8.0_171]
	at com.qmetry.qaf.automation.step.JavaStep.doExecute(JavaStep.java:150) ~[qaf-3.0.0.jar:?]
	at com.qmetry.qaf.automation.step.BaseTestStep.execute(BaseTestStep.java:149) [qaf-3.0.0.jar:?]
	at com.qmetry.qaf.automation.step.StringTestStep.execute(StringTestStep.java:127) [qaf-3.0.0.jar:?]
	at com.qmetry.qaf.automation.step.client.Scenario.execute(Scenario.java:174) [qaf-3.0.0.jar:?]
	at com.qmetry.qaf.automation.step.client.DataDrivenScenario.scenario(DataDrivenScenario.java:66) [qaf-3.0.0.jar:?]
	at sun.reflect.NativeMethodAccessorImpl.invoke0(Native Method) ~[?:1.8.0_171]
	at sun.reflect.NativeMethodAccessorImpl.invoke(NativeMethodAccessorImpl.java:62) ~[?:1.8.0_171]
	at sun.reflect.DelegatingMethodAccessorImpl.invoke(DelegatingMethodAccessorImpl.java:43) ~[?:1.8.0_171]
	at java.lang.reflect.Method.invoke(Method.java:498) ~[?:1.8.0_171]
	at org.testng.internal.MethodInvocationHelper.invokeMethod(MethodInvocationHelper.java:104) [testng-6.10.jar:?]
	at org.testng.internal.Invoker.invokeMethod(Invoker.java:645) [testng-6.10.jar:?]
	at org.testng.internal.Invoker.invokeTestMethod(Invoker.java:851) [testng-6.10.jar:?]
	at org.testng.internal.Invoker.invokeTestMethods(Invoker.java:1177) [testng-6.10.jar:?]
	at org.testng.internal.TestMethodWorker.invokeTestMethods(TestMethodWorker.java:129) [testng-6.10.jar:?]
	at org.testng.internal.TestMethodWorker.run(TestMethodWorker.java:112) [testng-6.10.jar:?]
	at org.testng.TestRunner.privateRun(TestRunner.java:778) [qaf-3.0.0.jar:?]
	at org.testng.TestRunner.run(TestRunner.java:632) [qaf-3.0.0.jar:?]
	at org.testng.SuiteRunner.runTest(SuiteRunner.java:387) [testng-6.10.jar:?]
	at org.testng.SuiteRunner.access$000(SuiteRunner.java:39) [testng-6.10.jar:?]
	at org.testng.SuiteRunner$SuiteWorker.run(SuiteRunner.java:421) [testng-6.10.jar:?]
	at org.testng.internal.thread.ThreadUtil$2.call(ThreadUtil.java:64) [testng-6.10.jar:?]
	at java.util.concurrent.FutureTask.run(FutureTask.java:266) [?:1.8.0_171]
	at java.util.concurrent.ThreadPoolExecutor.runWorker(ThreadPoolExecutor.java:1149) [?:1.8.0_171]
	at java.util.concurrent.ThreadPoolExecutor$Worker.run(ThreadPoolExecutor.java:624) [?:1.8.0_171]
	at java.lang.Thread.run(Thread.java:748) [?:1.8.0_171]
[07.05.2023] [10:57:29] INFO [[WINDOWS  112.0.5615.138]] com.qmetry.qaf.automation.step.TestStepListener (TestStepListener.java:91) - Completed Teststep: Given I am on Google Search Page
[07.05.2023] [10:57:29] INFO [[WINDOWS  112.0.5615.138]] com.qmetry.qaf.automation.step.client.DataDrivenScenario (Scenario.java:223) - Competed scenario: Search Keyword Inline Data with status FAILURE
[07.05.2023] [10:57:29] INFO [[WINDOWS  112.0.5615.138]] com.qmetry.qaf.automation.ui.WebDriverCommandLogger (WebDriverCommandLogger.java:106) - Executing screenshot parameters: {}
[07.05.2023] [10:57:29] ERROR [[WINDOWS  112.0.5615.138]] com.qmetry.qaf.automation.ui.WebDriverCommandLogger (WebDriverCommandLogger.java:128) - command: screenshot[ param-1: {}] Result: no such window: target window already closed
from unknown error: web view not found
  (Session info: chrome=112.0.5615.138)
Build info: version: '3.141.59', revision: 'e82be7d358', time: '2018-11-14T08:17:03'
System info: host: 'VISHWAA', ip: '192.168.0.105', os.name: 'Windows 10', os.arch: 'amd64', os.version: '10.0', java.version: '1.8.0_171'
Driver info: com.qmetry.qaf.automation.ui.webdriver.QAFExtendedWebDriver
Capabilities {acceptInsecureCerts: false, browserName: chrome, browserVersion: 112.0.5615.138, chrome: {chromedriverVersion: 112.0.5615.49 (bd2a7bcb881c..., userDataDir: C:\Users\91984\AppData\Loca...}, goog:chromeOptions: {debuggerAddress: localhost:59281}, javascriptEnabled: true, networkConnectionEnabled: false, pageLoadStrategy: normal, platform: WINDOWS, platformName: WINDOWS, proxy: Proxy(), setWindowRect: true, strictFileInteractability: false, timeouts: {implicit: 0, pageLoad: 300000, script: 30000}, unhandledPromptBehavior: dismiss and notify, webauthn:extension:credBlob: true, webauthn:extension:largeBlob: true, webauthn:extension:minPinLength: true, webauthn:extension:prf: true, webauthn:virtualAuthenticators: true}
Session ID: 70be9d9f7ed9ca5f62cda24e0a445b84
[07.05.2023] [10:57:29] INFO [[WINDOWS  112.0.5615.138]] com.qmetry.qaf.automation.step.client.DataDrivenScenario (Scenario.java:284) - 

Executing scenario: Search Keyword XML Data - 
[07.05.2023] [10:57:29] INFO [[WINDOWS  112.0.5615.138]] com.qmetry.qaf.automation.step.client.DataDrivenScenario (DataDrivenScenario.java:60) - Test Data{recId=1, searchKey=perfecto mobile quantum, searchResult=perfecto, __index=1}
[07.05.2023] [10:57:29] INFO [[WINDOWS  112.0.5615.138]] com.qmetry.qaf.automation.step.TestStepListener (TestStepListener.java:71) - Invoking Teststep: Given I am on Google Search Page
[07.05.2023] [10:57:29] INFO [[WINDOWS  112.0.5615.138]] com.qmetry.qaf.automation.ui.WebDriverCommandLogger (WebDriverCommandLogger.java:106) - Executing get parameters: {"url":"https://www.google.com/"}
[07.05.2023] [10:57:29] ERROR [[WINDOWS  112.0.5615.138]] com.qmetry.qaf.automation.ui.WebDriverCommandLogger (WebDriverCommandLogger.java:128) - command: get[ param-1: {url=https://www.google.com/}] Result: no such window: target window already closed
from unknown error: web view not found
  (Session info: chrome=112.0.5615.138)
Build info: version: '3.141.59', revision: 'e82be7d358', time: '2018-11-14T08:17:03'
System info: host: 'VISHWAA', ip: '192.168.0.105', os.name: 'Windows 10', os.arch: 'amd64', os.version: '10.0', java.version: '1.8.0_171'
Driver info: com.qmetry.qaf.automation.ui.webdriver.QAFExtendedWebDriver
Capabilities {acceptInsecureCerts: false, browserName: chrome, browserVersion: 112.0.5615.138, chrome: {chromedriverVersion: 112.0.5615.49 (bd2a7bcb881c..., userDataDir: C:\Users\91984\AppData\Loca...}, goog:chromeOptions: {debuggerAddress: localhost:59281}, javascriptEnabled: true, networkConnectionEnabled: false, pageLoadStrategy: normal, platform: WINDOWS, platformName: WINDOWS, proxy: Proxy(), setWindowRect: true, strictFileInteractability: false, timeouts: {implicit: 0, pageLoad: 300000, script: 30000}, unhandledPromptBehavior: dismiss and notify, webauthn:extension:credBlob: true, webauthn:extension:largeBlob: true, webauthn:extension:minPinLength: true, webauthn:extension:prf: true, webauthn:virtualAuthenticators: true}
Session ID: 70be9d9f7ed9ca5f62cda24e0a445b84
[07.05.2023] [10:57:29] ERROR [[WINDOWS  112.0.5615.138]] com.qmetry.qaf.automation.step.TestStepListener (TestStepListener.java:83) - Failure Teststep: Given I am on Google Search Page
org.openqa.selenium.NoSuchWindowException: no such window: target window already closed
from unknown error: web view not found
  (Session info: chrome=112.0.5615.138)
Build info: version: '3.141.59', revision: 'e82be7d358', time: '2018-11-14T08:17:03'
System info: host: 'VISHWAA', ip: '192.168.0.105', os.name: 'Windows 10', os.arch: 'amd64', os.version: '10.0', java.version: '1.8.0_171'
Driver info: com.qmetry.qaf.automation.ui.webdriver.QAFExtendedWebDriver
Capabilities {acceptInsecureCerts: false, browserName: chrome, browserVersion: 112.0.5615.138, chrome: {chromedriverVersion: 112.0.5615.49 (bd2a7bcb881c..., userDataDir: C:\Users\91984\AppData\Loca...}, goog:chromeOptions: {debuggerAddress: localhost:59281}, javascriptEnabled: true, networkConnectionEnabled: false, pageLoadStrategy: normal, platform: WINDOWS, platformName: WINDOWS, proxy: Proxy(), setWindowRect: true, strictFileInteractability: false, timeouts: {implicit: 0, pageLoad: 300000, script: 30000}, unhandledPromptBehavior: dismiss and notify, webauthn:extension:credBlob: true, webauthn:extension:largeBlob: true, webauthn:extension:minPinLength: true, webauthn:extension:prf: true, webauthn:virtualAuthenticators: true}
Session ID: 70be9d9f7ed9ca5f62cda24e0a445b84
	at sun.reflect.GeneratedConstructorAccessor47.newInstance(Unknown Source) ~[?:?]
	at sun.reflect.DelegatingConstructorAccessorImpl.newInstance(DelegatingConstructorAccessorImpl.java:45) ~[?:1.8.0_171]
	at java.lang.reflect.Constructor.newInstance(Constructor.java:423) ~[?:1.8.0_171]
	at org.openqa.selenium.remote.http.W3CHttpResponseCodec.createException(W3CHttpResponseCodec.java:187) ~[selenium-remote-driver-3.141.59.jar:?]
	at org.openqa.selenium.remote.http.W3CHttpResponseCodec.decode(W3CHttpResponseCodec.java:122) ~[selenium-remote-driver-3.141.59.jar:?]
	at org.openqa.selenium.remote.http.W3CHttpResponseCodec.decode(W3CHttpResponseCodec.java:49) ~[selenium-remote-driver-3.141.59.jar:?]
	at org.openqa.selenium.remote.HttpCommandExecutor.execute(HttpCommandExecutor.java:158) ~[selenium-remote-driver-3.141.59.jar:?]
	at org.openqa.selenium.remote.RemoteWebDriver.execute(RemoteWebDriver.java:552) ~[selenium-remote-driver-3.141.59.jar:?]
	at com.qmetry.qaf.automation.ui.webdriver.QAFExtendedWebDriver.execute(QAFExtendedWebDriver.java:233) ~[quantum-support-1.23.0.jar:?]
	at org.openqa.selenium.remote.RemoteWebDriver.get(RemoteWebDriver.java:277) ~[selenium-remote-driver-3.141.59.jar:?]
	at com.quantum.steps.GoogleStepDefs.I_am_on_Google_Search_Page(GoogleStepDefs.java:23) ~[classes/:?]
	at sun.reflect.NativeMethodAccessorImpl.invoke0(Native Method) ~[?:1.8.0_171]
	at sun.reflect.NativeMethodAccessorImpl.invoke(NativeMethodAccessorImpl.java:62) ~[?:1.8.0_171]
	at sun.reflect.DelegatingMethodAccessorImpl.invoke(DelegatingMethodAccessorImpl.java:43) ~[?:1.8.0_171]
	at java.lang.reflect.Method.invoke(Method.java:498) ~[?:1.8.0_171]
	at com.qmetry.qaf.automation.step.JavaStep.doExecute(JavaStep.java:150) ~[qaf-3.0.0.jar:?]
	at com.qmetry.qaf.automation.step.BaseTestStep.execute(BaseTestStep.java:149) [qaf-3.0.0.jar:?]
	at com.qmetry.qaf.automation.step.StringTestStep.execute(StringTestStep.java:127) [qaf-3.0.0.jar:?]
	at com.qmetry.qaf.automation.step.client.Scenario.execute(Scenario.java:174) [qaf-3.0.0.jar:?]
	at com.qmetry.qaf.automation.step.client.DataDrivenScenario.scenario(DataDrivenScenario.java:66) [qaf-3.0.0.jar:?]
	at sun.reflect.GeneratedMethodAccessor14.invoke(Unknown Source) ~[?:?]
	at sun.reflect.DelegatingMethodAccessorImpl.invoke(DelegatingMethodAccessorImpl.java:43) ~[?:1.8.0_171]
	at java.lang.reflect.Method.invoke(Method.java:498) ~[?:1.8.0_171]
	at org.testng.internal.MethodInvocationHelper.invokeMethod(MethodInvocationHelper.java:104) [testng-6.10.jar:?]
	at org.testng.internal.Invoker.invokeMethod(Invoker.java:645) [testng-6.10.jar:?]
	at org.testng.internal.Invoker.invokeTestMethod(Invoker.java:851) [testng-6.10.jar:?]
	at org.testng.internal.Invoker.invokeTestMethods(Invoker.java:1177) [testng-6.10.jar:?]
	at org.testng.internal.TestMethodWorker.invokeTestMethods(TestMethodWorker.java:129) [testng-6.10.jar:?]
	at org.testng.internal.TestMethodWorker.run(TestMethodWorker.java:112) [testng-6.10.jar:?]
	at org.testng.TestRunner.privateRun(TestRunner.java:778) [qaf-3.0.0.jar:?]
	at org.testng.TestRunner.run(TestRunner.java:632) [qaf-3.0.0.jar:?]
	at org.testng.SuiteRunner.runTest(SuiteRunner.java:387) [testng-6.10.jar:?]
	at org.testng.SuiteRunner.access$000(SuiteRunner.java:39) [testng-6.10.jar:?]
	at org.testng.SuiteRunner$SuiteWorker.run(SuiteRunner.java:421) [testng-6.10.jar:?]
	at org.testng.internal.thread.ThreadUtil$2.call(ThreadUtil.java:64) [testng-6.10.jar:?]
	at java.util.concurrent.FutureTask.run(FutureTask.java:266) [?:1.8.0_171]
	at java.util.concurrent.ThreadPoolExecutor.runWorker(ThreadPoolExecutor.java:1149) [?:1.8.0_171]
	at java.util.concurrent.ThreadPoolExecutor$Worker.run(ThreadPoolExecutor.java:624) [?:1.8.0_171]
	at java.lang.Thread.run(Thread.java:748) [?:1.8.0_171]
[07.05.2023] [10:57:29] INFO [[WINDOWS  112.0.5615.138]] com.qmetry.qaf.automation.step.TestStepListener (TestStepListener.java:91) - Completed Teststep: Given I am on Google Search Page
[07.05.2023] [10:57:29] INFO [[WINDOWS  112.0.5615.138]] com.qmetry.qaf.automation.step.client.DataDrivenScenario (Scenario.java:223) - Competed scenario: Search Keyword XML Data with status FAILURE
[07.05.2023] [10:57:29] INFO [[WINDOWS  112.0.5615.138]] com.qmetry.qaf.automation.ui.WebDriverCommandLogger (WebDriverCommandLogger.java:106) - Executing screenshot parameters: {}
[07.05.2023] [10:57:29] ERROR [[WINDOWS  112.0.5615.138]] com.qmetry.qaf.automation.ui.WebDriverCommandLogger (WebDriverCommandLogger.java:128) - command: screenshot[ param-1: {}] Result: no such window: target window already closed
from unknown error: web view not found
  (Session info: chrome=112.0.5615.138)
Build info: version: '3.141.59', revision: 'e82be7d358', time: '2018-11-14T08:17:03'
System info: host: 'VISHWAA', ip: '192.168.0.105', os.name: 'Windows 10', os.arch: 'amd64', os.version: '10.0', java.version: '1.8.0_171'
Driver info: com.qmetry.qaf.automation.ui.webdriver.QAFExtendedWebDriver
Capabilities {acceptInsecureCerts: false, browserName: chrome, browserVersion: 112.0.5615.138, chrome: {chromedriverVersion: 112.0.5615.49 (bd2a7bcb881c..., userDataDir: C:\Users\91984\AppData\Loca...}, goog:chromeOptions: {debuggerAddress: localhost:59281}, javascriptEnabled: true, networkConnectionEnabled: false, pageLoadStrategy: normal, platform: WINDOWS, platformName: WINDOWS, proxy: Proxy(), setWindowRect: true, strictFileInteractability: false, timeouts: {implicit: 0, pageLoad: 300000, script: 30000}, unhandledPromptBehavior: dismiss and notify, webauthn:extension:credBlob: true, webauthn:extension:largeBlob: true, webauthn:extension:minPinLength: true, webauthn:extension:prf: true, webauthn:virtualAuthenticators: true}
Session ID: 70be9d9f7ed9ca5f62cda24e0a445b84
[07.05.2023] [10:57:29] INFO [[WINDOWS  112.0.5615.138]] com.qmetry.qaf.automation.step.client.DataDrivenScenario (Scenario.java:284) - 

Executing scenario: Search Keyword XML Data - 
[07.05.2023] [10:57:29] INFO [[WINDOWS  112.0.5615.138]] com.qmetry.qaf.automation.step.client.DataDrivenScenario (DataDrivenScenario.java:60) - Test Data{recId=2, searchKey=perfecto mobile quantum, searchResult=Quantum, __index=2}
[07.05.2023] [10:57:29] INFO [[WINDOWS  112.0.5615.138]] com.qmetry.qaf.automation.step.TestStepListener (TestStepListener.java:71) - Invoking Teststep: Given I am on Google Search Page
[07.05.2023] [10:57:29] INFO [[WINDOWS  112.0.5615.138]] com.qmetry.qaf.automation.ui.WebDriverCommandLogger (WebDriverCommandLogger.java:106) - Executing get parameters: {"url":"https://www.google.com/"}
[07.05.2023] [10:57:29] ERROR [[WINDOWS  112.0.5615.138]] com.qmetry.qaf.automation.ui.WebDriverCommandLogger (WebDriverCommandLogger.java:128) - command: get[ param-1: {url=https://www.google.com/}] Result: no such window: target window already closed
from unknown error: web view not found
  (Session info: chrome=112.0.5615.138)
Build info: version: '3.141.59', revision: 'e82be7d358', time: '2018-11-14T08:17:03'
System info: host: 'VISHWAA', ip: '192.168.0.105', os.name: 'Windows 10', os.arch: 'amd64', os.version: '10.0', java.version: '1.8.0_171'
Driver info: com.qmetry.qaf.automation.ui.webdriver.QAFExtendedWebDriver
Capabilities {acceptInsecureCerts: false, browserName: chrome, browserVersion: 112.0.5615.138, chrome: {chromedriverVersion: 112.0.5615.49 (bd2a7bcb881c..., userDataDir: C:\Users\91984\AppData\Loca...}, goog:chromeOptions: {debuggerAddress: localhost:59281}, javascriptEnabled: true, networkConnectionEnabled: false, pageLoadStrategy: normal, platform: WINDOWS, platformName: WINDOWS, proxy: Proxy(), setWindowRect: true, strictFileInteractability: false, timeouts: {implicit: 0, pageLoad: 300000, script: 30000}, unhandledPromptBehavior: dismiss and notify, webauthn:extension:credBlob: true, webauthn:extension:largeBlob: true, webauthn:extension:minPinLength: true, webauthn:extension:prf: true, webauthn:virtualAuthenticators: true}
Session ID: 70be9d9f7ed9ca5f62cda24e0a445b84
[07.05.2023] [10:57:29] ERROR [[WINDOWS  112.0.5615.138]] com.qmetry.qaf.automation.step.TestStepListener (TestStepListener.java:83) - Failure Teststep: Given I am on Google Search Page
org.openqa.selenium.NoSuchWindowException: no such window: target window already closed
from unknown error: web view not found
  (Session info: chrome=112.0.5615.138)
Build info: version: '3.141.59', revision: 'e82be7d358', time: '2018-11-14T08:17:03'
System info: host: 'VISHWAA', ip: '192.168.0.105', os.name: 'Windows 10', os.arch: 'amd64', os.version: '10.0', java.version: '1.8.0_171'
Driver info: com.qmetry.qaf.automation.ui.webdriver.QAFExtendedWebDriver
Capabilities {acceptInsecureCerts: false, browserName: chrome, browserVersion: 112.0.5615.138, chrome: {chromedriverVersion: 112.0.5615.49 (bd2a7bcb881c..., userDataDir: C:\Users\91984\AppData\Loca...}, goog:chromeOptions: {debuggerAddress: localhost:59281}, javascriptEnabled: true, networkConnectionEnabled: false, pageLoadStrategy: normal, platform: WINDOWS, platformName: WINDOWS, proxy: Proxy(), setWindowRect: true, strictFileInteractability: false, timeouts: {implicit: 0, pageLoad: 300000, script: 30000}, unhandledPromptBehavior: dismiss and notify, webauthn:extension:credBlob: true, webauthn:extension:largeBlob: true, webauthn:extension:minPinLength: true, webauthn:extension:prf: true, webauthn:virtualAuthenticators: true}
Session ID: 70be9d9f7ed9ca5f62cda24e0a445b84
	at sun.reflect.GeneratedConstructorAccessor47.newInstance(Unknown Source) ~[?:?]
	at sun.reflect.DelegatingConstructorAccessorImpl.newInstance(DelegatingConstructorAccessorImpl.java:45) ~[?:1.8.0_171]
	at java.lang.reflect.Constructor.newInstance(Constructor.java:423) ~[?:1.8.0_171]
	at org.openqa.selenium.remote.http.W3CHttpResponseCodec.createException(W3CHttpResponseCodec.java:187) ~[selenium-remote-driver-3.141.59.jar:?]
	at org.openqa.selenium.remote.http.W3CHttpResponseCodec.decode(W3CHttpResponseCodec.java:122) ~[selenium-remote-driver-3.141.59.jar:?]
	at org.openqa.selenium.remote.http.W3CHttpResponseCodec.decode(W3CHttpResponseCodec.java:49) ~[selenium-remote-driver-3.141.59.jar:?]
	at org.openqa.selenium.remote.HttpCommandExecutor.execute(HttpCommandExecutor.java:158) ~[selenium-remote-driver-3.141.59.jar:?]
	at org.openqa.selenium.remote.RemoteWebDriver.execute(RemoteWebDriver.java:552) ~[selenium-remote-driver-3.141.59.jar:?]
	at com.qmetry.qaf.automation.ui.webdriver.QAFExtendedWebDriver.execute(QAFExtendedWebDriver.java:233) ~[quantum-support-1.23.0.jar:?]
	at org.openqa.selenium.remote.RemoteWebDriver.get(RemoteWebDriver.java:277) ~[selenium-remote-driver-3.141.59.jar:?]
	at com.quantum.steps.GoogleStepDefs.I_am_on_Google_Search_Page(GoogleStepDefs.java:23) ~[classes/:?]
	at sun.reflect.NativeMethodAccessorImpl.invoke0(Native Method) ~[?:1.8.0_171]
	at sun.reflect.NativeMethodAccessorImpl.invoke(NativeMethodAccessorImpl.java:62) ~[?:1.8.0_171]
	at sun.reflect.DelegatingMethodAccessorImpl.invoke(DelegatingMethodAccessorImpl.java:43) ~[?:1.8.0_171]
	at java.lang.reflect.Method.invoke(Method.java:498) ~[?:1.8.0_171]
	at com.qmetry.qaf.automation.step.JavaStep.doExecute(JavaStep.java:150) ~[qaf-3.0.0.jar:?]
	at com.qmetry.qaf.automation.step.BaseTestStep.execute(BaseTestStep.java:149) [qaf-3.0.0.jar:?]
	at com.qmetry.qaf.automation.step.StringTestStep.execute(StringTestStep.java:127) [qaf-3.0.0.jar:?]
	at com.qmetry.qaf.automation.step.client.Scenario.execute(Scenario.java:174) [qaf-3.0.0.jar:?]
	at com.qmetry.qaf.automation.step.client.DataDrivenScenario.scenario(DataDrivenScenario.java:66) [qaf-3.0.0.jar:?]
	at sun.reflect.GeneratedMethodAccessor14.invoke(Unknown Source) ~[?:?]
	at sun.reflect.DelegatingMethodAccessorImpl.invoke(DelegatingMethodAccessorImpl.java:43) ~[?:1.8.0_171]
	at java.lang.reflect.Method.invoke(Method.java:498) ~[?:1.8.0_171]
	at org.testng.internal.MethodInvocationHelper.invokeMethod(MethodInvocationHelper.java:104) [testng-6.10.jar:?]
	at org.testng.internal.Invoker.invokeMethod(Invoker.java:645) [testng-6.10.jar:?]
	at org.testng.internal.Invoker.invokeTestMethod(Invoker.java:851) [testng-6.10.jar:?]
	at org.testng.internal.Invoker.invokeTestMethods(Invoker.java:1177) [testng-6.10.jar:?]
	at org.testng.internal.TestMethodWorker.invokeTestMethods(TestMethodWorker.java:129) [testng-6.10.jar:?]
	at org.testng.internal.TestMethodWorker.run(TestMethodWorker.java:112) [testng-6.10.jar:?]
	at org.testng.TestRunner.privateRun(TestRunner.java:778) [qaf-3.0.0.jar:?]
	at org.testng.TestRunner.run(TestRunner.java:632) [qaf-3.0.0.jar:?]
	at org.testng.SuiteRunner.runTest(SuiteRunner.java:387) [testng-6.10.jar:?]
	at org.testng.SuiteRunner.access$000(SuiteRunner.java:39) [testng-6.10.jar:?]
	at org.testng.SuiteRunner$SuiteWorker.run(SuiteRunner.java:421) [testng-6.10.jar:?]
	at org.testng.internal.thread.ThreadUtil$2.call(ThreadUtil.java:64) [testng-6.10.jar:?]
	at java.util.concurrent.FutureTask.run(FutureTask.java:266) [?:1.8.0_171]
	at java.util.concurrent.ThreadPoolExecutor.runWorker(ThreadPoolExecutor.java:1149) [?:1.8.0_171]
	at java.util.concurrent.ThreadPoolExecutor$Worker.run(ThreadPoolExecutor.java:624) [?:1.8.0_171]
	at java.lang.Thread.run(Thread.java:748) [?:1.8.0_171]
[07.05.2023] [10:57:29] INFO [[WINDOWS  112.0.5615.138]] com.qmetry.qaf.automation.step.TestStepListener (TestStepListener.java:91) - Completed Teststep: Given I am on Google Search Page
[07.05.2023] [10:57:29] INFO [[WINDOWS  112.0.5615.138]] com.qmetry.qaf.automation.step.client.DataDrivenScenario (Scenario.java:223) - Competed scenario: Search Keyword XML Data with status FAILURE
[07.05.2023] [10:57:29] INFO [[WINDOWS  112.0.5615.138]] com.qmetry.qaf.automation.ui.WebDriverCommandLogger (WebDriverCommandLogger.java:106) - Executing screenshot parameters: {}
[07.05.2023] [10:57:29] ERROR [[WINDOWS  112.0.5615.138]] com.qmetry.qaf.automation.ui.WebDriverCommandLogger (WebDriverCommandLogger.java:128) - command: screenshot[ param-1: {}] Result: no such window: target window already closed
from unknown error: web view not found
  (Session info: chrome=112.0.5615.138)
Build info: version: '3.141.59', revision: 'e82be7d358', time: '2018-11-14T08:17:03'
System info: host: 'VISHWAA', ip: '192.168.0.105', os.name: 'Windows 10', os.arch: 'amd64', os.version: '10.0', java.version: '1.8.0_171'
Driver info: com.qmetry.qaf.automation.ui.webdriver.QAFExtendedWebDriver
Capabilities {acceptInsecureCerts: false, browserName: chrome, browserVersion: 112.0.5615.138, chrome: {chromedriverVersion: 112.0.5615.49 (bd2a7bcb881c..., userDataDir: C:\Users\91984\AppData\Loca...}, goog:chromeOptions: {debuggerAddress: localhost:59281}, javascriptEnabled: true, networkConnectionEnabled: false, pageLoadStrategy: normal, platform: WINDOWS, platformName: WINDOWS, proxy: Proxy(), setWindowRect: true, strictFileInteractability: false, timeouts: {implicit: 0, pageLoad: 300000, script: 30000}, unhandledPromptBehavior: dismiss and notify, webauthn:extension:credBlob: true, webauthn:extension:largeBlob: true, webauthn:extension:minPinLength: true, webauthn:extension:prf: true, webauthn:virtualAuthenticators: true}
Session ID: 70be9d9f7ed9ca5f62cda24e0a445b84
[07.05.2023] [10:57:29] INFO [[WINDOWS  112.0.5615.138]] com.qmetry.qaf.automation.util.CSVUtil (CSVUtil.java:147) - loading csv data file: src/main/resources/data/testData.csv
[07.05.2023] [10:57:29] INFO [[WINDOWS  112.0.5615.138]] com.qmetry.qaf.automation.step.client.DataDrivenScenario (Scenario.java:284) - 

Executing scenario: Search Keyword CSV Data - 
[07.05.2023] [10:57:29] INFO [[WINDOWS  112.0.5615.138]] com.qmetry.qaf.automation.step.client.DataDrivenScenario (DataDrivenScenario.java:60) - Test Data{searchKey=perfecto mobile quantum, searchResult=Quantum, __index=1}
[07.05.2023] [10:57:29] INFO [[WINDOWS  112.0.5615.138]] com.qmetry.qaf.automation.step.TestStepListener (TestStepListener.java:71) - Invoking Teststep: Given I am on Google Search Page
[07.05.2023] [10:57:29] INFO [[WINDOWS  112.0.5615.138]] com.qmetry.qaf.automation.ui.WebDriverCommandLogger (WebDriverCommandLogger.java:106) - Executing get parameters: {"url":"https://www.google.com/"}
[07.05.2023] [10:57:29] ERROR [[WINDOWS  112.0.5615.138]] com.qmetry.qaf.automation.ui.WebDriverCommandLogger (WebDriverCommandLogger.java:128) - command: get[ param-1: {url=https://www.google.com/}] Result: no such window: target window already closed
from unknown error: web view not found
  (Session info: chrome=112.0.5615.138)
Build info: version: '3.141.59', revision: 'e82be7d358', time: '2018-11-14T08:17:03'
System info: host: 'VISHWAA', ip: '192.168.0.105', os.name: 'Windows 10', os.arch: 'amd64', os.version: '10.0', java.version: '1.8.0_171'
Driver info: com.qmetry.qaf.automation.ui.webdriver.QAFExtendedWebDriver
Capabilities {acceptInsecureCerts: false, browserName: chrome, browserVersion: 112.0.5615.138, chrome: {chromedriverVersion: 112.0.5615.49 (bd2a7bcb881c..., userDataDir: C:\Users\91984\AppData\Loca...}, goog:chromeOptions: {debuggerAddress: localhost:59281}, javascriptEnabled: true, networkConnectionEnabled: false, pageLoadStrategy: normal, platform: WINDOWS, platformName: WINDOWS, proxy: Proxy(), setWindowRect: true, strictFileInteractability: false, timeouts: {implicit: 0, pageLoad: 300000, script: 30000}, unhandledPromptBehavior: dismiss and notify, webauthn:extension:credBlob: true, webauthn:extension:largeBlob: true, webauthn:extension:minPinLength: true, webauthn:extension:prf: true, webauthn:virtualAuthenticators: true}
Session ID: 70be9d9f7ed9ca5f62cda24e0a445b84
[07.05.2023] [10:57:29] ERROR [[WINDOWS  112.0.5615.138]] com.qmetry.qaf.automation.step.TestStepListener (TestStepListener.java:83) - Failure Teststep: Given I am on Google Search Page
org.openqa.selenium.NoSuchWindowException: no such window: target window already closed
from unknown error: web view not found
  (Session info: chrome=112.0.5615.138)
Build info: version: '3.141.59', revision: 'e82be7d358', time: '2018-11-14T08:17:03'
System info: host: 'VISHWAA', ip: '192.168.0.105', os.name: 'Windows 10', os.arch: 'amd64', os.version: '10.0', java.version: '1.8.0_171'
Driver info: com.qmetry.qaf.automation.ui.webdriver.QAFExtendedWebDriver
Capabilities {acceptInsecureCerts: false, browserName: chrome, browserVersion: 112.0.5615.138, chrome: {chromedriverVersion: 112.0.5615.49 (bd2a7bcb881c..., userDataDir: C:\Users\91984\AppData\Loca...}, goog:chromeOptions: {debuggerAddress: localhost:59281}, javascriptEnabled: true, networkConnectionEnabled: false, pageLoadStrategy: normal, platform: WINDOWS, platformName: WINDOWS, proxy: Proxy(), setWindowRect: true, strictFileInteractability: false, timeouts: {implicit: 0, pageLoad: 300000, script: 30000}, unhandledPromptBehavior: dismiss and notify, webauthn:extension:credBlob: true, webauthn:extension:largeBlob: true, webauthn:extension:minPinLength: true, webauthn:extension:prf: true, webauthn:virtualAuthenticators: true}
Session ID: 70be9d9f7ed9ca5f62cda24e0a445b84
	at sun.reflect.GeneratedConstructorAccessor47.newInstance(Unknown Source) ~[?:?]
	at sun.reflect.DelegatingConstructorAccessorImpl.newInstance(DelegatingConstructorAccessorImpl.java:45) ~[?:1.8.0_171]
	at java.lang.reflect.Constructor.newInstance(Constructor.java:423) ~[?:1.8.0_171]
	at org.openqa.selenium.remote.http.W3CHttpResponseCodec.createException(W3CHttpResponseCodec.java:187) ~[selenium-remote-driver-3.141.59.jar:?]
	at org.openqa.selenium.remote.http.W3CHttpResponseCodec.decode(W3CHttpResponseCodec.java:122) ~[selenium-remote-driver-3.141.59.jar:?]
	at org.openqa.selenium.remote.http.W3CHttpResponseCodec.decode(W3CHttpResponseCodec.java:49) ~[selenium-remote-driver-3.141.59.jar:?]
	at org.openqa.selenium.remote.HttpCommandExecutor.execute(HttpCommandExecutor.java:158) ~[selenium-remote-driver-3.141.59.jar:?]
	at org.openqa.selenium.remote.RemoteWebDriver.execute(RemoteWebDriver.java:552) ~[selenium-remote-driver-3.141.59.jar:?]
	at com.qmetry.qaf.automation.ui.webdriver.QAFExtendedWebDriver.execute(QAFExtendedWebDriver.java:233) ~[quantum-support-1.23.0.jar:?]
	at org.openqa.selenium.remote.RemoteWebDriver.get(RemoteWebDriver.java:277) ~[selenium-remote-driver-3.141.59.jar:?]
	at com.quantum.steps.GoogleStepDefs.I_am_on_Google_Search_Page(GoogleStepDefs.java:23) ~[classes/:?]
	at sun.reflect.NativeMethodAccessorImpl.invoke0(Native Method) ~[?:1.8.0_171]
	at sun.reflect.NativeMethodAccessorImpl.invoke(NativeMethodAccessorImpl.java:62) ~[?:1.8.0_171]
	at sun.reflect.DelegatingMethodAccessorImpl.invoke(DelegatingMethodAccessorImpl.java:43) ~[?:1.8.0_171]
	at java.lang.reflect.Method.invoke(Method.java:498) ~[?:1.8.0_171]
	at com.qmetry.qaf.automation.step.JavaStep.doExecute(JavaStep.java:150) ~[qaf-3.0.0.jar:?]
	at com.qmetry.qaf.automation.step.BaseTestStep.execute(BaseTestStep.java:149) [qaf-3.0.0.jar:?]
	at com.qmetry.qaf.automation.step.StringTestStep.execute(StringTestStep.java:127) [qaf-3.0.0.jar:?]
	at com.qmetry.qaf.automation.step.client.Scenario.execute(Scenario.java:174) [qaf-3.0.0.jar:?]
	at com.qmetry.qaf.automation.step.client.DataDrivenScenario.scenario(DataDrivenScenario.java:66) [qaf-3.0.0.jar:?]
	at sun.reflect.GeneratedMethodAccessor14.invoke(Unknown Source) ~[?:?]
	at sun.reflect.DelegatingMethodAccessorImpl.invoke(DelegatingMethodAccessorImpl.java:43) ~[?:1.8.0_171]
	at java.lang.reflect.Method.invoke(Method.java:498) ~[?:1.8.0_171]
	at org.testng.internal.MethodInvocationHelper.invokeMethod(MethodInvocationHelper.java:104) [testng-6.10.jar:?]
	at org.testng.internal.Invoker.invokeMethod(Invoker.java:645) [testng-6.10.jar:?]
	at org.testng.internal.Invoker.invokeTestMethod(Invoker.java:851) [testng-6.10.jar:?]
	at org.testng.internal.Invoker.invokeTestMethods(Invoker.java:1177) [testng-6.10.jar:?]
	at org.testng.internal.TestMethodWorker.invokeTestMethods(TestMethodWorker.java:129) [testng-6.10.jar:?]
	at org.testng.internal.TestMethodWorker.run(TestMethodWorker.java:112) [testng-6.10.jar:?]
	at org.testng.TestRunner.privateRun(TestRunner.java:778) [qaf-3.0.0.jar:?]
	at org.testng.TestRunner.run(TestRunner.java:632) [qaf-3.0.0.jar:?]
	at org.testng.SuiteRunner.runTest(SuiteRunner.java:387) [testng-6.10.jar:?]
	at org.testng.SuiteRunner.access$000(SuiteRunner.java:39) [testng-6.10.jar:?]
	at org.testng.SuiteRunner$SuiteWorker.run(SuiteRunner.java:421) [testng-6.10.jar:?]
	at org.testng.internal.thread.ThreadUtil$2.call(ThreadUtil.java:64) [testng-6.10.jar:?]
	at java.util.concurrent.FutureTask.run(FutureTask.java:266) [?:1.8.0_171]
	at java.util.concurrent.ThreadPoolExecutor.runWorker(ThreadPoolExecutor.java:1149) [?:1.8.0_171]
	at java.util.concurrent.ThreadPoolExecutor$Worker.run(ThreadPoolExecutor.java:624) [?:1.8.0_171]
	at java.lang.Thread.run(Thread.java:748) [?:1.8.0_171]
[07.05.2023] [10:57:29] INFO [[WINDOWS  112.0.5615.138]] com.qmetry.qaf.automation.step.TestStepListener (TestStepListener.java:91) - Completed Teststep: Given I am on Google Search Page
[07.05.2023] [10:57:29] INFO [[WINDOWS  112.0.5615.138]] com.qmetry.qaf.automation.step.client.DataDrivenScenario (Scenario.java:223) - Competed scenario: Search Keyword CSV Data with status FAILURE
[07.05.2023] [10:57:29] INFO [[WINDOWS  112.0.5615.138]] com.qmetry.qaf.automation.ui.WebDriverCommandLogger (WebDriverCommandLogger.java:106) - Executing screenshot parameters: {}
[07.05.2023] [10:57:29] ERROR [[WINDOWS  112.0.5615.138]] com.qmetry.qaf.automation.ui.WebDriverCommandLogger (WebDriverCommandLogger.java:128) - command: screenshot[ param-1: {}] Result: no such window: target window already closed
from unknown error: web view not found
  (Session info: chrome=112.0.5615.138)
Build info: version: '3.141.59', revision: 'e82be7d358', time: '2018-11-14T08:17:03'
System info: host: 'VISHWAA', ip: '192.168.0.105', os.name: 'Windows 10', os.arch: 'amd64', os.version: '10.0', java.version: '1.8.0_171'
Driver info: com.qmetry.qaf.automation.ui.webdriver.QAFExtendedWebDriver
Capabilities {acceptInsecureCerts: false, browserName: chrome, browserVersion: 112.0.5615.138, chrome: {chromedriverVersion: 112.0.5615.49 (bd2a7bcb881c..., userDataDir: C:\Users\91984\AppData\Loca...}, goog:chromeOptions: {debuggerAddress: localhost:59281}, javascriptEnabled: true, networkConnectionEnabled: false, pageLoadStrategy: normal, platform: WINDOWS, platformName: WINDOWS, proxy: Proxy(), setWindowRect: true, strictFileInteractability: false, timeouts: {implicit: 0, pageLoad: 300000, script: 30000}, unhandledPromptBehavior: dismiss and notify, webauthn:extension:credBlob: true, webauthn:extension:largeBlob: true, webauthn:extension:minPinLength: true, webauthn:extension:prf: true, webauthn:virtualAuthenticators: true}
Session ID: 70be9d9f7ed9ca5f62cda24e0a445b84
[07.05.2023] [10:57:29] INFO [[WINDOWS  112.0.5615.138]] com.qmetry.qaf.automation.step.client.DataDrivenScenario (Scenario.java:284) - 

Executing scenario: Search Keyword CSV Data - 
[07.05.2023] [10:57:29] INFO [[WINDOWS  112.0.5615.138]] com.qmetry.qaf.automation.step.client.DataDrivenScenario (DataDrivenScenario.java:60) - Test Data{searchKey=perfecto mobile quantum, searchResult=perfecto, __index=2}
[07.05.2023] [10:57:29] INFO [[WINDOWS  112.0.5615.138]] com.qmetry.qaf.automation.step.TestStepListener (TestStepListener.java:71) - Invoking Teststep: Given I am on Google Search Page
[07.05.2023] [10:57:29] INFO [[WINDOWS  112.0.5615.138]] com.qmetry.qaf.automation.ui.WebDriverCommandLogger (WebDriverCommandLogger.java:106) - Executing get parameters: {"url":"https://www.google.com/"}
[07.05.2023] [10:57:29] ERROR [[WINDOWS  112.0.5615.138]] com.qmetry.qaf.automation.ui.WebDriverCommandLogger (WebDriverCommandLogger.java:128) - command: get[ param-1: {url=https://www.google.com/}] Result: no such window: target window already closed
from unknown error: web view not found
  (Session info: chrome=112.0.5615.138)
Build info: version: '3.141.59', revision: 'e82be7d358', time: '2018-11-14T08:17:03'
System info: host: 'VISHWAA', ip: '192.168.0.105', os.name: 'Windows 10', os.arch: 'amd64', os.version: '10.0', java.version: '1.8.0_171'
Driver info: com.qmetry.qaf.automation.ui.webdriver.QAFExtendedWebDriver
Capabilities {acceptInsecureCerts: false, browserName: chrome, browserVersion: 112.0.5615.138, chrome: {chromedriverVersion: 112.0.5615.49 (bd2a7bcb881c..., userDataDir: C:\Users\91984\AppData\Loca...}, goog:chromeOptions: {debuggerAddress: localhost:59281}, javascriptEnabled: true, networkConnectionEnabled: false, pageLoadStrategy: normal, platform: WINDOWS, platformName: WINDOWS, proxy: Proxy(), setWindowRect: true, strictFileInteractability: false, timeouts: {implicit: 0, pageLoad: 300000, script: 30000}, unhandledPromptBehavior: dismiss and notify, webauthn:extension:credBlob: true, webauthn:extension:largeBlob: true, webauthn:extension:minPinLength: true, webauthn:extension:prf: true, webauthn:virtualAuthenticators: true}
Session ID: 70be9d9f7ed9ca5f62cda24e0a445b84
[07.05.2023] [10:57:29] ERROR [[WINDOWS  112.0.5615.138]] com.qmetry.qaf.automation.step.TestStepListener (TestStepListener.java:83) - Failure Teststep: Given I am on Google Search Page
org.openqa.selenium.NoSuchWindowException: no such window: target window already closed
from unknown error: web view not found
  (Session info: chrome=112.0.5615.138)
Build info: version: '3.141.59', revision: 'e82be7d358', time: '2018-11-14T08:17:03'
System info: host: 'VISHWAA', ip: '192.168.0.105', os.name: 'Windows 10', os.arch: 'amd64', os.version: '10.0', java.version: '1.8.0_171'
Driver info: com.qmetry.qaf.automation.ui.webdriver.QAFExtendedWebDriver
Capabilities {acceptInsecureCerts: false, browserName: chrome, browserVersion: 112.0.5615.138, chrome: {chromedriverVersion: 112.0.5615.49 (bd2a7bcb881c..., userDataDir: C:\Users\91984\AppData\Loca...}, goog:chromeOptions: {debuggerAddress: localhost:59281}, javascriptEnabled: true, networkConnectionEnabled: false, pageLoadStrategy: normal, platform: WINDOWS, platformName: WINDOWS, proxy: Proxy(), setWindowRect: true, strictFileInteractability: false, timeouts: {implicit: 0, pageLoad: 300000, script: 30000}, unhandledPromptBehavior: dismiss and notify, webauthn:extension:credBlob: true, webauthn:extension:largeBlob: true, webauthn:extension:minPinLength: true, webauthn:extension:prf: true, webauthn:virtualAuthenticators: true}
Session ID: 70be9d9f7ed9ca5f62cda24e0a445b84
	at sun.reflect.GeneratedConstructorAccessor47.newInstance(Unknown Source) ~[?:?]
	at sun.reflect.DelegatingConstructorAccessorImpl.newInstance(DelegatingConstructorAccessorImpl.java:45) ~[?:1.8.0_171]
	at java.lang.reflect.Constructor.newInstance(Constructor.java:423) ~[?:1.8.0_171]
	at org.openqa.selenium.remote.http.W3CHttpResponseCodec.createException(W3CHttpResponseCodec.java:187) ~[selenium-remote-driver-3.141.59.jar:?]
	at org.openqa.selenium.remote.http.W3CHttpResponseCodec.decode(W3CHttpResponseCodec.java:122) ~[selenium-remote-driver-3.141.59.jar:?]
	at org.openqa.selenium.remote.http.W3CHttpResponseCodec.decode(W3CHttpResponseCodec.java:49) ~[selenium-remote-driver-3.141.59.jar:?]
	at org.openqa.selenium.remote.HttpCommandExecutor.execute(HttpCommandExecutor.java:158) ~[selenium-remote-driver-3.141.59.jar:?]
	at org.openqa.selenium.remote.RemoteWebDriver.execute(RemoteWebDriver.java:552) ~[selenium-remote-driver-3.141.59.jar:?]
	at com.qmetry.qaf.automation.ui.webdriver.QAFExtendedWebDriver.execute(QAFExtendedWebDriver.java:233) ~[quantum-support-1.23.0.jar:?]
	at org.openqa.selenium.remote.RemoteWebDriver.get(RemoteWebDriver.java:277) ~[selenium-remote-driver-3.141.59.jar:?]
	at com.quantum.steps.GoogleStepDefs.I_am_on_Google_Search_Page(GoogleStepDefs.java:23) ~[classes/:?]
	at sun.reflect.NativeMethodAccessorImpl.invoke0(Native Method) ~[?:1.8.0_171]
	at sun.reflect.NativeMethodAccessorImpl.invoke(NativeMethodAccessorImpl.java:62) ~[?:1.8.0_171]
	at sun.reflect.DelegatingMethodAccessorImpl.invoke(DelegatingMethodAccessorImpl.java:43) ~[?:1.8.0_171]
	at java.lang.reflect.Method.invoke(Method.java:498) ~[?:1.8.0_171]
	at com.qmetry.qaf.automation.step.JavaStep.doExecute(JavaStep.java:150) ~[qaf-3.0.0.jar:?]
	at com.qmetry.qaf.automation.step.BaseTestStep.execute(BaseTestStep.java:149) [qaf-3.0.0.jar:?]
	at com.qmetry.qaf.automation.step.StringTestStep.execute(StringTestStep.java:127) [qaf-3.0.0.jar:?]
	at com.qmetry.qaf.automation.step.client.Scenario.execute(Scenario.java:174) [qaf-3.0.0.jar:?]
	at com.qmetry.qaf.automation.step.client.DataDrivenScenario.scenario(DataDrivenScenario.java:66) [qaf-3.0.0.jar:?]
	at sun.reflect.GeneratedMethodAccessor14.invoke(Unknown Source) ~[?:?]
	at sun.reflect.DelegatingMethodAccessorImpl.invoke(DelegatingMethodAccessorImpl.java:43) ~[?:1.8.0_171]
	at java.lang.reflect.Method.invoke(Method.java:498) ~[?:1.8.0_171]
	at org.testng.internal.MethodInvocationHelper.invokeMethod(MethodInvocationHelper.java:104) [testng-6.10.jar:?]
	at org.testng.internal.Invoker.invokeMethod(Invoker.java:645) [testng-6.10.jar:?]
	at org.testng.internal.Invoker.invokeTestMethod(Invoker.java:851) [testng-6.10.jar:?]
	at org.testng.internal.Invoker.invokeTestMethods(Invoker.java:1177) [testng-6.10.jar:?]
	at org.testng.internal.TestMethodWorker.invokeTestMethods(TestMethodWorker.java:129) [testng-6.10.jar:?]
	at org.testng.internal.TestMethodWorker.run(TestMethodWorker.java:112) [testng-6.10.jar:?]
	at org.testng.TestRunner.privateRun(TestRunner.java:778) [qaf-3.0.0.jar:?]
	at org.testng.TestRunner.run(TestRunner.java:632) [qaf-3.0.0.jar:?]
	at org.testng.SuiteRunner.runTest(SuiteRunner.java:387) [testng-6.10.jar:?]
	at org.testng.SuiteRunner.access$000(SuiteRunner.java:39) [testng-6.10.jar:?]
	at org.testng.SuiteRunner$SuiteWorker.run(SuiteRunner.java:421) [testng-6.10.jar:?]
	at org.testng.internal.thread.ThreadUtil$2.call(ThreadUtil.java:64) [testng-6.10.jar:?]
	at java.util.concurrent.FutureTask.run(FutureTask.java:266) [?:1.8.0_171]
	at java.util.concurrent.ThreadPoolExecutor.runWorker(ThreadPoolExecutor.java:1149) [?:1.8.0_171]
	at java.util.concurrent.ThreadPoolExecutor$Worker.run(ThreadPoolExecutor.java:624) [?:1.8.0_171]
	at java.lang.Thread.run(Thread.java:748) [?:1.8.0_171]
[07.05.2023] [10:57:29] INFO [[WINDOWS  112.0.5615.138]] com.qmetry.qaf.automation.step.TestStepListener (TestStepListener.java:91) - Completed Teststep: Given I am on Google Search Page
[07.05.2023] [10:57:29] INFO [[WINDOWS  112.0.5615.138]] com.qmetry.qaf.automation.step.client.DataDrivenScenario (Scenario.java:223) - Competed scenario: Search Keyword CSV Data with status FAILURE
[07.05.2023] [10:57:29] INFO [[WINDOWS  112.0.5615.138]] com.qmetry.qaf.automation.ui.WebDriverCommandLogger (WebDriverCommandLogger.java:106) - Executing screenshot parameters: {}
[07.05.2023] [10:57:29] ERROR [[WINDOWS  112.0.5615.138]] com.qmetry.qaf.automation.ui.WebDriverCommandLogger (WebDriverCommandLogger.java:128) - command: screenshot[ param-1: {}] Result: no such window: target window already closed
from unknown error: web view not found
  (Session info: chrome=112.0.5615.138)
Build info: version: '3.141.59', revision: 'e82be7d358', time: '2018-11-14T08:17:03'
System info: host: 'VISHWAA', ip: '192.168.0.105', os.name: 'Windows 10', os.arch: 'amd64', os.version: '10.0', java.version: '1.8.0_171'
Driver info: com.qmetry.qaf.automation.ui.webdriver.QAFExtendedWebDriver
Capabilities {acceptInsecureCerts: false, browserName: chrome, browserVersion: 112.0.5615.138, chrome: {chromedriverVersion: 112.0.5615.49 (bd2a7bcb881c..., userDataDir: C:\Users\91984\AppData\Loca...}, goog:chromeOptions: {debuggerAddress: localhost:59281}, javascriptEnabled: true, networkConnectionEnabled: false, pageLoadStrategy: normal, platform: WINDOWS, platformName: WINDOWS, proxy: Proxy(), setWindowRect: true, strictFileInteractability: false, timeouts: {implicit: 0, pageLoad: 300000, script: 30000}, unhandledPromptBehavior: dismiss and notify, webauthn:extension:credBlob: true, webauthn:extension:largeBlob: true, webauthn:extension:minPinLength: true, webauthn:extension:prf: true, webauthn:virtualAuthenticators: true}
Session ID: 70be9d9f7ed9ca5f62cda24e0a445b84
[07.05.2023] [10:57:29] INFO [[WINDOWS  112.0.5615.138]] com.qmetry.qaf.automation.step.client.DataDrivenScenario (Scenario.java:284) - 

Executing scenario: Search Quantum data table - 
[07.05.2023] [10:57:29] INFO [[WINDOWS  112.0.5615.138]] com.qmetry.qaf.automation.step.client.DataDrivenScenario (DataDrivenScenario.java:60) - Test Data{recId=1, recDescription=First Data Set, searchKey=perfecto mobile quantum, searchResult=perfecto, __index=1}
[07.05.2023] [10:57:29] INFO [[WINDOWS  112.0.5615.138]] com.qmetry.qaf.automation.step.TestStepListener (TestStepListener.java:71) - Invoking Teststep: Given I am on Google Search Page
[07.05.2023] [10:57:29] INFO [[WINDOWS  112.0.5615.138]] com.qmetry.qaf.automation.ui.WebDriverCommandLogger (WebDriverCommandLogger.java:106) - Executing get parameters: {"url":"https://www.google.com/"}
[07.05.2023] [10:57:29] ERROR [[WINDOWS  112.0.5615.138]] com.qmetry.qaf.automation.ui.WebDriverCommandLogger (WebDriverCommandLogger.java:128) - command: get[ param-1: {url=https://www.google.com/}] Result: no such window: target window already closed
from unknown error: web view not found
  (Session info: chrome=112.0.5615.138)
Build info: version: '3.141.59', revision: 'e82be7d358', time: '2018-11-14T08:17:03'
System info: host: 'VISHWAA', ip: '192.168.0.105', os.name: 'Windows 10', os.arch: 'amd64', os.version: '10.0', java.version: '1.8.0_171'
Driver info: com.qmetry.qaf.automation.ui.webdriver.QAFExtendedWebDriver
Capabilities {acceptInsecureCerts: false, browserName: chrome, browserVersion: 112.0.5615.138, chrome: {chromedriverVersion: 112.0.5615.49 (bd2a7bcb881c..., userDataDir: C:\Users\91984\AppData\Loca...}, goog:chromeOptions: {debuggerAddress: localhost:59281}, javascriptEnabled: true, networkConnectionEnabled: false, pageLoadStrategy: normal, platform: WINDOWS, platformName: WINDOWS, proxy: Proxy(), setWindowRect: true, strictFileInteractability: false, timeouts: {implicit: 0, pageLoad: 300000, script: 30000}, unhandledPromptBehavior: dismiss and notify, webauthn:extension:credBlob: true, webauthn:extension:largeBlob: true, webauthn:extension:minPinLength: true, webauthn:extension:prf: true, webauthn:virtualAuthenticators: true}
Session ID: 70be9d9f7ed9ca5f62cda24e0a445b84
[07.05.2023] [10:57:29] ERROR [[WINDOWS  112.0.5615.138]] com.qmetry.qaf.automation.step.TestStepListener (TestStepListener.java:83) - Failure Teststep: Given I am on Google Search Page
org.openqa.selenium.NoSuchWindowException: no such window: target window already closed
from unknown error: web view not found
  (Session info: chrome=112.0.5615.138)
Build info: version: '3.141.59', revision: 'e82be7d358', time: '2018-11-14T08:17:03'
System info: host: 'VISHWAA', ip: '192.168.0.105', os.name: 'Windows 10', os.arch: 'amd64', os.version: '10.0', java.version: '1.8.0_171'
Driver info: com.qmetry.qaf.automation.ui.webdriver.QAFExtendedWebDriver
Capabilities {acceptInsecureCerts: false, browserName: chrome, browserVersion: 112.0.5615.138, chrome: {chromedriverVersion: 112.0.5615.49 (bd2a7bcb881c..., userDataDir: C:\Users\91984\AppData\Loca...}, goog:chromeOptions: {debuggerAddress: localhost:59281}, javascriptEnabled: true, networkConnectionEnabled: false, pageLoadStrategy: normal, platform: WINDOWS, platformName: WINDOWS, proxy: Proxy(), setWindowRect: true, strictFileInteractability: false, timeouts: {implicit: 0, pageLoad: 300000, script: 30000}, unhandledPromptBehavior: dismiss and notify, webauthn:extension:credBlob: true, webauthn:extension:largeBlob: true, webauthn:extension:minPinLength: true, webauthn:extension:prf: true, webauthn:virtualAuthenticators: true}
Session ID: 70be9d9f7ed9ca5f62cda24e0a445b84
	at sun.reflect.GeneratedConstructorAccessor47.newInstance(Unknown Source) ~[?:?]
	at sun.reflect.DelegatingConstructorAccessorImpl.newInstance(DelegatingConstructorAccessorImpl.java:45) ~[?:1.8.0_171]
	at java.lang.reflect.Constructor.newInstance(Constructor.java:423) ~[?:1.8.0_171]
	at org.openqa.selenium.remote.http.W3CHttpResponseCodec.createException(W3CHttpResponseCodec.java:187) ~[selenium-remote-driver-3.141.59.jar:?]
	at org.openqa.selenium.remote.http.W3CHttpResponseCodec.decode(W3CHttpResponseCodec.java:122) ~[selenium-remote-driver-3.141.59.jar:?]
	at org.openqa.selenium.remote.http.W3CHttpResponseCodec.decode(W3CHttpResponseCodec.java:49) ~[selenium-remote-driver-3.141.59.jar:?]
	at org.openqa.selenium.remote.HttpCommandExecutor.execute(HttpCommandExecutor.java:158) ~[selenium-remote-driver-3.141.59.jar:?]
	at org.openqa.selenium.remote.RemoteWebDriver.execute(RemoteWebDriver.java:552) ~[selenium-remote-driver-3.141.59.jar:?]
	at com.qmetry.qaf.automation.ui.webdriver.QAFExtendedWebDriver.execute(QAFExtendedWebDriver.java:233) ~[quantum-support-1.23.0.jar:?]
	at org.openqa.selenium.remote.RemoteWebDriver.get(RemoteWebDriver.java:277) ~[selenium-remote-driver-3.141.59.jar:?]
	at com.quantum.steps.GoogleStepDefs.I_am_on_Google_Search_Page(GoogleStepDefs.java:23) ~[classes/:?]
	at sun.reflect.NativeMethodAccessorImpl.invoke0(Native Method) ~[?:1.8.0_171]
	at sun.reflect.NativeMethodAccessorImpl.invoke(NativeMethodAccessorImpl.java:62) ~[?:1.8.0_171]
	at sun.reflect.DelegatingMethodAccessorImpl.invoke(DelegatingMethodAccessorImpl.java:43) ~[?:1.8.0_171]
	at java.lang.reflect.Method.invoke(Method.java:498) ~[?:1.8.0_171]
	at com.qmetry.qaf.automation.step.JavaStep.doExecute(JavaStep.java:150) ~[qaf-3.0.0.jar:?]
	at com.qmetry.qaf.automation.step.BaseTestStep.execute(BaseTestStep.java:149) [qaf-3.0.0.jar:?]
	at com.qmetry.qaf.automation.step.StringTestStep.execute(StringTestStep.java:127) [qaf-3.0.0.jar:?]
	at com.qmetry.qaf.automation.step.client.Scenario.execute(Scenario.java:174) [qaf-3.0.0.jar:?]
	at com.qmetry.qaf.automation.step.client.DataDrivenScenario.scenario(DataDrivenScenario.java:66) [qaf-3.0.0.jar:?]
	at sun.reflect.GeneratedMethodAccessor14.invoke(Unknown Source) ~[?:?]
	at sun.reflect.DelegatingMethodAccessorImpl.invoke(DelegatingMethodAccessorImpl.java:43) ~[?:1.8.0_171]
	at java.lang.reflect.Method.invoke(Method.java:498) ~[?:1.8.0_171]
	at org.testng.internal.MethodInvocationHelper.invokeMethod(MethodInvocationHelper.java:104) [testng-6.10.jar:?]
	at org.testng.internal.Invoker.invokeMethod(Invoker.java:645) [testng-6.10.jar:?]
	at org.testng.internal.Invoker.invokeTestMethod(Invoker.java:851) [testng-6.10.jar:?]
	at org.testng.internal.Invoker.invokeTestMethods(Invoker.java:1177) [testng-6.10.jar:?]
	at org.testng.internal.TestMethodWorker.invokeTestMethods(TestMethodWorker.java:129) [testng-6.10.jar:?]
	at org.testng.internal.TestMethodWorker.run(TestMethodWorker.java:112) [testng-6.10.jar:?]
	at org.testng.TestRunner.privateRun(TestRunner.java:778) [qaf-3.0.0.jar:?]
	at org.testng.TestRunner.run(TestRunner.java:632) [qaf-3.0.0.jar:?]
	at org.testng.SuiteRunner.runTest(SuiteRunner.java:387) [testng-6.10.jar:?]
	at org.testng.SuiteRunner.access$000(SuiteRunner.java:39) [testng-6.10.jar:?]
	at org.testng.SuiteRunner$SuiteWorker.run(SuiteRunner.java:421) [testng-6.10.jar:?]
	at org.testng.internal.thread.ThreadUtil$2.call(ThreadUtil.java:64) [testng-6.10.jar:?]
	at java.util.concurrent.FutureTask.run(FutureTask.java:266) [?:1.8.0_171]
	at java.util.concurrent.ThreadPoolExecutor.runWorker(ThreadPoolExecutor.java:1149) [?:1.8.0_171]
	at java.util.concurrent.ThreadPoolExecutor$Worker.run(ThreadPoolExecutor.java:624) [?:1.8.0_171]
	at java.lang.Thread.run(Thread.java:748) [?:1.8.0_171]
[07.05.2023] [10:57:29] INFO [[WINDOWS  112.0.5615.138]] com.qmetry.qaf.automation.step.TestStepListener (TestStepListener.java:91) - Completed Teststep: Given I am on Google Search Page
[07.05.2023] [10:57:29] INFO [[WINDOWS  112.0.5615.138]] com.qmetry.qaf.automation.step.client.DataDrivenScenario (Scenario.java:223) - Competed scenario: Search Quantum data table with status FAILURE
[07.05.2023] [10:57:29] INFO [[WINDOWS  112.0.5615.138]] com.qmetry.qaf.automation.ui.WebDriverCommandLogger (WebDriverCommandLogger.java:106) - Executing screenshot parameters: {}
[07.05.2023] [10:57:29] ERROR [[WINDOWS  112.0.5615.138]] com.qmetry.qaf.automation.ui.WebDriverCommandLogger (WebDriverCommandLogger.java:128) - command: screenshot[ param-1: {}] Result: no such window: target window already closed
from unknown error: web view not found
  (Session info: chrome=112.0.5615.138)
Build info: version: '3.141.59', revision: 'e82be7d358', time: '2018-11-14T08:17:03'
System info: host: 'VISHWAA', ip: '192.168.0.105', os.name: 'Windows 10', os.arch: 'amd64', os.version: '10.0', java.version: '1.8.0_171'
Driver info: com.qmetry.qaf.automation.ui.webdriver.QAFExtendedWebDriver
Capabilities {acceptInsecureCerts: false, browserName: chrome, browserVersion: 112.0.5615.138, chrome: {chromedriverVersion: 112.0.5615.49 (bd2a7bcb881c..., userDataDir: C:\Users\91984\AppData\Loca...}, goog:chromeOptions: {debuggerAddress: localhost:59281}, javascriptEnabled: true, networkConnectionEnabled: false, pageLoadStrategy: normal, platform: WINDOWS, platformName: WINDOWS, proxy: Proxy(), setWindowRect: true, strictFileInteractability: false, timeouts: {implicit: 0, pageLoad: 300000, script: 30000}, unhandledPromptBehavior: dismiss and notify, webauthn:extension:credBlob: true, webauthn:extension:largeBlob: true, webauthn:extension:minPinLength: true, webauthn:extension:prf: true, webauthn:virtualAuthenticators: true}
Session ID: 70be9d9f7ed9ca5f62cda24e0a445b84
[07.05.2023] [10:57:29] INFO [[WINDOWS  112.0.5615.138]] com.qmetry.qaf.automation.ui.WebDriverCommandLogger (WebDriverCommandLogger.java:106) - Executing quit parameters: {}
[07.05.2023] [10:57:29] INFO [[WINDOWS  112.0.5615.138]] com.qmetry.qaf.automation.ui.WebDriverCommandLogger (WebDriverCommandLogger.java:86) - command: quit[ param-1: {}] Result: null
[07.05.2023] [10:57:29] INFO [[WINDOWS  112.0.5615.138]] com.qmetry.qaf.automation.ui.UiDriverFactory (UiDriverFactory.java:103) - UI-driver tear down complete...
[07.05.2023] [10:57:29] INFO [main] com.qmetry.qaf.automation.testng.pro.QAFSuiteListener (QAFTestNGListener.java:91) - Unable to create testng-failed-qas.xml
[07.05.2023] [10:57:29] INFO [Thread-1] com.qmetry.qaf.automation.ui.webdriver.ChromeDriverHelper (ChromeDriverHelper.java:62) - Stopping chrome driver service.
